<?xml version="1.0" encoding="utf-8"?><testsuites name="pytest tests"><testsuite name="pytest" errors="0" failures="0" skipped="0" tests="17" time="1.378" timestamp="2026-01-20T03:17:28.010309+00:00" hostname="agent-env-656d174e-8dc4-42f3-9999-50e4ad2aafea"><testcase classname="tests.test_advanced_dashboard.TestAdvancedDashboardAccess" name="test_advanced_dashboard_requires_auth" time="0.056" /><testcase classname="tests.test_advanced_dashboard.TestAdvancedDashboardAccess" name="test_free_user_gets_403" time="0.298" /><testcase classname="tests.test_advanced_dashboard.TestAdvancedDashboardAccess" name="test_pro_user_gets_200" time="0.299" /><testcase classname="tests.test_advanced_dashboard.TestAdvancedDashboardContent" name="test_dashboard_level_and_flags" time="0.041" /><testcase classname="tests.test_advanced_dashboard.TestAdvancedDashboardContent" name="test_performance_metrics" time="0.043" /><testcase classname="tests.test_advanced_dashboard.TestAdvancedDashboardContent" name="test_priority_queue_position" time="0.044" /><testcase classname="tests.test_advanced_dashboard.TestAdvancedDashboardContent" name="test_monthly_trends" time="0.039" /><testcase classname="tests.test_advanced_dashboard.TestAdvancedDashboardContent" name="test_status_breakdown" time="0.040" /><testcase classname="tests.test_advanced_dashboard.TestAdvancedDashboardContent" name="test_complexity_distribution" time="0.044" /><testcase classname="tests.test_advanced_dashboard.TestAdvancedDashboardContent" name="test_arris_activity" time="0.043" /><testcase classname="tests.test_advanced_dashboard.TestAdvancedDashboardContent" name="test_insights_summary" time="0.041" /><testcase classname="tests.test_advanced_dashboard.TestFeatureGatingIntegration" name="test_free_user_has_basic_dashboard_level" time="0.033" /><testcase classname="tests.test_advanced_dashboard.TestFeatureGatingIntegration" name="test_pro_user_has_advanced_dashboard_level" time="0.038" /><testcase classname="tests.test_advanced_dashboard.TestFeatureGatingIntegration" name="test_dashboard_level_matches_feature_access" time="0.100" /><testcase classname="tests.test_advanced_dashboard.TestProUserDataIntegrity" name="test_pro_user_has_proposals" time="0.041" /><testcase classname="tests.test_advanced_dashboard.TestProUserDataIntegrity" name="test_pro_user_has_arris_logs" time="0.043" /><testcase classname="tests.test_advanced_dashboard.TestProUserDataIntegrity" name="test_approval_rate_calculation" time="0.041" /></testsuite></testsuites>