<?xml version="1.0" encoding="utf-8"?><testsuites name="pytest tests"><testsuite name="pytest" errors="0" failures="0" skipped="0" tests="17" time="7.734" timestamp="2026-01-20T20:15:26.089889+00:00" hostname="agent-env-f0c734eb-affc-47f6-8015-f65a9021b844"><testcase classname="tests.test_arris_voice.TestArrisVoiceFeature" name="test_voice_status_requires_auth" time="0.063" /><testcase classname="tests.test_arris_voice.TestArrisVoiceFeature" name="test_voice_status_premium_user_enabled" time="0.339" /><testcase classname="tests.test_arris_voice.TestArrisVoiceFeature" name="test_voice_status_pro_user_disabled" time="0.299" /><testcase classname="tests.test_arris_voice.TestArrisVoiceFeature" name="test_voice_speak_requires_auth" time="0.038" /><testcase classname="tests.test_arris_voice.TestArrisVoiceFeature" name="test_voice_speak_pro_user_forbidden" time="0.296" /><testcase classname="tests.test_arris_voice.TestArrisVoiceFeature" name="test_voice_speak_premium_user_success" time="2.963" /><testcase classname="tests.test_arris_voice.TestArrisVoiceFeature" name="test_voice_speak_invalid_voice" time="0.298" /><testcase classname="tests.test_arris_voice.TestArrisVoiceFeature" name="test_voice_speak_invalid_format" time="0.339" /><testcase classname="tests.test_arris_voice.TestArrisVoiceFeature" name="test_voice_transcribe_requires_auth" time="0.035" /><testcase classname="tests.test_arris_voice.TestArrisVoiceFeature" name="test_voice_transcribe_pro_user_forbidden" time="0.303" /><testcase classname="tests.test_arris_voice.TestArrisVoiceFeature" name="test_voice_query_requires_auth" time="0.036" /><testcase classname="tests.test_arris_voice.TestArrisVoiceFeature" name="test_voice_query_pro_user_forbidden" time="0.376" /><testcase classname="tests.test_arris_voice.TestArrisVoiceFeature" name="test_voices_list_requires_auth" time="0.036" /><testcase classname="tests.test_arris_voice.TestArrisVoiceFeature" name="test_voices_list_available_to_all_authenticated" time="0.299" /><testcase classname="tests.test_arris_voice.TestArrisVoiceFeature" name="test_voices_list_premium_user" time="0.297" /><testcase classname="tests.test_arris_voice.TestArrisVoiceFeatureGating" name="test_feature_gating_consistency" time="0.369" /><testcase classname="tests.test_arris_voice.TestArrisVoiceFeatureGating" name="test_premium_user_has_full_access" time="1.292" /></testsuite></testsuites>