<?xml version="1.0" encoding="utf-8"?><testsuites name="pytest tests"><testsuite name="pytest" errors="0" failures="0" skipped="0" tests="25" time="2.321" timestamp="2026-01-20T19:23:28.137443+00:00" hostname="agent-env-221a8416-4115-48f2-b40c-76e12b536768"><testcase classname="tests.test_arris_historical_learning.TestArrisHistoricalLearning" name="test_learning_snapshot_requires_auth" time="0.064" /><testcase classname="tests.test_arris_historical_learning.TestArrisHistoricalLearning" name="test_learning_snapshot_pro_user" time="0.304" /><testcase classname="tests.test_arris_historical_learning.TestArrisHistoricalLearning" name="test_learning_snapshot_premium_user" time="0.296" /><testcase classname="tests.test_arris_historical_learning.TestArrisHistoricalLearning" name="test_learning_snapshot_health_score_structure" time="0.040" /><testcase classname="tests.test_arris_historical_learning.TestArrisHistoricalLearning" name="test_learning_snapshot_learning_metrics_structure" time="0.041" /><testcase classname="tests.test_arris_historical_learning.TestArrisHistoricalLearning" name="test_learning_snapshot_memory_summary_structure" time="0.041" /><testcase classname="tests.test_arris_historical_learning.TestArrisHistoricalLearning" name="test_learning_timeline_requires_auth" time="0.034" /><testcase classname="tests.test_arris_historical_learning.TestArrisHistoricalLearning" name="test_learning_timeline_pro_user_forbidden" time="0.038" /><testcase classname="tests.test_arris_historical_learning.TestArrisHistoricalLearning" name="test_learning_timeline_premium_user" time="0.039" /><testcase classname="tests.test_arris_historical_learning.TestArrisHistoricalLearning" name="test_learning_timeline_date_range_param" time="0.190" /><testcase classname="tests.test_arris_historical_learning.TestArrisHistoricalLearning" name="test_learning_comparison_requires_auth" time="0.035" /><testcase classname="tests.test_arris_historical_learning.TestArrisHistoricalLearning" name="test_learning_comparison_pro_user_forbidden" time="0.034" /><testcase classname="tests.test_arris_historical_learning.TestArrisHistoricalLearning" name="test_learning_comparison_premium_user" time="0.042" /><testcase classname="tests.test_arris_historical_learning.TestArrisHistoricalLearning" name="test_learning_comparison_period_params" time="0.039" /><testcase classname="tests.test_arris_historical_learning.TestArrisHistoricalLearning" name="test_growth_chart_requires_auth" time="0.038" /><testcase classname="tests.test_arris_historical_learning.TestArrisHistoricalLearning" name="test_growth_chart_pro_user_forbidden" time="0.076" /><testcase classname="tests.test_arris_historical_learning.TestArrisHistoricalLearning" name="test_growth_chart_premium_user" time="0.035" /><testcase classname="tests.test_arris_historical_learning.TestArrisHistoricalLearning" name="test_growth_chart_metric_params" time="0.144" /><testcase classname="tests.test_arris_historical_learning.TestArrisHistoricalLearning" name="test_growth_chart_granularity_params" time="0.141" /><testcase classname="tests.test_arris_historical_learning.TestArrisHistoricalLearning" name="test_milestones_requires_auth" time="0.033" /><testcase classname="tests.test_arris_historical_learning.TestArrisHistoricalLearning" name="test_milestones_pro_user" time="0.035" /><testcase classname="tests.test_arris_historical_learning.TestArrisHistoricalLearning" name="test_milestones_premium_user" time="0.035" /><testcase classname="tests.test_arris_historical_learning.TestArrisHistoricalLearningDataIntegrity" name="test_snapshot_and_milestones_consistency" time="0.331" /><testcase classname="tests.test_arris_historical_learning.TestArrisHistoricalLearningDataIntegrity" name="test_timeline_and_comparison_consistency" time="0.082" /><testcase classname="tests.test_arris_historical_learning.TestArrisHistoricalLearningDataIntegrity" name="test_health_score_calculation" time="0.037" /></testsuite></testsuites>