<?xml version="1.0" encoding="utf-8"?><testsuites name="pytest tests"><testsuite name="pytest" errors="0" failures="0" skipped="0" tests="15" time="18.023" timestamp="2026-01-20T03:32:14.698695+00:00" hostname="agent-env-656d174e-8dc4-42f3-9999-50e4ad2aafea"><testcase classname="tests.test_arris_processing_speed.TestARRISQueueStats" name="test_queue_stats_requires_auth" time="0.060" /><testcase classname="tests.test_arris_processing_speed.TestARRISQueueStats" name="test_queue_stats_returns_data" time="0.295" /><testcase classname="tests.test_arris_processing_speed.TestMyProcessingSpeed" name="test_processing_speed_requires_auth" time="0.032" /><testcase classname="tests.test_arris_processing_speed.TestMyProcessingSpeed" name="test_pro_user_gets_standard_speed" time="0.300" /><testcase classname="tests.test_arris_processing_speed.TestMyProcessingSpeed" name="test_premium_user_gets_fast_speed" time="0.296" /><testcase classname="tests.test_arris_processing_speed.TestMyProcessingSpeed" name="test_free_user_gets_standard_speed" time="0.303" /><testcase classname="tests.test_arris_processing_speed.TestMyProcessingSpeed" name="test_processing_speed_response_structure" time="0.293" /><testcase classname="tests.test_arris_processing_speed.TestFeatureGatingProcessingSpeed" name="test_feature_access_includes_processing_speed" time="0.298" /><testcase classname="tests.test_arris_processing_speed.TestFeatureGatingProcessingSpeed" name="test_pro_tier_has_standard_in_features" time="0.326" /><testcase classname="tests.test_arris_processing_speed.TestFeatureGatingProcessingSpeed" name="test_premium_tier_has_fast_in_features" time="0.298" /><testcase classname="tests.test_arris_processing_speed.TestARRISInsightsProcessingFields" name="test_submit_proposal_includes_processing_fields" time="7.425" /><testcase classname="tests.test_arris_processing_speed.TestARRISInsightsProcessingFields" name="test_premium_user_proposal_has_priority_processed_true" time="7.916" /><testcase classname="tests.test_arris_processing_speed.TestSubscriptionPlansShowFastProcessing" name="test_plans_endpoint_returns_processing_speed" time="0.059" /><testcase classname="tests.test_arris_processing_speed.TestSubscriptionPlansShowFastProcessing" name="test_premium_plan_has_fast_processing_feature" time="0.030" /><testcase classname="tests.test_arris_processing_speed.TestSubscriptionPlansShowFastProcessing" name="test_elite_plan_has_fast_processing_feature" time="0.036" /></testsuite></testsuites>