<?xml version="1.0" encoding="utf-8"?><testsuites name="pytest tests"><testsuite name="pytest" errors="0" failures="0" skipped="0" tests="39" time="5.143" timestamp="2026-01-20T04:14:55.520517+00:00" hostname="agent-env-656d174e-8dc4-42f3-9999-50e4ad2aafea"><testcase classname="tests.test_arris_memory.TestArrisMemorySetup" name="test_elite_user_login" time="0.285" /><testcase classname="tests.test_arris_memory.TestArrisMemorySetup" name="test_premium_user_login" time="0.257" /><testcase classname="tests.test_arris_memory.TestMemoryPalaceStatus" name="test_memory_palace_status_requires_auth" time="0.038" /><testcase classname="tests.test_arris_memory.TestMemoryPalaceStatus" name="test_memory_palace_status_returns_comprehensive_data" time="0.305" /><testcase classname="tests.test_arris_memory.TestMemoryStore" name="test_store_memory_requires_auth" time="0.038" /><testcase classname="tests.test_arris_memory.TestMemoryStore" name="test_store_memory_requires_type_and_content" time="0.324" /><testcase classname="tests.test_arris_memory.TestMemoryStore" name="test_store_interaction_memory" time="0.046" /><testcase classname="tests.test_arris_memory.TestMemoryStore" name="test_store_preference_memory" time="0.040" /><testcase classname="tests.test_arris_memory.TestMemoryStore" name="test_store_feedback_memory" time="0.035" /><testcase classname="tests.test_arris_memory.TestMemoryStore" name="test_importance_clamped_to_valid_range" time="0.110" /><testcase classname="tests.test_arris_memory.TestMemoryRecall" name="test_recall_memories_requires_auth" time="0.038" /><testcase classname="tests.test_arris_memory.TestMemoryRecall" name="test_recall_all_memories" time="0.290" /><testcase classname="tests.test_arris_memory.TestMemoryRecall" name="test_recall_memories_by_type" time="0.041" /><testcase classname="tests.test_arris_memory.TestMemoryRecall" name="test_recall_memories_by_min_importance" time="0.041" /><testcase classname="tests.test_arris_memory.TestMemoryRecall" name="test_recall_memories_with_limit" time="0.036" /><testcase classname="tests.test_arris_memory.TestMemoryRecall" name="test_recall_pattern_memories" time="0.034" /><testcase classname="tests.test_arris_memory.TestMemorySummary" name="test_memory_summary_requires_auth" time="0.034" /><testcase classname="tests.test_arris_memory.TestMemorySummary" name="test_memory_summary_returns_statistics" time="0.292" /><testcase classname="tests.test_arris_memory.TestPatternAnalysis" name="test_pattern_analysis_requires_auth" time="0.031" /><testcase classname="tests.test_arris_memory.TestPatternAnalysis" name="test_analyze_patterns_for_elite_user" time="0.298" /><testcase classname="tests.test_arris_memory.TestPatternAnalysis" name="test_get_patterns" time="0.042" /><testcase classname="tests.test_arris_memory.TestPatternAnalysis" name="test_pattern_categories_include_expected_types" time="0.072" /><testcase classname="tests.test_arris_memory.TestLearningSystem" name="test_record_outcome_requires_auth" time="0.033" /><testcase classname="tests.test_arris_memory.TestLearningSystem" name="test_record_outcome_requires_proposal_id_and_outcome" time="0.321" /><testcase classname="tests.test_arris_memory.TestLearningSystem" name="test_record_outcome_for_valid_proposal" time="0.074" /><testcase classname="tests.test_arris_memory.TestLearningSystem" name="test_record_outcome_for_invalid_proposal" time="0.037" /><testcase classname="tests.test_arris_memory.TestLearningSystem" name="test_get_learning_metrics_requires_auth" time="0.032" /><testcase classname="tests.test_arris_memory.TestLearningSystem" name="test_get_learning_metrics" time="0.033" /><testcase classname="tests.test_arris_memory.TestContextBuilder" name="test_context_requires_auth" time="0.034" /><testcase classname="tests.test_arris_memory.TestContextBuilder" name="test_get_context_without_proposal" time="0.292" /><testcase classname="tests.test_arris_memory.TestContextBuilder" name="test_get_context_with_proposal" time="0.073" /><testcase classname="tests.test_arris_memory.TestContextBuilder" name="test_context_with_invalid_proposal" time="0.032" /><testcase classname="tests.test_arris_memory.TestContextBuilder" name="test_context_includes_historical_performance" time="0.037" /><testcase classname="tests.test_arris_memory.TestPersonalization" name="test_personalization_requires_auth" time="0.034" /><testcase classname="tests.test_arris_memory.TestPersonalization" name="test_get_personalization_for_elite_user" time="0.293" /><testcase classname="tests.test_arris_memory.TestPersonalization" name="test_get_personalization_for_premium_user" time="0.293" /><testcase classname="tests.test_arris_memory.TestMemoryHealthCalculation" name="test_memory_health_score_structure" time="0.337" /><testcase classname="tests.test_arris_memory.TestMemoryHealthCalculation" name="test_memory_health_based_on_diversity" time="0.037" /><testcase classname="tests.test_arris_memory.TestLearningStages" name="test_learning_stage_values" time="0.293" /></testsuite></testsuites>