<?xml version="1.0" encoding="utf-8"?><testsuites name="pytest tests"><testsuite name="pytest" errors="0" failures="0" skipped="0" tests="33" time="47.889" timestamp="2026-01-24T00:47:35.207780+00:00" hostname="agent-env-549c9490-4920-40d3-bf74-0d390bed6e5c"><testcase classname="backend.tests.test_arris_api_access.TestArrisApiAccess" name="test_01_elite_can_access_capabilities" time="0.630" /><testcase classname="backend.tests.test_arris_api_access.TestArrisApiAccess" name="test_02_pro_blocked_from_capabilities" time="0.039" /><testcase classname="backend.tests.test_arris_api_access.TestArrisApiAccess" name="test_03_unauthenticated_blocked" time="0.036" /><testcase classname="backend.tests.test_arris_api_access.TestArrisApiAccess" name="test_04_elite_can_access_docs" time="0.036" /><testcase classname="backend.tests.test_arris_api_access.TestArrisApiAccess" name="test_05_pro_blocked_from_docs" time="0.073" /><testcase classname="backend.tests.test_arris_api_access.TestArrisApiAccess" name="test_06_list_api_keys" time="0.042" /><testcase classname="backend.tests.test_arris_api_access.TestArrisApiAccess" name="test_07_create_api_key" time="0.036" /><testcase classname="backend.tests.test_arris_api_access.TestArrisApiAccess" name="test_08_get_specific_key" time="0.036" /><testcase classname="backend.tests.test_arris_api_access.TestArrisApiAccess" name="test_09_key_not_found" time="0.040" /><testcase classname="backend.tests.test_arris_api_access.TestArrisApiAccess" name="test_10_pro_blocked_from_keys" time="0.071" /><testcase classname="backend.tests.test_arris_api_access.TestArrisApiAccess" name="test_11_get_usage_stats" time="0.037" /><testcase classname="backend.tests.test_arris_api_access.TestArrisApiAccess" name="test_12_pro_blocked_from_usage" time="0.034" /><testcase classname="backend.tests.test_arris_api_access.TestArrisApiAccess" name="test_13_analyze_missing_api_key" time="0.032" /><testcase classname="backend.tests.test_arris_api_access.TestArrisApiAccess" name="test_14_analyze_invalid_api_key" time="0.033" /><testcase classname="backend.tests.test_arris_api_access.TestArrisApiAccess" name="test_15_analyze_with_valid_key" time="6.660" /><testcase classname="backend.tests.test_arris_api_access.TestArrisApiAccess" name="test_16_analyze_missing_text" time="0.051" /><testcase classname="backend.tests.test_arris_api_access.TestArrisApiAccess" name="test_17_chat_with_arris" time="6.285" /><testcase classname="backend.tests.test_arris_api_access.TestArrisApiAccess" name="test_18_chat_missing_message" time="0.053" /><testcase classname="backend.tests.test_arris_api_access.TestArrisApiAccess" name="test_19_content_suggestions" time="8.780" /><testcase classname="backend.tests.test_arris_api_access.TestArrisApiAccess" name="test_20_content_missing_topic" time="0.056" /><testcase classname="backend.tests.test_arris_api_access.TestArrisApiAccess" name="test_21_insights_endpoint" time="7.011" /><testcase classname="backend.tests.test_arris_api_access.TestArrisApiAccess" name="test_22_insights_missing_fields" time="0.068" /><testcase classname="backend.tests.test_arris_api_access.TestArrisApiAccess" name="test_23_batch_analysis" time="4.352" /><testcase classname="backend.tests.test_arris_api_access.TestArrisApiAccess" name="test_24_batch_exceeds_limit" time="0.038" /><testcase classname="backend.tests.test_arris_api_access.TestArrisApiAccess" name="test_25_batch_missing_items" time="0.034" /><testcase classname="backend.tests.test_arris_api_access.TestArrisApiAccess" name="test_26_regenerate_api_key" time="0.039" /><testcase classname="backend.tests.test_arris_api_access.TestArrisApiAccess" name="test_27_old_key_invalid_after_regenerate" time="7.643" /><testcase classname="backend.tests.test_arris_api_access.TestArrisApiAccess" name="test_28_revoke_api_key" time="0.055" /><testcase classname="backend.tests.test_arris_api_access.TestArrisApiAccess" name="test_29_revoked_key_invalid" time="0.039" /><testcase classname="backend.tests.test_arris_api_access.TestArrisApiAccess" name="test_30_revoke_nonexistent_key" time="0.032" /><testcase classname="backend.tests.test_arris_api_access.TestArrisApiAccess" name="test_31_max_keys_limit" time="0.039" /><testcase classname="backend.tests.test_arris_api_access.TestArrisApiAccess" name="test_32_get_request_history" time="0.035" /><testcase classname="backend.tests.test_arris_api_access.TestExistingApiKey" name="test_existing_key_validation" time="5.346" /></testsuite></testsuites>