<?xml version="1.0" encoding="utf-8"?><testsuites name="pytest tests"><testsuite name="pytest" errors="0" failures="2" skipped="0" tests="15" time="17.477" timestamp="2026-01-20T03:30:52.889030+00:00" hostname="agent-env-656d174e-8dc4-42f3-9999-50e4ad2aafea"><testcase classname="tests.test_arris_processing_speed.TestARRISQueueStats" name="test_queue_stats_requires_auth" time="0.060" /><testcase classname="tests.test_arris_processing_speed.TestARRISQueueStats" name="test_queue_stats_returns_data" time="0.305" /><testcase classname="tests.test_arris_processing_speed.TestMyProcessingSpeed" name="test_processing_speed_requires_auth" time="0.038" /><testcase classname="tests.test_arris_processing_speed.TestMyProcessingSpeed" name="test_pro_user_gets_standard_speed" time="0.293" /><testcase classname="tests.test_arris_processing_speed.TestMyProcessingSpeed" name="test_premium_user_gets_fast_speed" time="0.292" /><testcase classname="tests.test_arris_processing_speed.TestMyProcessingSpeed" name="test_free_user_gets_standard_speed" time="0.339" /><testcase classname="tests.test_arris_processing_speed.TestMyProcessingSpeed" name="test_processing_speed_response_structure" time="0.291" /><testcase classname="tests.test_arris_processing_speed.TestFeatureGatingProcessingSpeed" name="test_feature_access_includes_processing_speed" time="0.294" /><testcase classname="tests.test_arris_processing_speed.TestFeatureGatingProcessingSpeed" name="test_pro_tier_has_standard_in_features" time="0.297" /><testcase classname="tests.test_arris_processing_speed.TestFeatureGatingProcessingSpeed" name="test_premium_tier_has_fast_in_features" time="0.298" /><testcase classname="tests.test_arris_processing_speed.TestARRISInsightsProcessingFields" name="test_submit_proposal_includes_processing_fields" time="8.540"><failure message="AssertionError: ARRIS insights should include 'processing_time_seconds'&#10;assert 'processing_time_seconds' in {'estimated_complexity': 'Low', 'generated_at': '2026-01-20T03:31:04.002298+00:00', 'insight_level': 'full', 'model_used': 'gpt-4o', ...}">tests/test_arris_processing_speed.py:343: in test_submit_proposal_includes_processing_fields
    assert "processing_time_seconds" in insights, "ARRIS insights should include 'processing_time_seconds'"
E   AssertionError: ARRIS insights should include 'processing_time_seconds'
E   assert 'processing_time_seconds' in {'estimated_complexity': 'Low', 'generated_at': '2026-01-20T03:31:04.002298+00:00', 'insight_level': 'full', 'model_used': 'gpt-4o', ...}</failure></testcase><testcase classname="tests.test_arris_processing_speed.TestARRISInsightsProcessingFields" name="test_premium_user_proposal_has_priority_processed_true" time="6.193"><failure message="AssertionError: Premium user should have priority_processed=True, got None&#10;assert None == True&#10; +  where None = &lt;built-in method get of dict object at 0xfbf21bf6fc00&gt;('priority_processed')&#10; +    where &lt;built-in method get of dict object at 0xfbf21bf6fc00&gt; = {'estimated_complexity': 'Low', 'generated_at': '2026-01-20T03:31:10.214103+00:00', 'insight_level': 'full', 'model_used': 'gpt-4o', ...}.get">tests/test_arris_processing_speed.py:397: in test_premium_user_proposal_has_priority_processed_true
    assert insights.get("priority_processed") == True, f"Premium user should have priority_processed=True, got {insights.get('priority_processed')}"
E   AssertionError: Premium user should have priority_processed=True, got None
E   assert None == True
E    +  where None = &lt;built-in method get of dict object at 0xfbf21bf6fc00&gt;('priority_processed')
E    +    where &lt;built-in method get of dict object at 0xfbf21bf6fc00&gt; = {'estimated_complexity': 'Low', 'generated_at': '2026-01-20T03:31:10.214103+00:00', 'insight_level': 'full', 'model_used': 'gpt-4o', ...}.get</failure></testcase><testcase classname="tests.test_arris_processing_speed.TestSubscriptionPlansShowFastProcessing" name="test_plans_endpoint_returns_processing_speed" time="0.064" /><testcase classname="tests.test_arris_processing_speed.TestSubscriptionPlansShowFastProcessing" name="test_premium_plan_has_fast_processing_feature" time="0.037" /><testcase classname="tests.test_arris_processing_speed.TestSubscriptionPlansShowFastProcessing" name="test_elite_plan_has_fast_processing_feature" time="0.032" /></testsuite></testsuites>