<?xml version="1.0" encoding="utf-8"?><testsuites name="pytest tests"><testsuite name="pytest" errors="0" failures="0" skipped="0" tests="27" time="8.482" timestamp="2026-01-23T23:52:46.164793+00:00" hostname="agent-env-eab077ae-f8f1-4cb0-a3d0-14857e535dc9"><testcase classname="backend.tests.test_arris_personas.TestFeatureGating" name="test_elite_user_can_access_personas" time="0.384" /><testcase classname="backend.tests.test_arris_personas.TestFeatureGating" name="test_pro_user_gets_403" time="0.294" /><testcase classname="backend.tests.test_arris_personas.TestFeatureGating" name="test_unauthenticated_gets_401" time="0.038" /><testcase classname="backend.tests.test_arris_personas.TestGetAllPersonas" name="test_returns_default_personas" time="0.302" /><testcase classname="backend.tests.test_arris_personas.TestGetAllPersonas" name="test_default_personas_have_required_fields" time="0.336" /><testcase classname="backend.tests.test_arris_personas.TestGetAllPersonas" name="test_returns_active_persona_id" time="0.304" /><testcase classname="backend.tests.test_arris_personas.TestGetPersonaOptions" name="test_returns_all_options" time="0.298" /><testcase classname="backend.tests.test_arris_personas.TestGetActivePersona" name="test_returns_active_persona" time="0.295" /><testcase classname="backend.tests.test_arris_personas.TestGetSpecificPersona" name="test_get_default_persona_by_id" time="0.296" /><testcase classname="backend.tests.test_arris_personas.TestGetSpecificPersona" name="test_get_nonexistent_persona_returns_404" time="0.292" /><testcase classname="backend.tests.test_arris_personas.TestCreatePersona" name="test_create_custom_persona" time="0.291" /><testcase classname="backend.tests.test_arris_personas.TestCreatePersona" name="test_create_persona_requires_name" time="0.297" /><testcase classname="backend.tests.test_arris_personas.TestCreatePersona" name="test_create_persona_name_max_length" time="0.294" /><testcase classname="backend.tests.test_arris_personas.TestCreatePersona" name="test_pro_user_cannot_create_persona" time="0.289" /><testcase classname="backend.tests.test_arris_personas.TestUpdatePersona" name="test_update_custom_persona" time="0.365" /><testcase classname="backend.tests.test_arris_personas.TestUpdatePersona" name="test_cannot_update_default_persona" time="0.291" /><testcase classname="backend.tests.test_arris_personas.TestDeletePersona" name="test_delete_custom_persona" time="0.425" /><testcase classname="backend.tests.test_arris_personas.TestDeletePersona" name="test_cannot_delete_default_persona" time="0.334" /><testcase classname="backend.tests.test_arris_personas.TestActivatePersona" name="test_activate_default_persona" time="0.289" /><testcase classname="backend.tests.test_arris_personas.TestActivatePersona" name="test_activate_custom_persona" time="0.441" /><testcase classname="backend.tests.test_arris_personas.TestActivatePersona" name="test_activate_nonexistent_persona_fails" time="0.291" /><testcase classname="backend.tests.test_arris_personas.TestTestPersona" name="test_test_persona_returns_system_prompt" time="0.293" /><testcase classname="backend.tests.test_arris_personas.TestTestPersona" name="test_test_persona_requires_message" time="0.292" /><testcase classname="backend.tests.test_arris_personas.TestPersonaAnalytics" name="test_get_analytics_summary" time="0.372" /><testcase classname="backend.tests.test_arris_personas.TestSystemPromptGeneration" name="test_professional_persona_prompt" time="0.292" /><testcase classname="backend.tests.test_arris_personas.TestSystemPromptGeneration" name="test_creative_persona_prompt" time="0.285" /><testcase classname="backend.tests.test_arris_personas.TestCleanup" name="test_cleanup_test_personas" time="0.361" /></testsuite></testsuites>