<?xml version="1.0" encoding="utf-8"?><testsuites name="pytest tests"><testsuite name="pytest" errors="0" failures="0" skipped="0" tests="16" time="0.968" timestamp="2026-01-20T19:07:41.355983+00:00" hostname="agent-env-221a8416-4115-48f2-b40c-76e12b536768"><testcase classname="tests.test_arris_activity_feed.TestArrisActivityFeedEndpoint" name="test_activity_feed_requires_auth" time="0.074" /><testcase classname="tests.test_arris_activity_feed.TestArrisActivityFeedEndpoint" name="test_activity_feed_pro_user_limited_access" time="0.246" /><testcase classname="tests.test_arris_activity_feed.TestArrisActivityFeedEndpoint" name="test_activity_feed_premium_user_full_access" time="0.242" /><testcase classname="tests.test_arris_activity_feed.TestArrisActivityFeedEndpoint" name="test_activity_feed_live_status_structure" time="0.013" /><testcase classname="tests.test_arris_activity_feed.TestArrisMyQueuePositionEndpoint" name="test_queue_position_requires_auth" time="0.049" /><testcase classname="tests.test_arris_activity_feed.TestArrisMyQueuePositionEndpoint" name="test_queue_position_pro_user_forbidden" time="0.011" /><testcase classname="tests.test_arris_activity_feed.TestArrisMyQueuePositionEndpoint" name="test_queue_position_premium_user_allowed" time="0.050" /><testcase classname="tests.test_arris_activity_feed.TestArrisLiveStatsEndpoint" name="test_live_stats_requires_auth" time="0.051" /><testcase classname="tests.test_arris_activity_feed.TestArrisLiveStatsEndpoint" name="test_live_stats_pro_user_allowed" time="0.008" /><testcase classname="tests.test_arris_activity_feed.TestArrisLiveStatsEndpoint" name="test_live_stats_premium_user_allowed" time="0.011" /><testcase classname="tests.test_arris_activity_feed.TestArrisRecentActivityEndpoint" name="test_recent_activity_requires_auth" time="0.009" /><testcase classname="tests.test_arris_activity_feed.TestArrisRecentActivityEndpoint" name="test_recent_activity_pro_user_allowed" time="0.049" /><testcase classname="tests.test_arris_activity_feed.TestArrisRecentActivityEndpoint" name="test_recent_activity_premium_user_allowed" time="0.008" /><testcase classname="tests.test_arris_activity_feed.TestArrisRecentActivityEndpoint" name="test_recent_activity_limit_parameter" time="0.017" /><testcase classname="tests.test_arris_activity_feed.TestArrisActivityFeedDataIntegrity" name="test_activity_feed_anonymizes_creator_data" time="0.050" /><testcase classname="tests.test_arris_activity_feed.TestArrisActivityFeedDataIntegrity" name="test_recent_activity_anonymizes_data" time="0.009" /></testsuite></testsuites>