<?xml version="1.0" encoding="utf-8"?><testsuites name="pytest tests"><testsuite name="pytest" errors="0" failures="0" skipped="0" tests="33" time="8.141" timestamp="2026-01-25T06:41:24.026867+00:00" hostname="agent-env-d749e446-7ec8-43a9-8650-5738e54f6ba8"><testcase classname="backend.tests.test_auto_escalation.TestAutoEscalationAuth" name="test_dashboard_requires_auth" time="0.065" /><testcase classname="backend.tests.test_auto_escalation.TestAutoEscalationAuth" name="test_stalled_requires_auth" time="0.036" /><testcase classname="backend.tests.test_auto_escalation.TestAutoEscalationAuth" name="test_history_requires_auth" time="0.036" /><testcase classname="backend.tests.test_auto_escalation.TestAutoEscalationAuth" name="test_analytics_requires_auth" time="0.038" /><testcase classname="backend.tests.test_auto_escalation.TestAutoEscalationAuth" name="test_config_requires_auth" time="0.032" /><testcase classname="backend.tests.test_auto_escalation.TestAutoEscalationAuth" name="test_scan_requires_auth" time="0.035" /><testcase classname="backend.tests.test_auto_escalation.TestAutoEscalationAuth" name="test_creator_cannot_access_dashboard" time="0.298" /><testcase classname="backend.tests.test_auto_escalation.TestEscalationDashboard" name="test_dashboard_returns_summary" time="0.280" /><testcase classname="backend.tests.test_auto_escalation.TestEscalationDashboard" name="test_dashboard_summary_structure" time="0.315" /><testcase classname="backend.tests.test_auto_escalation.TestEscalationDashboard" name="test_dashboard_returns_active_escalations" time="0.279" /><testcase classname="backend.tests.test_auto_escalation.TestEscalationDashboard" name="test_dashboard_returns_health_status" time="0.269" /><testcase classname="backend.tests.test_auto_escalation.TestStalledProposals" name="test_stalled_returns_list" time="0.292" /><testcase classname="backend.tests.test_auto_escalation.TestStalledProposals" name="test_stalled_threshold_parameter" time="0.303" /><testcase classname="backend.tests.test_auto_escalation.TestStalledProposals" name="test_stalled_proposal_structure" time="0.296" /><testcase classname="backend.tests.test_auto_escalation.TestEscalationHistory" name="test_history_returns_list" time="0.268" /><testcase classname="backend.tests.test_auto_escalation.TestEscalationHistory" name="test_history_include_resolved_filter" time="0.284" /><testcase classname="backend.tests.test_auto_escalation.TestEscalationHistory" name="test_history_level_filter" time="0.331" /><testcase classname="backend.tests.test_auto_escalation.TestEscalationHistory" name="test_history_filters_applied" time="0.265" /><testcase classname="backend.tests.test_auto_escalation.TestEscalationAnalytics" name="test_analytics_returns_data" time="0.269" /><testcase classname="backend.tests.test_auto_escalation.TestEscalationAnalytics" name="test_analytics_days_parameter" time="0.271" /><testcase classname="backend.tests.test_auto_escalation.TestEscalationAnalytics" name="test_analytics_by_level_structure" time="0.271" /><testcase classname="backend.tests.test_auto_escalation.TestEscalationAnalytics" name="test_analytics_resolution_rate" time="0.268" /><testcase classname="backend.tests.test_auto_escalation.TestEscalationConfig" name="test_config_returns_thresholds" time="0.273" /><testcase classname="backend.tests.test_auto_escalation.TestEscalationConfig" name="test_config_returns_actions" time="0.288" /><testcase classname="backend.tests.test_auto_escalation.TestEscalationConfig" name="test_config_returns_monitored_statuses" time="0.266" /><testcase classname="backend.tests.test_auto_escalation.TestEscalationScan" name="test_scan_runs_successfully" time="0.371" /><testcase classname="backend.tests.test_auto_escalation.TestEscalationScan" name="test_scan_returns_escalations_list" time="0.288" /><testcase classname="backend.tests.test_auto_escalation.TestCheckProposal" name="test_check_nonexistent_proposal" time="0.273" /><testcase classname="backend.tests.test_auto_escalation.TestCheckProposal" name="test_check_returns_escalation_status" time="0.294" /><testcase classname="backend.tests.test_auto_escalation.TestManualEscalation" name="test_escalate_nonexistent_proposal" time="0.268" /><testcase classname="backend.tests.test_auto_escalation.TestManualEscalation" name="test_escalate_with_parameters" time="0.315" /><testcase classname="backend.tests.test_auto_escalation.TestResolveEscalation" name="test_resolve_nonexistent_escalation" time="0.307" /><testcase classname="backend.tests.test_auto_escalation.TestResolveEscalation" name="test_resolve_with_notes" time="0.325" /></testsuite></testsuites>