<?xml version="1.0" encoding="utf-8"?><testsuites name="pytest tests"><testsuite name="pytest" errors="0" failures="1" skipped="0" tests="33" time="8.969" timestamp="2026-01-25T06:39:12.631609+00:00" hostname="agent-env-d749e446-7ec8-43a9-8650-5738e54f6ba8"><testcase classname="backend.tests.test_auto_escalation.TestAutoEscalationAuth" name="test_dashboard_requires_auth" time="0.058" /><testcase classname="backend.tests.test_auto_escalation.TestAutoEscalationAuth" name="test_stalled_requires_auth" time="0.040" /><testcase classname="backend.tests.test_auto_escalation.TestAutoEscalationAuth" name="test_history_requires_auth" time="0.041" /><testcase classname="backend.tests.test_auto_escalation.TestAutoEscalationAuth" name="test_analytics_requires_auth" time="0.037" /><testcase classname="backend.tests.test_auto_escalation.TestAutoEscalationAuth" name="test_config_requires_auth" time="0.036" /><testcase classname="backend.tests.test_auto_escalation.TestAutoEscalationAuth" name="test_scan_requires_auth" time="0.035" /><testcase classname="backend.tests.test_auto_escalation.TestAutoEscalationAuth" name="test_creator_cannot_access_dashboard" time="0.302" /><testcase classname="backend.tests.test_auto_escalation.TestEscalationDashboard" name="test_dashboard_returns_summary" time="0.273" /><testcase classname="backend.tests.test_auto_escalation.TestEscalationDashboard" name="test_dashboard_summary_structure" time="0.279" /><testcase classname="backend.tests.test_auto_escalation.TestEscalationDashboard" name="test_dashboard_returns_active_escalations" time="0.278" /><testcase classname="backend.tests.test_auto_escalation.TestEscalationDashboard" name="test_dashboard_returns_health_status" time="0.267" /><testcase classname="backend.tests.test_auto_escalation.TestStalledProposals" name="test_stalled_returns_list" time="0.324" /><testcase classname="backend.tests.test_auto_escalation.TestStalledProposals" name="test_stalled_threshold_parameter" time="0.316" /><testcase classname="backend.tests.test_auto_escalation.TestStalledProposals" name="test_stalled_proposal_structure" time="0.289" /><testcase classname="backend.tests.test_auto_escalation.TestEscalationHistory" name="test_history_returns_list" time="0.266" /><testcase classname="backend.tests.test_auto_escalation.TestEscalationHistory" name="test_history_include_resolved_filter" time="0.317" /><testcase classname="backend.tests.test_auto_escalation.TestEscalationHistory" name="test_history_level_filter" time="0.337" /><testcase classname="backend.tests.test_auto_escalation.TestEscalationHistory" name="test_history_filters_applied" time="0.272" /><testcase classname="backend.tests.test_auto_escalation.TestEscalationAnalytics" name="test_analytics_returns_data" time="0.315" /><testcase classname="backend.tests.test_auto_escalation.TestEscalationAnalytics" name="test_analytics_days_parameter" time="0.308" /><testcase classname="backend.tests.test_auto_escalation.TestEscalationAnalytics" name="test_analytics_by_level_structure" time="0.272" /><testcase classname="backend.tests.test_auto_escalation.TestEscalationAnalytics" name="test_analytics_resolution_rate" time="0.330" /><testcase classname="backend.tests.test_auto_escalation.TestEscalationConfig" name="test_config_returns_thresholds" time="0.286" /><testcase classname="backend.tests.test_auto_escalation.TestEscalationConfig" name="test_config_returns_actions" time="0.260" /><testcase classname="backend.tests.test_auto_escalation.TestEscalationConfig" name="test_config_returns_monitored_statuses" time="0.261" /><testcase classname="backend.tests.test_auto_escalation.TestEscalationScan" name="test_scan_runs_successfully" time="0.318" /><testcase classname="backend.tests.test_auto_escalation.TestEscalationScan" name="test_scan_returns_escalations_list" time="0.311" /><testcase classname="backend.tests.test_auto_escalation.TestCheckProposal" name="test_check_nonexistent_proposal" time="0.303" /><testcase classname="backend.tests.test_auto_escalation.TestCheckProposal" name="test_check_returns_escalation_status" time="0.289"><failure message="AssertionError: Should return proposal_id&#10;assert 'proposal_id' in {'error': 'Proposal not found', 'needs_escalation': False}">backend/tests/test_auto_escalation.py:530: in test_check_returns_escalation_status
    assert "proposal_id" in data, "Should return proposal_id"
E   AssertionError: Should return proposal_id
E   assert 'proposal_id' in {'error': 'Proposal not found', 'needs_escalation': False}</failure></testcase><testcase classname="backend.tests.test_auto_escalation.TestManualEscalation" name="test_escalate_nonexistent_proposal" time="0.268" /><testcase classname="backend.tests.test_auto_escalation.TestManualEscalation" name="test_escalate_with_parameters" time="1.016" /><testcase classname="backend.tests.test_auto_escalation.TestResolveEscalation" name="test_resolve_nonexistent_escalation" time="0.267" /><testcase classname="backend.tests.test_auto_escalation.TestResolveEscalation" name="test_resolve_with_notes" time="0.270" /></testsuite></testsuites>