<?xml version="1.0" encoding="utf-8"?><testsuites name="pytest tests"><testsuite name="pytest" errors="0" failures="0" skipped="0" tests="39" time="16.815" timestamp="2026-01-22T18:39:11.590793+00:00" hostname="agent-env-87a70119-8e6b-4ecc-9cd2-f2e982205db5"><testcase classname="tests.test_auto_approval.TestAutoApprovalConfig" name="test_get_config_requires_auth" time="0.367" /><testcase classname="tests.test_auto_approval.TestAutoApprovalConfig" name="test_get_config_success" time="0.308" /><testcase classname="tests.test_auto_approval.TestAutoApprovalConfig" name="test_update_config_requires_auth" time="0.304" /><testcase classname="tests.test_auto_approval.TestAutoApprovalConfig" name="test_update_config_success" time="0.381" /><testcase classname="tests.test_auto_approval.TestAutoApprovalConfig" name="test_update_config_invalid_threshold" time="0.377" /><testcase classname="tests.test_auto_approval.TestAutoApprovalConfig" name="test_update_config_multiple_fields" time="0.297" /><testcase classname="tests.test_auto_approval.TestAutoApprovalRules" name="test_get_rules_requires_auth" time="0.296" /><testcase classname="tests.test_auto_approval.TestAutoApprovalRules" name="test_get_rules_success" time="0.299" /><testcase classname="tests.test_auto_approval.TestAutoApprovalRules" name="test_get_rules_enabled_only" time="0.297" /><testcase classname="tests.test_auto_approval.TestAutoApprovalRules" name="test_get_specific_rule" time="0.334" /><testcase classname="tests.test_auto_approval.TestAutoApprovalRules" name="test_get_nonexistent_rule" time="0.336" /><testcase classname="tests.test_auto_approval.TestAutoApprovalRules" name="test_create_rule_requires_auth" time="0.292" /><testcase classname="tests.test_auto_approval.TestAutoApprovalRules" name="test_create_rule_success" time="0.384" /><testcase classname="tests.test_auto_approval.TestAutoApprovalRules" name="test_create_rule_missing_fields" time="0.295" /><testcase classname="tests.test_auto_approval.TestAutoApprovalRules" name="test_update_rule_success" time="2.447" /><testcase classname="tests.test_auto_approval.TestAutoApprovalRules" name="test_update_nonexistent_rule" time="0.295" /><testcase classname="tests.test_auto_approval.TestAutoApprovalRules" name="test_delete_rule_success" time="0.371" /><testcase classname="tests.test_auto_approval.TestAutoApprovalRules" name="test_delete_nonexistent_rule" time="0.292" /><testcase classname="tests.test_auto_approval.TestAutoApprovalEvaluation" name="test_evaluate_creator_requires_auth" time="0.324" /><testcase classname="tests.test_auto_approval.TestAutoApprovalEvaluation" name="test_evaluate_high_quality_creator" time="0.604" /><testcase classname="tests.test_auto_approval.TestAutoApprovalEvaluation" name="test_evaluate_medium_quality_creator" time="0.570" /><testcase classname="tests.test_auto_approval.TestAutoApprovalEvaluation" name="test_evaluate_low_quality_creator" time="0.560" /><testcase classname="tests.test_auto_approval.TestAutoApprovalEvaluation" name="test_evaluate_nonexistent_creator" time="0.293" /><testcase classname="tests.test_auto_approval.TestAutoApprovalEvaluation" name="test_evaluate_without_arris" time="0.562" /><testcase classname="tests.test_auto_approval.TestAutoApprovalEvaluation" name="test_process_creator_requires_auth" time="0.289" /><testcase classname="tests.test_auto_approval.TestAutoApprovalEvaluation" name="test_process_creator_dry_run" time="0.562" /><testcase classname="tests.test_auto_approval.TestAutoApprovalEvaluation" name="test_process_all_requires_auth" time="0.311" /><testcase classname="tests.test_auto_approval.TestAutoApprovalEvaluation" name="test_process_all_dry_run" time="0.310" /><testcase classname="tests.test_auto_approval.TestAutoApprovalHistoryAndAnalytics" name="test_get_history_requires_auth" time="0.299" /><testcase classname="tests.test_auto_approval.TestAutoApprovalHistoryAndAnalytics" name="test_get_history_success" time="0.312" /><testcase classname="tests.test_auto_approval.TestAutoApprovalHistoryAndAnalytics" name="test_get_history_filtered_by_creator" time="0.351" /><testcase classname="tests.test_auto_approval.TestAutoApprovalHistoryAndAnalytics" name="test_get_analytics_requires_auth" time="0.290" /><testcase classname="tests.test_auto_approval.TestAutoApprovalHistoryAndAnalytics" name="test_get_analytics_success" time="0.305" /><testcase classname="tests.test_auto_approval.TestCreatorRegistrationAutoApproval" name="test_registration_triggers_auto_approval" time="0.263" /><testcase classname="tests.test_auto_approval.TestCreatorRegistrationAutoApproval" name="test_registration_low_quality_not_auto_approved" time="0.262" /><testcase classname="tests.test_auto_approval.TestRuleEvaluationLogic" name="test_follower_count_scoring" time="0.563" /><testcase classname="tests.test_auto_approval.TestRuleEvaluationLogic" name="test_platform_presence_required" time="0.562" /><testcase classname="tests.test_auto_approval.TestRuleEvaluationLogic" name="test_professional_email_pattern" time="0.570" /><testcase classname="tests.test_auto_approval.TestRuleEvaluationLogic" name="test_bonus_points_multiple_platforms" time="0.558" /></testsuite></testsuites>