<?xml version="1.0" encoding="utf-8"?><testsuites name="pytest tests"><testsuite name="pytest" errors="0" failures="0" skipped="0" tests="34" time="1.916" timestamp="2026-01-20T04:52:55.031970+00:00" hostname="agent-env-61fd86a1-6e16-42ad-bbfc-7e3d48a74628"><testcase classname="tests.test_calculator.TestCalculatorMetricsMRR" name="test_mrr_requires_auth" time="0.079" /><testcase classname="tests.test_calculator.TestCalculatorMetricsMRR" name="test_mrr_returns_valid_structure" time="0.325" /><testcase classname="tests.test_calculator.TestCalculatorMetricsMRR" name="test_mrr_with_user_filter" time="0.042" /><testcase classname="tests.test_calculator.TestCalculatorMetricsARR" name="test_arr_requires_auth" time="0.035" /><testcase classname="tests.test_calculator.TestCalculatorMetricsARR" name="test_arr_returns_valid_structure" time="0.081" /><testcase classname="tests.test_calculator.TestCalculatorMetricsChurn" name="test_churn_requires_auth" time="0.045" /><testcase classname="tests.test_calculator.TestCalculatorMetricsChurn" name="test_churn_returns_valid_structure" time="0.047" /><testcase classname="tests.test_calculator.TestCalculatorMetricsLTV" name="test_ltv_requires_auth" time="0.039" /><testcase classname="tests.test_calculator.TestCalculatorMetricsLTV" name="test_ltv_returns_valid_structure" time="0.080" /><testcase classname="tests.test_calculator.TestCalculatorMetricsAll" name="test_all_metrics_requires_auth" time="0.034" /><testcase classname="tests.test_calculator.TestCalculatorMetricsAll" name="test_all_metrics_returns_valid_structure" time="0.037" /><testcase classname="tests.test_calculator.TestCalculatorRevenueBreakdown" name="test_revenue_breakdown_requires_auth" time="0.040" /><testcase classname="tests.test_calculator.TestCalculatorRevenueBreakdown" name="test_revenue_breakdown_returns_valid_structure" time="0.041" /><testcase classname="tests.test_calculator.TestCalculatorRevenueBreakdown" name="test_revenue_breakdown_months_back_param" time="0.036" /><testcase classname="tests.test_calculator.TestCalculatorRevenueTrends" name="test_revenue_trends_requires_auth" time="0.035" /><testcase classname="tests.test_calculator.TestCalculatorRevenueTrends" name="test_revenue_trends_returns_valid_structure" time="0.037" /><testcase classname="tests.test_calculator.TestCalculatorExpenseBreakdown" name="test_expense_breakdown_requires_auth" time="0.032" /><testcase classname="tests.test_calculator.TestCalculatorExpenseBreakdown" name="test_expense_breakdown_returns_valid_structure" time="0.036" /><testcase classname="tests.test_calculator.TestCalculatorProfitAnalysis" name="test_profit_analysis_requires_auth" time="0.034" /><testcase classname="tests.test_calculator.TestCalculatorProfitAnalysis" name="test_profit_analysis_returns_valid_structure" time="0.037" /><testcase classname="tests.test_calculator.TestCalculatorForecast" name="test_forecast_requires_auth" time="0.076" /><testcase classname="tests.test_calculator.TestCalculatorForecast" name="test_forecast_returns_valid_structure" time="0.038" /><testcase classname="tests.test_calculator.TestCalculatorSelfFundingLoop" name="test_self_funding_loop_requires_auth" time="0.032" /><testcase classname="tests.test_calculator.TestCalculatorSelfFundingLoop" name="test_self_funding_loop_returns_valid_structure" time="0.034" /><testcase classname="tests.test_calculator.TestCalculatorCreatorSummary" name="test_creator_summary_requires_auth" time="0.036" /><testcase classname="tests.test_calculator.TestCalculatorCreatorSummary" name="test_creator_summary_returns_valid_structure" time="0.040" /><testcase classname="tests.test_calculator.TestCalculatorCreatorSummary" name="test_creator_summary_nonexistent_creator" time="0.034" /><testcase classname="tests.test_calculator.TestCalculatorDashboard" name="test_dashboard_requires_auth" time="0.034" /><testcase classname="tests.test_calculator.TestCalculatorDashboard" name="test_dashboard_returns_valid_structure" time="0.041" /><testcase classname="tests.test_calculator.TestCalculatorDataIntegrity" name="test_arr_equals_mrr_times_12" time="0.077" /><testcase classname="tests.test_calculator.TestCalculatorDataIntegrity" name="test_retention_plus_churn_equals_100" time="0.038" /><testcase classname="tests.test_calculator.TestCalculatorDataIntegrity" name="test_profit_equals_revenue_minus_expenses" time="0.075" /><testcase classname="tests.test_calculator.TestCalculatorSeedData" name="test_seed_data_exists" time="0.034" /><testcase classname="tests.test_calculator.TestCalculatorSeedData" name="test_subscription_revenue_exists" time="0.041" /></testsuite></testsuites>