<?xml version="1.0" encoding="utf-8"?><testsuites name="pytest tests"><testsuite name="pytest" errors="0" failures="1" skipped="0" tests="21" time="13.265" timestamp="2026-01-24T02:13:44.844592+00:00" hostname="agent-env-58862f02-e490-44d9-87e1-6c163e028ff9"><testcase classname="tests.test_creator_pattern_insights.TestCreatorPatternInsightsAccess" name="test_free_user_pattern_insights_access_denied" time="1.443" /><testcase classname="tests.test_creator_pattern_insights.TestCreatorPatternInsightsAccess" name="test_starter_user_pattern_insights_access_denied" time="1.346" /><testcase classname="tests.test_creator_pattern_insights.TestCreatorPatternInsightsAccess" name="test_pro_user_pattern_insights_has_access" time="1.323" /><testcase classname="tests.test_creator_pattern_insights.TestCreatorPatternInsightsAccess" name="test_premium_user_pattern_insights_has_access" time="1.351" /><testcase classname="tests.test_creator_pattern_insights.TestCreatorPatternInsightsAccess" name="test_elite_user_pattern_insights_has_access" time="1.348"><failure message="AssertionError: assert True == False&#10; +  where True = &lt;built-in method get of dict object at 0xfe2c592e0280&gt;('access_denied')&#10; +    where &lt;built-in method get of dict object at 0xfe2c592e0280&gt; = {'access_denied': True, 'patterns': [], 'tier': 'free', 'upgrade_message': 'Upgrade to Pro to unlock personalized pattern insights'}.get">tests/test_creator_pattern_insights.py:129: in test_elite_user_pattern_insights_has_access
    assert data.get("access_denied") == False
E   AssertionError: assert True == False
E    +  where True = &lt;built-in method get of dict object at 0xfe2c592e0280&gt;('access_denied')
E    +    where &lt;built-in method get of dict object at 0xfe2c592e0280&gt; = {'access_denied': True, 'patterns': [], 'tier': 'free', 'upgrade_message': 'Upgrade to Pro to unlock personalized pattern insights'}.get</failure></testcase><testcase classname="tests.test_creator_pattern_insights.TestPatternInsightsEndpoint" name="test_pattern_insights_returns_correct_structure" time="0.292" /><testcase classname="tests.test_creator_pattern_insights.TestPatternInsightsEndpoint" name="test_pattern_insights_with_limit_parameter" time="0.295" /><testcase classname="tests.test_creator_pattern_insights.TestPatternInsightsEndpoint" name="test_pattern_insights_requires_auth" time="0.295" /><testcase classname="tests.test_creator_pattern_insights.TestPatternRecommendationsEndpoint" name="test_recommendations_returns_correct_structure" time="0.292" /><testcase classname="tests.test_creator_pattern_insights.TestPatternRecommendationsEndpoint" name="test_recommendations_access_denied_for_free_user" time="0.554" /><testcase classname="tests.test_creator_pattern_insights.TestPatternTrendsEndpoint" name="test_trends_returns_correct_structure" time="0.294" /><testcase classname="tests.test_creator_pattern_insights.TestPatternTrendsEndpoint" name="test_trends_with_days_parameter" time="0.297" /><testcase classname="tests.test_creator_pattern_insights.TestPatternTrendsEndpoint" name="test_trends_access_denied_for_starter_user" time="0.588" /><testcase classname="tests.test_creator_pattern_insights.TestPatternDetailEndpoint" name="test_pattern_detail_not_found" time="0.290" /><testcase classname="tests.test_creator_pattern_insights.TestPatternDetailEndpoint" name="test_pattern_detail_requires_auth" time="0.318" /><testcase classname="tests.test_creator_pattern_insights.TestPatternFeedbackEndpoint" name="test_feedback_requires_pattern_id" time="0.294" /><testcase classname="tests.test_creator_pattern_insights.TestPatternFeedbackEndpoint" name="test_feedback_submission_success" time="0.315" /><testcase classname="tests.test_creator_pattern_insights.TestPatternFeedbackEndpoint" name="test_feedback_not_helpful" time="0.294" /><testcase classname="tests.test_creator_pattern_insights.TestPatternFeedbackEndpoint" name="test_feedback_requires_auth" time="0.300" /><testcase classname="tests.test_creator_pattern_insights.TestPatternCategories" name="test_pattern_categories_are_valid" time="0.295" /><testcase classname="tests.test_creator_pattern_insights.TestAllTiersLogin" name="test_all_tiers_can_login" time="1.330" /></testsuite></testsuites>