<?xml version="1.0" encoding="utf-8"?><testsuites name="pytest tests"><testsuite name="pytest" errors="0" failures="0" skipped="0" tests="21" time="54.182" timestamp="2026-01-24T02:14:56.488667+00:00" hostname="agent-env-58862f02-e490-44d9-87e1-6c163e028ff9"><testcase classname="tests.test_creator_pattern_insights.TestCreatorPatternInsightsAccess" name="test_free_user_pattern_insights_access_denied" time="1.378" /><testcase classname="tests.test_creator_pattern_insights.TestCreatorPatternInsightsAccess" name="test_starter_user_pattern_insights_access_denied" time="1.347" /><testcase classname="tests.test_creator_pattern_insights.TestCreatorPatternInsightsAccess" name="test_pro_user_pattern_insights_has_access" time="1.328" /><testcase classname="tests.test_creator_pattern_insights.TestCreatorPatternInsightsAccess" name="test_premium_user_pattern_insights_has_access" time="1.345" /><testcase classname="tests.test_creator_pattern_insights.TestCreatorPatternInsightsAccess" name="test_elite_user_pattern_insights_has_access" time="1.322" /><testcase classname="tests.test_creator_pattern_insights.TestPatternInsightsEndpoint" name="test_pattern_insights_returns_correct_structure" time="0.297" /><testcase classname="tests.test_creator_pattern_insights.TestPatternInsightsEndpoint" name="test_pattern_insights_with_limit_parameter" time="0.297" /><testcase classname="tests.test_creator_pattern_insights.TestPatternInsightsEndpoint" name="test_pattern_insights_requires_auth" time="0.292" /><testcase classname="tests.test_creator_pattern_insights.TestPatternRecommendationsEndpoint" name="test_recommendations_returns_correct_structure" time="0.301" /><testcase classname="tests.test_creator_pattern_insights.TestPatternRecommendationsEndpoint" name="test_recommendations_access_denied_for_free_user" time="0.556" /><testcase classname="tests.test_creator_pattern_insights.TestPatternTrendsEndpoint" name="test_trends_returns_correct_structure" time="0.297" /><testcase classname="tests.test_creator_pattern_insights.TestPatternTrendsEndpoint" name="test_trends_with_days_parameter" time="36.143" /><testcase classname="tests.test_creator_pattern_insights.TestPatternTrendsEndpoint" name="test_trends_access_denied_for_starter_user" time="0.617" /><testcase classname="tests.test_creator_pattern_insights.TestPatternDetailEndpoint" name="test_pattern_detail_not_found" time="0.305" /><testcase classname="tests.test_creator_pattern_insights.TestPatternDetailEndpoint" name="test_pattern_detail_requires_auth" time="5.477" /><testcase classname="tests.test_creator_pattern_insights.TestPatternFeedbackEndpoint" name="test_feedback_requires_pattern_id" time="0.299" /><testcase classname="tests.test_creator_pattern_insights.TestPatternFeedbackEndpoint" name="test_feedback_submission_success" time="0.292" /><testcase classname="tests.test_creator_pattern_insights.TestPatternFeedbackEndpoint" name="test_feedback_not_helpful" time="0.301" /><testcase classname="tests.test_creator_pattern_insights.TestPatternFeedbackEndpoint" name="test_feedback_requires_auth" time="0.298" /><testcase classname="tests.test_creator_pattern_insights.TestPatternCategories" name="test_pattern_categories_are_valid" time="0.296" /><testcase classname="tests.test_creator_pattern_insights.TestAllTiersLogin" name="test_all_tiers_can_login" time="1.336" /></testsuite></testsuites>