<?xml version="1.0" encoding="utf-8"?><testsuites name="pytest tests"><testsuite name="pytest" errors="0" failures="0" skipped="0" tests="30" time="7.618" timestamp="2026-01-25T04:15:44.523590+00:00" hostname="agent-env-58862f02-e490-44d9-87e1-6c163e028ff9"><testcase classname="backend.tests.test_creator_health_score.TestCreatorHealthScoreAuth" name="test_health_score_requires_auth" time="0.100" /><testcase classname="backend.tests.test_creator_health_score.TestCreatorHealthScoreAuth" name="test_health_history_requires_auth" time="0.038" /><testcase classname="backend.tests.test_creator_health_score.TestCreatorHealthScoreAuth" name="test_component_details_requires_auth" time="0.034" /><testcase classname="backend.tests.test_creator_health_score.TestCreatorHealthScoreAuth" name="test_leaderboard_requires_auth" time="0.034" /><testcase classname="backend.tests.test_creator_health_score.TestFreeCreatorHealthScore" name="test_free_creator_health_score_access_denied" time="0.289" /><testcase classname="backend.tests.test_creator_health_score.TestFreeCreatorHealthScore" name="test_free_creator_health_history_access_denied" time="0.274" /><testcase classname="backend.tests.test_creator_health_score.TestFreeCreatorHealthScore" name="test_free_creator_component_details_access_denied" time="0.269" /><testcase classname="backend.tests.test_creator_health_score.TestProCreatorHealthScore" name="test_pro_creator_health_score_access" time="0.278" /><testcase classname="backend.tests.test_creator_health_score.TestProCreatorHealthScore" name="test_pro_creator_health_score_structure" time="0.279" /><testcase classname="backend.tests.test_creator_health_score.TestProCreatorHealthScore" name="test_pro_creator_overall_score_range" time="0.278" /><testcase classname="backend.tests.test_creator_health_score.TestProCreatorHealthScore" name="test_pro_creator_status_levels" time="0.284" /><testcase classname="backend.tests.test_creator_health_score.TestProCreatorHealthScore" name="test_pro_creator_five_components" time="0.283" /><testcase classname="backend.tests.test_creator_health_score.TestProCreatorHealthScore" name="test_pro_creator_component_scores_valid" time="0.270" /><testcase classname="backend.tests.test_creator_health_score.TestProCreatorHealthScore" name="test_pro_creator_achievements_structure" time="0.278" /><testcase classname="backend.tests.test_creator_health_score.TestProCreatorHealthScore" name="test_pro_creator_recommendations_structure" time="0.272" /><testcase classname="backend.tests.test_creator_health_score.TestProCreatorHealthScore" name="test_pro_creator_trend_structure" time="0.269" /><testcase classname="backend.tests.test_creator_health_score.TestHealthScoreHistory" name="test_health_history_default" time="0.306" /><testcase classname="backend.tests.test_creator_health_score.TestHealthScoreHistory" name="test_health_history_custom_days" time="0.263" /><testcase classname="backend.tests.test_creator_health_score.TestHealthScoreHistory" name="test_health_history_max_days" time="0.271" /><testcase classname="backend.tests.test_creator_health_score.TestHealthScoreComponents" name="test_engagement_component_details" time="0.308" /><testcase classname="backend.tests.test_creator_health_score.TestHealthScoreComponents" name="test_proposal_success_component_details" time="0.266" /><testcase classname="backend.tests.test_creator_health_score.TestHealthScoreComponents" name="test_consistency_component_details" time="0.266" /><testcase classname="backend.tests.test_creator_health_score.TestHealthScoreComponents" name="test_arris_utilization_component_details" time="0.329" /><testcase classname="backend.tests.test_creator_health_score.TestHealthScoreComponents" name="test_profile_completeness_component_details" time="0.276" /><testcase classname="backend.tests.test_creator_health_score.TestHealthScoreComponents" name="test_invalid_component_returns_error" time="0.262" /><testcase classname="backend.tests.test_creator_health_score.TestHealthLeaderboard" name="test_leaderboard_returns_data" time="0.271" /><testcase classname="backend.tests.test_creator_health_score.TestHealthLeaderboard" name="test_leaderboard_names_masked" time="0.315" /><testcase classname="backend.tests.test_creator_health_score.TestHealthLeaderboard" name="test_leaderboard_limit_parameter" time="0.265" /><testcase classname="backend.tests.test_creator_health_score.TestEliteCreatorHealthScore" name="test_elite_creator_health_score_access" time="0.275" /><testcase classname="backend.tests.test_creator_health_score.TestStatusThresholds" name="test_status_matches_score" time="0.276" /></testsuite></testsuites>