<?xml version="1.0" encoding="utf-8"?><testsuites name="pytest tests"><testsuite name="pytest" errors="0" failures="0" skipped="0" tests="15" time="9.071" timestamp="2026-01-19T23:22:41.462867+00:00" hostname="agent-env-5a5f44fc-da03-41dc-bcf2-86b70a12181e"><testcase classname="tests.test_creator_auth.TestCreatorRegistration" name="test_get_form_options" time="0.072" /><testcase classname="tests.test_creator_auth.TestCreatorRegistration" name="test_register_creator_with_password" time="0.271" /><testcase classname="tests.test_creator_auth.TestCreatorRegistration" name="test_register_duplicate_email_fails" time="0.041" /><testcase classname="tests.test_creator_auth.TestCreatorLogin" name="test_login_approved_creator_returns_jwt" time="0.265" /><testcase classname="tests.test_creator_auth.TestCreatorLogin" name="test_login_pending_creator_fails_with_403" time="0.502" /><testcase classname="tests.test_creator_auth.TestCreatorLogin" name="test_login_wrong_password_fails" time="0.260" /><testcase classname="tests.test_creator_auth.TestCreatorLogin" name="test_login_nonexistent_email_fails" time="0.037" /><testcase classname="tests.test_creator_auth.TestCreatorMeEndpoints" name="test_get_creator_profile" time="0.269" /><testcase classname="tests.test_creator_auth.TestCreatorMeEndpoints" name="test_get_creator_dashboard" time="0.273" /><testcase classname="tests.test_creator_auth.TestCreatorMeEndpoints" name="test_get_creator_proposals" time="0.265" /><testcase classname="tests.test_creator_auth.TestCreatorMeEndpoints" name="test_me_endpoint_without_auth_fails" time="0.334" /><testcase classname="tests.test_creator_auth.TestCreatorProposalCreation" name="test_create_proposal_auto_fills_user_id" time="0.277" /><testcase classname="tests.test_creator_auth.TestCreatorProposalCreation" name="test_submit_proposal_with_creator_token" time="5.286" /><testcase classname="tests.test_creator_auth.TestCreatorProposalCreation" name="test_cannot_submit_other_creators_proposal" time="0.563" /><testcase classname="tests.test_creator_auth.TestARRISInsightsDisplay" name="test_arris_insights_structure" time="0.269" /></testsuite></testsuites>