<?xml version="1.0" encoding="utf-8"?><testsuites name="pytest tests"><testsuite name="pytest" errors="0" failures="2" skipped="0" tests="29" time="14.067" timestamp="2026-01-20T04:02:34.024903+00:00" hostname="agent-env-656d174e-8dc4-42f3-9999-50e4ad2aafea"><testcase classname="tests.test_elite_features.TestEliteAuth" name="test_elite_user_login" time="0.292" /><testcase classname="tests.test_elite_features.TestEliteAuth" name="test_pro_user_login" time="0.263" /><testcase classname="tests.test_elite_features.TestEliteStatus" name="test_elite_status_requires_auth" time="0.040" /><testcase classname="tests.test_elite_features.TestEliteStatus" name="test_elite_user_status_returns_elite_features" time="0.295" /><testcase classname="tests.test_elite_features.TestEliteStatus" name="test_pro_user_status_returns_non_elite" time="0.299" /><testcase classname="tests.test_elite_features.TestEliteWorkflows" name="test_workflows_returns_403_for_non_elite" time="0.296" /><testcase classname="tests.test_elite_features.TestEliteWorkflows" name="test_create_workflow_returns_403_for_non_elite" time="0.035" /><testcase classname="tests.test_elite_features.TestEliteWorkflows" name="test_get_workflows_for_elite_user" time="0.292" /><testcase classname="tests.test_elite_features.TestEliteWorkflows" name="test_create_workflow_for_elite_user" time="0.039" /><testcase classname="tests.test_elite_features.TestEliteWorkflows" name="test_get_specific_workflow" time="0.036" /><testcase classname="tests.test_elite_features.TestEliteWorkflows" name="test_update_workflow" time="0.038" /><testcase classname="tests.test_elite_features.TestEliteWorkflows" name="test_delete_workflow" time="0.068" /><testcase classname="tests.test_elite_features.TestWorkflowRun" name="test_run_workflow_on_proposal" time="8.937" /><testcase classname="tests.test_elite_features.TestBrandIntegrations" name="test_brands_returns_403_for_non_elite" time="0.353" /><testcase classname="tests.test_elite_features.TestBrandIntegrations" name="test_create_brand_returns_403_for_non_elite" time="0.033" /><testcase classname="tests.test_elite_features.TestBrandIntegrations" name="test_get_brands_for_elite_user" time="0.291" /><testcase classname="tests.test_elite_features.TestBrandIntegrations" name="test_create_brand_integration" time="0.039" /><testcase classname="tests.test_elite_features.TestBrandIntegrations" name="test_get_specific_brand" time="0.034" /><testcase classname="tests.test_elite_features.TestBrandIntegrations" name="test_update_brand_integration" time="0.033" /><testcase classname="tests.test_elite_features.TestBrandIntegrations" name="test_delete_brand_integration" time="0.072" /><testcase classname="tests.test_elite_features.TestEliteDashboard" name="test_dashboard_returns_403_for_non_elite" time="0.292" /><testcase classname="tests.test_elite_features.TestEliteDashboard" name="test_get_dashboard_for_elite_user" time="0.295" /><testcase classname="tests.test_elite_features.TestEliteDashboard" name="test_update_dashboard_config" time="0.040" /><testcase classname="tests.test_elite_features.TestAdaptiveIntelligence" name="test_adaptive_intelligence_returns_403_for_non_elite" time="0.290" /><testcase classname="tests.test_elite_features.TestAdaptiveIntelligence" name="test_get_adaptive_intelligence_for_elite_user" time="0.297" /><testcase classname="tests.test_elite_features.TestAdaptiveIntelligence" name="test_refresh_adaptive_intelligence" time="0.038" /><testcase classname="tests.test_elite_features.TestBrandAnalytics" name="test_get_brand_analytics_summary" time="0.293" /><testcase classname="tests.test_elite_features.TestEliteFeatureGating" name="test_elite_user_feature_access" time="0.294"><failure message="AssertionError: Failed: {&quot;detail&quot;:&quot;Not Found&quot;}&#10;assert 404 == 200&#10; +  where 404 = &lt;Response [404]&gt;.status_code">tests/test_elite_features.py:652: in test_elite_user_feature_access
    assert response.status_code == 200, f"Failed: {response.text}"
E   AssertionError: Failed: {"detail":"Not Found"}
E   assert 404 == 200
E    +  where 404 = &lt;Response [404]&gt;.status_code</failure></testcase><testcase classname="tests.test_elite_features.TestEliteFeatureGating" name="test_pro_user_no_elite_features" time="0.292"><failure message="AssertionError: Failed: {&quot;detail&quot;:&quot;Not Found&quot;}&#10;assert 404 == 200&#10; +  where 404 = &lt;Response [404]&gt;.status_code">tests/test_elite_features.py:666: in test_pro_user_no_elite_features
    assert response.status_code == 200, f"Failed: {response.text}"
E   AssertionError: Failed: {"detail":"Not Found"}
E   assert 404 == 200
E    +  where 404 = &lt;Response [404]&gt;.status_code</failure></testcase></testsuite></testsuites>