<?xml version="1.0" encoding="utf-8"?><testsuites name="pytest tests"><testsuite name="pytest" errors="0" failures="0" skipped="0" tests="14" time="4.093" timestamp="2026-01-20T05:05:00.184608+00:00" hostname="agent-env-61fd86a1-6e16-42ad-bbfc-7e3d48a74628"><testcase classname="tests.test_elite_contact.TestEliteContactFlow" name="test_elite_contact_requires_auth" time="0.058" /><testcase classname="tests.test_elite_contact.TestEliteContactFlow" name="test_elite_contact_requires_message" time="0.360" /><testcase classname="tests.test_elite_contact.TestEliteContactFlow" name="test_elite_contact_submit_success" time="0.272" /><testcase classname="tests.test_elite_contact.TestEliteContactFlow" name="test_elite_contact_minimal_data" time="0.307" /><testcase classname="tests.test_elite_contact.TestEliteContactFlow" name="test_elite_inquiries_requires_admin" time="0.270" /><testcase classname="tests.test_elite_contact.TestEliteContactFlow" name="test_elite_inquiries_admin_access" time="0.266" /><testcase classname="tests.test_elite_contact.TestEliteContactFlow" name="test_elite_inquiries_filter_by_status" time="0.270" /><testcase classname="tests.test_elite_contact.TestEliteContactFlow" name="test_elite_inquiry_structure" time="0.267" /><testcase classname="tests.test_elite_contact.TestEliteContactFlow" name="test_elite_inquiry_update_requires_admin" time="0.034" /><testcase classname="tests.test_elite_contact.TestEliteContactFlow" name="test_elite_inquiry_update_status" time="0.316" /><testcase classname="tests.test_elite_contact.TestEliteContactFlow" name="test_elite_inquiry_update_invalid_status" time="0.439" /><testcase classname="tests.test_elite_contact.TestEliteContactFlow" name="test_elite_inquiry_update_not_found" time="0.266" /><testcase classname="tests.test_elite_contact.TestEliteContactFlow" name="test_elite_inquiry_webhook_event" time="0.314" /><testcase classname="tests.test_elite_contact.TestEliteContactDataPersistence" name="test_inquiry_persisted_after_creation" time="0.586" /></testsuite></testsuites>