<?xml version="1.0" encoding="utf-8"?><testsuites name="pytest tests"><testsuite name="pytest" errors="0" failures="1" skipped="0" tests="14" time="3.833" timestamp="2026-01-20T05:04:33.202727+00:00" hostname="agent-env-61fd86a1-6e16-42ad-bbfc-7e3d48a74628"><testcase classname="tests.test_elite_contact.TestEliteContactFlow" name="test_elite_contact_requires_auth" time="0.068" /><testcase classname="tests.test_elite_contact.TestEliteContactFlow" name="test_elite_contact_requires_message" time="0.328" /><testcase classname="tests.test_elite_contact.TestEliteContactFlow" name="test_elite_contact_submit_success" time="0.266" /><testcase classname="tests.test_elite_contact.TestEliteContactFlow" name="test_elite_contact_minimal_data" time="0.277" /><testcase classname="tests.test_elite_contact.TestEliteContactFlow" name="test_elite_inquiries_requires_admin" time="0.271" /><testcase classname="tests.test_elite_contact.TestEliteContactFlow" name="test_elite_inquiries_admin_access" time="0.275" /><testcase classname="tests.test_elite_contact.TestEliteContactFlow" name="test_elite_inquiries_filter_by_status" time="0.278" /><testcase classname="tests.test_elite_contact.TestEliteContactFlow" name="test_elite_inquiry_structure" time="0.268" /><testcase classname="tests.test_elite_contact.TestEliteContactFlow" name="test_elite_inquiry_update_requires_admin" time="0.031" /><testcase classname="tests.test_elite_contact.TestEliteContactFlow" name="test_elite_inquiry_update_status" time="0.316" /><testcase classname="tests.test_elite_contact.TestEliteContactFlow" name="test_elite_inquiry_update_invalid_status" time="0.284" /><testcase classname="tests.test_elite_contact.TestEliteContactFlow" name="test_elite_inquiry_update_not_found" time="0.303" /><testcase classname="tests.test_elite_contact.TestEliteContactFlow" name="test_elite_inquiry_webhook_event" time="0.268"><failure message="AttributeError: 'list' object has no attribute 'get'">tests/test_elite_contact.py:314: in test_elite_inquiry_webhook_event
    events = data.get("events", [])
             ^^^^^^^^
E   AttributeError: 'list' object has no attribute 'get'</failure></testcase><testcase classname="tests.test_elite_contact.TestEliteContactDataPersistence" name="test_inquiry_persisted_after_creation" time="0.514" /></testsuite></testsuites>