<?xml version="1.0" encoding="utf-8"?><testsuites name="pytest tests"><testsuite name="pytest" errors="0" failures="0" skipped="0" tests="13" time="45.694" timestamp="2026-01-20T04:42:16.697984+00:00" hostname="agent-env-61fd86a1-6e16-42ad-bbfc-7e3d48a74628"><testcase classname="tests.test_email_notifications.TestEmailServiceStatus" name="test_email_status_requires_auth" time="0.061" /><testcase classname="tests.test_email_notifications.TestEmailServiceStatus" name="test_email_status_returns_configuration" time="0.312" /><testcase classname="tests.test_email_notifications.TestEmailTestEndpoint" name="test_email_test_requires_auth" time="0.034" /><testcase classname="tests.test_email_notifications.TestEmailTestEndpoint" name="test_email_test_fails_gracefully_when_not_configured" time="0.326" /><testcase classname="tests.test_email_notifications.TestEmailTestEndpoint" name="test_email_test_requires_to_email" time="0.354" /><testcase classname="tests.test_email_notifications.TestProposalSubmitEmailNotification" name="test_proposal_submit_includes_email_sent_field" time="6.923" /><testcase classname="tests.test_email_notifications.TestProposalStatusChangeEmailNotifications" name="test_status_approved_includes_email_sent" time="7.386" /><testcase classname="tests.test_email_notifications.TestProposalStatusChangeEmailNotifications" name="test_status_rejected_includes_email_sent" time="6.685" /><testcase classname="tests.test_email_notifications.TestProposalStatusChangeEmailNotifications" name="test_status_under_review_includes_email_sent" time="8.306" /><testcase classname="tests.test_email_notifications.TestProposalStatusChangeEmailNotifications" name="test_status_completed_includes_email_sent" time="8.469" /><testcase classname="tests.test_email_notifications.TestEmailServiceGracefulDegradation" name="test_email_service_returns_false_when_not_configured" time="0.328" /><testcase classname="tests.test_email_notifications.TestEmailServiceGracefulDegradation" name="test_proposal_operations_succeed_without_email" time="6.141" /><testcase classname="tests.test_email_notifications.TestEmailNotificationTypes" name="test_all_notification_types_listed_in_status" time="0.286" /></testsuite></testsuites>