<?xml version="1.0" encoding="utf-8"?><testsuites name="pytest tests"><testsuite name="pytest" errors="0" failures="8" skipped="0" tests="13" time="4.747" timestamp="2026-01-20T04:40:13.945157+00:00" hostname="agent-env-61fd86a1-6e16-42ad-bbfc-7e3d48a74628"><testcase classname="tests.test_email_notifications.TestEmailServiceStatus" name="test_email_status_requires_auth" time="0.093" /><testcase classname="tests.test_email_notifications.TestEmailServiceStatus" name="test_email_status_returns_configuration" time="0.274" /><testcase classname="tests.test_email_notifications.TestEmailTestEndpoint" name="test_email_test_requires_auth" time="0.036" /><testcase classname="tests.test_email_notifications.TestEmailTestEndpoint" name="test_email_test_fails_gracefully_when_not_configured" time="0.287"><failure message="AssertionError: Expected 503 when not configured, got 520&#10;assert 520 == 503&#10; +  where 520 = &lt;Response [520]&gt;.status_code">tests/test_email_notifications.py:147: in test_email_test_fails_gracefully_when_not_configured
    assert response.status_code == 503, f"Expected 503 when not configured, got {response.status_code}"
E   AssertionError: Expected 503 when not configured, got 520
E   assert 520 == 503
E    +  where 520 = &lt;Response [520]&gt;.status_code</failure></testcase><testcase classname="tests.test_email_notifications.TestEmailTestEndpoint" name="test_email_test_requires_to_email" time="0.314"><failure message="assert 520 == 503&#10; +  where 520 = &lt;Response [520]&gt;.status_code">tests/test_email_notifications.py:175: in test_email_test_requires_to_email
    assert response.status_code == 503
E   assert 520 == 503
E    +  where 520 = &lt;Response [520]&gt;.status_code</failure></testcase><testcase classname="tests.test_email_notifications.TestProposalSubmitEmailNotification" name="test_proposal_submit_includes_email_sent_field" time="0.284"><failure message="AssertionError: Failed to create draft proposal&#10;assert None">tests/test_email_notifications.py:227: in test_proposal_submit_includes_email_sent_field
    assert proposal_id, "Failed to create draft proposal"
E   AssertionError: Failed to create draft proposal
E   assert None</failure></testcase><testcase classname="tests.test_email_notifications.TestProposalStatusChangeEmailNotifications" name="test_status_approved_includes_email_sent" time="0.505"><failure message="AssertionError: Failed to create and submit proposal&#10;assert None">tests/test_email_notifications.py:317: in test_status_approved_includes_email_sent
    assert proposal_id, "Failed to create and submit proposal"
E   AssertionError: Failed to create and submit proposal
E   assert None</failure></testcase><testcase classname="tests.test_email_notifications.TestProposalStatusChangeEmailNotifications" name="test_status_rejected_includes_email_sent" time="0.499"><failure message="AssertionError: Failed to create and submit proposal&#10;assert None">tests/test_email_notifications.py:348: in test_status_rejected_includes_email_sent
    assert proposal_id, "Failed to create and submit proposal"
E   AssertionError: Failed to create and submit proposal
E   assert None</failure></testcase><testcase classname="tests.test_email_notifications.TestProposalStatusChangeEmailNotifications" name="test_status_under_review_includes_email_sent" time="0.547"><failure message="AssertionError: Failed to create and submit proposal&#10;assert None">tests/test_email_notifications.py:376: in test_status_under_review_includes_email_sent
    assert proposal_id, "Failed to create and submit proposal"
E   AssertionError: Failed to create and submit proposal
E   assert None</failure></testcase><testcase classname="tests.test_email_notifications.TestProposalStatusChangeEmailNotifications" name="test_status_completed_includes_email_sent" time="0.547"><failure message="AssertionError: Failed to create and submit proposal&#10;assert None">tests/test_email_notifications.py:403: in test_status_completed_includes_email_sent
    assert proposal_id, "Failed to create and submit proposal"
E   AssertionError: Failed to create and submit proposal
E   assert None</failure></testcase><testcase classname="tests.test_email_notifications.TestEmailServiceGracefulDegradation" name="test_email_service_returns_false_when_not_configured" time="0.310" /><testcase classname="tests.test_email_notifications.TestEmailServiceGracefulDegradation" name="test_proposal_operations_succeed_without_email" time="0.584"><failure message="AssertionError: Failed to create proposal&#10;assert 200 == 201&#10; +  where 200 = &lt;Response [200]&gt;.status_code">tests/test_email_notifications.py:503: in test_proposal_operations_succeed_without_email
    assert create_response.status_code == 201, "Failed to create proposal"
E   AssertionError: Failed to create proposal
E   assert 200 == 201
E    +  where 200 = &lt;Response [200]&gt;.status_code</failure></testcase><testcase classname="tests.test_email_notifications.TestEmailNotificationTypes" name="test_all_notification_types_listed_in_status" time="0.269" /></testsuite></testsuites>