<?xml version="1.0" encoding="utf-8"?><testsuites name="pytest tests"><testsuite name="pytest" errors="0" failures="0" skipped="30" tests="32" time="0.515" timestamp="2026-01-30T08:59:58.833430+00:00" hostname="agent-env-ed355c40-7921-4a9e-8a4b-3e33102ac538"><testcase classname="backend.tests.test_engine_phase3.TestEnginesStatus" name="test_engines_status_requires_auth" time="0.076" /><testcase classname="backend.tests.test_engine_phase3.TestEnginesStatus" name="test_engines_status_returns_initialized" time="0.288"><skipped type="pytest.skip" message="Could not authenticate free tier user">/app/backend/tests/test_engine_phase3.py:87: Could not authenticate free tier user</skipped></testcase><testcase classname="backend.tests.test_engine_phase3.TestEnginesStatus" name="test_engines_status_returns_overall_health" time="0.000"><skipped type="pytest.skip" message="Could not authenticate free tier user">/app/backend/tests/test_engine_phase3.py:101: Could not authenticate free tier user</skipped></testcase><testcase classname="backend.tests.test_engine_phase3.TestEnginesStatus" name="test_engines_status_returns_summary" time="0.000"><skipped type="pytest.skip" message="Could not authenticate free tier user">/app/backend/tests/test_engine_phase3.py:116: Could not authenticate free tier user</skipped></testcase><testcase classname="backend.tests.test_engine_phase3.TestEnginesStatus" name="test_engines_status_returns_engines_list" time="0.000"><skipped type="pytest.skip" message="Could not authenticate free tier user">/app/backend/tests/test_engine_phase3.py:146: Could not authenticate free tier user</skipped></testcase><testcase classname="backend.tests.test_engine_phase3.TestEnginesStatus" name="test_engines_status_health_and_warnings" time="0.000"><skipped type="pytest.skip" message="Could not authenticate free tier user">/app/backend/tests/test_engine_phase3.py:174: Could not authenticate free tier user</skipped></testcase><testcase classname="backend.tests.test_engine_phase3.TestEnginesStatus" name="test_engines_status_display_names" time="0.000"><skipped type="pytest.skip" message="Could not authenticate free tier user">/app/backend/tests/test_engine_phase3.py:198: Could not authenticate free tier user</skipped></testcase><testcase classname="backend.tests.test_engine_phase3.TestEnginesStatus" name="test_engines_status_inputs_outputs_structure" time="0.000"><skipped type="pytest.skip" message="Could not authenticate free tier user">/app/backend/tests/test_engine_phase3.py:217: Could not authenticate free tier user</skipped></testcase><testcase classname="backend.tests.test_engine_phase3.TestEnginesStatus" name="test_engines_status_dependencies_structure" time="0.000"><skipped type="pytest.skip" message="Could not authenticate free tier user">/app/backend/tests/test_engine_phase3.py:244: Could not authenticate free tier user</skipped></testcase><testcase classname="backend.tests.test_engine_phase3.TestEngineDetails" name="test_engine_details_requires_auth" time="0.041" /><testcase classname="backend.tests.test_engine_phase3.TestEngineDetails" name="test_engine_details_invalid_engine_id" time="0.000"><skipped type="pytest.skip" message="Could not authenticate free tier user">/app/backend/tests/test_engine_phase3.py:277: Could not authenticate free tier user</skipped></testcase><testcase classname="backend.tests.test_engine_phase3.TestEngineDetails" name="test_engine_details_returns_full_config" time="0.000"><skipped type="pytest.skip" message="Could not authenticate free tier user">/app/backend/tests/test_engine_phase3.py:286: Could not authenticate free tier user</skipped></testcase><testcase classname="backend.tests.test_engine_phase3.TestEngineDetails" name="test_engine_details_inputs_completion" time="0.000"><skipped type="pytest.skip" message="Could not authenticate free tier user">/app/backend/tests/test_engine_phase3.py:307: Could not authenticate free tier user</skipped></testcase><testcase classname="backend.tests.test_engine_phase3.TestEngineDetails" name="test_engine_details_outputs_availability" time="0.000"><skipped type="pytest.skip" message="Could not authenticate free tier user">/app/backend/tests/test_engine_phase3.py:332: Could not authenticate free tier user</skipped></testcase><testcase classname="backend.tests.test_engine_phase3.TestEngineDetails" name="test_engine_details_rules_with_status" time="0.000"><skipped type="pytest.skip" message="Could not authenticate free tier user">/app/backend/tests/test_engine_phase3.py:357: Could not authenticate free tier user</skipped></testcase><testcase classname="backend.tests.test_engine_phase3.TestEngineDetails" name="test_engine_details_dependencies_display_names" time="0.000"><skipped type="pytest.skip" message="Could not authenticate free tier user">/app/backend/tests/test_engine_phase3.py:381: Could not authenticate free tier user</skipped></testcase><testcase classname="backend.tests.test_engine_phase3.TestEngineDetails" name="test_engine_details_connected_modules" time="0.000"><skipped type="pytest.skip" message="Could not authenticate free tier user">/app/backend/tests/test_engine_phase3.py:405: Could not authenticate free tier user</skipped></testcase><testcase classname="backend.tests.test_engine_phase3.TestEngineDetails" name="test_engine_details_state_structure" time="0.000"><skipped type="pytest.skip" message="Could not authenticate free tier user">/app/backend/tests/test_engine_phase3.py:430: Could not authenticate free tier user</skipped></testcase><testcase classname="backend.tests.test_engine_phase3.TestEngineDetails" name="test_engine_details_health_structure" time="0.000"><skipped type="pytest.skip" message="Could not authenticate free tier user">/app/backend/tests/test_engine_phase3.py:455: Could not authenticate free tier user</skipped></testcase><testcase classname="backend.tests.test_engine_phase3.TestEngineDetails" name="test_all_engines_details" time="0.000"><skipped type="pytest.skip" message="Could not authenticate free tier user">/app/backend/tests/test_engine_phase3.py:476: Could not authenticate free tier user</skipped></testcase><testcase classname="backend.tests.test_engine_phase3.TestEngineDependencies" name="test_role_engine_depends_on_business" time="0.000"><skipped type="pytest.skip" message="Could not authenticate free tier user">/app/backend/tests/test_engine_phase3.py:497: Could not authenticate free tier user</skipped></testcase><testcase classname="backend.tests.test_engine_phase3.TestEngineDependencies" name="test_income_engine_dependencies" time="0.000"><skipped type="pytest.skip" message="Could not authenticate free tier user">/app/backend/tests/test_engine_phase3.py:513: Could not authenticate free tier user</skipped></testcase><testcase classname="backend.tests.test_engine_phase3.TestEngineDependencies" name="test_business_engine_no_dependencies" time="0.000"><skipped type="pytest.skip" message="Could not authenticate free tier user">/app/backend/tests/test_engine_phase3.py:531: Could not authenticate free tier user</skipped></testcase><testcase classname="backend.tests.test_engine_phase3.TestEngineDependencies" name="test_engagement_engine_no_dependencies" time="0.000"><skipped type="pytest.skip" message="Could not authenticate free tier user">/app/backend/tests/test_engine_phase3.py:546: Could not authenticate free tier user</skipped></testcase><testcase classname="backend.tests.test_engine_phase3.TestEngineProgressUpdate" name="test_update_engine_progress" time="0.000"><skipped type="pytest.skip" message="Could not authenticate free tier user">/app/backend/tests/test_engine_phase3.py:567: Could not authenticate free tier user</skipped></testcase><testcase classname="backend.tests.test_engine_phase3.TestEngineProgressUpdate" name="test_verify_progress_persisted" time="0.000"><skipped type="pytest.skip" message="Could not authenticate free tier user">/app/backend/tests/test_engine_phase3.py:584: Could not authenticate free tier user</skipped></testcase><testcase classname="backend.tests.test_engine_phase3.TestEngineService" name="test_engine_inputs_structure" time="0.000"><skipped type="pytest.skip" message="Could not authenticate free tier user">/app/backend/tests/test_engine_phase3.py:613: Could not authenticate free tier user</skipped></testcase><testcase classname="backend.tests.test_engine_phase3.TestEngineService" name="test_engine_outputs_structure" time="0.000"><skipped type="pytest.skip" message="Could not authenticate free tier user">/app/backend/tests/test_engine_phase3.py:634: Could not authenticate free tier user</skipped></testcase><testcase classname="backend.tests.test_engine_phase3.TestEngineService" name="test_engine_rules_structure" time="0.000"><skipped type="pytest.skip" message="Could not authenticate free tier user">/app/backend/tests/test_engine_phase3.py:655: Could not authenticate free tier user</skipped></testcase><testcase classname="backend.tests.test_engine_phase3.TestFreeUserEngineState" name="test_free_user_engagement_engine_active" time="0.000"><skipped type="pytest.skip" message="Could not authenticate free tier user">/app/backend/tests/test_engine_phase3.py:677: Could not authenticate free tier user</skipped></testcase><testcase classname="backend.tests.test_engine_phase3.TestFreeUserEngineState" name="test_free_user_income_engine_pending" time="0.000"><skipped type="pytest.skip" message="Could not authenticate free tier user">/app/backend/tests/test_engine_phase3.py:692: Could not authenticate free tier user</skipped></testcase><testcase classname="backend.tests.test_engine_phase3.TestFreeUserEngineState" name="test_free_user_business_engine_inactive" time="0.000"><skipped type="pytest.skip" message="Could not authenticate free tier user">/app/backend/tests/test_engine_phase3.py:712: Could not authenticate free tier user</skipped></testcase></testsuite></testsuites>