<?xml version="1.0" encoding="utf-8"?><testsuites name="pytest tests"><testsuite name="pytest" errors="0" failures="0" skipped="0" tests="30" time="1.108" timestamp="2026-01-30T08:46:18.637916+00:00" hostname="agent-env-ed355c40-7921-4a9e-8a4b-3e33102ac538"><testcase classname="backend.tests.test_engines_modules.TestEngineEndpoints" name="test_list_engines_requires_auth" time="0.345" /><testcase classname="backend.tests.test_engines_modules.TestEngineEndpoints" name="test_list_engines_returns_all_four" time="0.015" /><testcase classname="backend.tests.test_engines_modules.TestEngineEndpoints" name="test_list_engines_has_display_names" time="0.010" /><testcase classname="backend.tests.test_engines_modules.TestEngineEndpoints" name="test_list_engines_has_summary" time="0.051" /><testcase classname="backend.tests.test_engines_modules.TestEngineEndpoints" name="test_get_single_engine_valid" time="0.018" /><testcase classname="backend.tests.test_engines_modules.TestEngineEndpoints" name="test_get_single_engine_invalid" time="0.054" /><testcase classname="backend.tests.test_engines_modules.TestEngineEndpoints" name="test_get_engine_summary_overview" time="0.017" /><testcase classname="backend.tests.test_engines_modules.TestEngineEndpoints" name="test_update_engine_progress" time="0.067" /><testcase classname="backend.tests.test_engines_modules.TestEngineEndpoints" name="test_update_engine_progress_invalid_engine" time="0.016" /><testcase classname="backend.tests.test_engines_modules.TestModuleEndpoints" name="test_list_modules_requires_auth" time="0.013" /><testcase classname="backend.tests.test_engines_modules.TestModuleEndpoints" name="test_list_modules_returns_all" time="0.011" /><testcase classname="backend.tests.test_engines_modules.TestModuleEndpoints" name="test_list_unlocked_modules" time="0.019" /><testcase classname="backend.tests.test_engines_modules.TestModuleEndpoints" name="test_get_single_module_valid" time="0.057" /><testcase classname="backend.tests.test_engines_modules.TestModuleEndpoints" name="test_get_single_module_invalid" time="0.010" /><testcase classname="backend.tests.test_engines_modules.TestModuleEndpoints" name="test_activate_module" time="0.035" /><testcase classname="backend.tests.test_engines_modules.TestModuleEndpoints" name="test_activate_locked_module_fails" time="0.011" /><testcase classname="backend.tests.test_engines_modules.TestModuleEndpoints" name="test_deactivate_module" time="0.041" /><testcase classname="backend.tests.test_engines_modules.TestModuleEndpoints" name="test_get_modules_by_engine" time="0.011" /><testcase classname="backend.tests.test_engines_modules.TestModuleEndpoints" name="test_get_modules_by_engine_invalid" time="0.030" /><testcase classname="backend.tests.test_engines_modules.TestModuleEndpoints" name="test_get_modules_by_track" time="0.011" /><testcase classname="backend.tests.test_engines_modules.TestModuleEndpoints" name="test_get_modules_by_track_invalid" time="0.009" /><testcase classname="backend.tests.test_engines_modules.TestTrackAssignment" name="test_creator_track_assignment" time="0.011" /><testcase classname="backend.tests.test_engines_modules.TestTrackAssignment" name="test_creator_track_modules" time="0.010" /><testcase classname="backend.tests.test_engines_modules.TestEngineActivation" name="test_selected_engines_are_active" time="0.051" /><testcase classname="backend.tests.test_engines_modules.TestEngineActivation" name="test_engine_dependencies_tracked" time="0.012" /><testcase classname="backend.tests.test_engines_modules.TestModuleUnlocking" name="test_core_modules_always_unlocked" time="0.010" /><testcase classname="backend.tests.test_engines_modules.TestModuleUnlocking" name="test_engine_modules_unlocked_when_engine_selected" time="0.011" /><testcase classname="backend.tests.test_engines_modules.TestModuleUnlocking" name="test_unselected_engine_modules_locked" time="0.010" /><testcase classname="backend.tests.test_engines_modules.TestCommandCenterIntegration" name="test_command_center_engine_count" time="0.010" /><testcase classname="backend.tests.test_engines_modules.TestCommandCenterIntegration" name="test_command_center_module_count" time="0.021" /></testsuite></testsuites>