<?xml version="1.0" encoding="utf-8"?><testsuites name="pytest tests"><testsuite name="pytest" errors="0" failures="0" skipped="0" tests="32" time="1.795" timestamp="2026-01-30T09:00:20.451420+00:00" hostname="agent-env-ed355c40-7921-4a9e-8a4b-3e33102ac538"><testcase classname="backend.tests.test_engine_phase3.TestEnginesStatus" name="test_engines_status_requires_auth" time="0.064" /><testcase classname="backend.tests.test_engine_phase3.TestEnginesStatus" name="test_engines_status_returns_initialized" time="0.324" /><testcase classname="backend.tests.test_engine_phase3.TestEnginesStatus" name="test_engines_status_returns_overall_health" time="0.042" /><testcase classname="backend.tests.test_engine_phase3.TestEnginesStatus" name="test_engines_status_returns_summary" time="0.045" /><testcase classname="backend.tests.test_engine_phase3.TestEnginesStatus" name="test_engines_status_returns_engines_list" time="0.045" /><testcase classname="backend.tests.test_engine_phase3.TestEnginesStatus" name="test_engines_status_health_and_warnings" time="0.045" /><testcase classname="backend.tests.test_engine_phase3.TestEnginesStatus" name="test_engines_status_display_names" time="0.043" /><testcase classname="backend.tests.test_engine_phase3.TestEnginesStatus" name="test_engines_status_inputs_outputs_structure" time="0.038" /><testcase classname="backend.tests.test_engine_phase3.TestEnginesStatus" name="test_engines_status_dependencies_structure" time="0.040" /><testcase classname="backend.tests.test_engine_phase3.TestEngineDetails" name="test_engine_details_requires_auth" time="0.043" /><testcase classname="backend.tests.test_engine_phase3.TestEngineDetails" name="test_engine_details_invalid_engine_id" time="0.039" /><testcase classname="backend.tests.test_engine_phase3.TestEngineDetails" name="test_engine_details_returns_full_config" time="0.036" /><testcase classname="backend.tests.test_engine_phase3.TestEngineDetails" name="test_engine_details_inputs_completion" time="0.042" /><testcase classname="backend.tests.test_engine_phase3.TestEngineDetails" name="test_engine_details_outputs_availability" time="0.040" /><testcase classname="backend.tests.test_engine_phase3.TestEngineDetails" name="test_engine_details_rules_with_status" time="0.044" /><testcase classname="backend.tests.test_engine_phase3.TestEngineDetails" name="test_engine_details_dependencies_display_names" time="0.037" /><testcase classname="backend.tests.test_engine_phase3.TestEngineDetails" name="test_engine_details_connected_modules" time="0.041" /><testcase classname="backend.tests.test_engine_phase3.TestEngineDetails" name="test_engine_details_state_structure" time="0.040" /><testcase classname="backend.tests.test_engine_phase3.TestEngineDetails" name="test_engine_details_health_structure" time="0.039" /><testcase classname="backend.tests.test_engine_phase3.TestEngineDetails" name="test_all_engines_details" time="0.085" /><testcase classname="backend.tests.test_engine_phase3.TestEngineDependencies" name="test_role_engine_depends_on_business" time="0.035" /><testcase classname="backend.tests.test_engine_phase3.TestEngineDependencies" name="test_income_engine_dependencies" time="0.038" /><testcase classname="backend.tests.test_engine_phase3.TestEngineDependencies" name="test_business_engine_no_dependencies" time="0.039" /><testcase classname="backend.tests.test_engine_phase3.TestEngineDependencies" name="test_engagement_engine_no_dependencies" time="0.039" /><testcase classname="backend.tests.test_engine_phase3.TestEngineProgressUpdate" name="test_update_engine_progress" time="0.041" /><testcase classname="backend.tests.test_engine_phase3.TestEngineProgressUpdate" name="test_verify_progress_persisted" time="0.050" /><testcase classname="backend.tests.test_engine_phase3.TestEngineService" name="test_engine_inputs_structure" time="0.043" /><testcase classname="backend.tests.test_engine_phase3.TestEngineService" name="test_engine_outputs_structure" time="0.047" /><testcase classname="backend.tests.test_engine_phase3.TestEngineService" name="test_engine_rules_structure" time="0.039" /><testcase classname="backend.tests.test_engine_phase3.TestFreeUserEngineState" name="test_free_user_engagement_engine_active" time="0.039" /><testcase classname="backend.tests.test_engine_phase3.TestFreeUserEngineState" name="test_free_user_income_engine_pending" time="0.038" /><testcase classname="backend.tests.test_engine_phase3.TestFreeUserEngineState" name="test_free_user_business_engine_inactive" time="0.039" /></testsuite></testsuites>