<?xml version="1.0" encoding="utf-8"?><testsuites name="pytest tests"><testsuite name="pytest" errors="0" failures="0" skipped="2" tests="13" time="2.229" timestamp="2026-01-20T18:36:02.088920+00:00" hostname="agent-env-221a8416-4115-48f2-b40c-76e12b536768"><testcase classname="tests.test_export_feature.TestExportFeatureGating" name="test_export_proposals_json_format" time="0.338" /><testcase classname="tests.test_export_feature.TestExportFeatureGating" name="test_export_proposals_csv_format" time="0.041" /><testcase classname="tests.test_export_feature.TestExportFeatureGating" name="test_export_proposals_date_ranges" time="0.196" /><testcase classname="tests.test_export_feature.TestExportFeatureGating" name="test_export_analytics_json_format" time="0.037" /><testcase classname="tests.test_export_feature.TestExportFeatureGating" name="test_export_analytics_csv_format" time="0.039" /><testcase classname="tests.test_export_feature.TestExportAccessControl" name="test_free_user_denied_proposals_export" time="0.528"><skipped type="pytest.skip" message="Free creator login failed: 403">/app/tests/test_export_feature.py:193: Free creator login failed: 403</skipped></testcase><testcase classname="tests.test_export_feature.TestExportAccessControl" name="test_free_user_denied_analytics_export" time="0.000"><skipped type="pytest.skip" message="Free creator login failed: 403">/app/tests/test_export_feature.py:212: Free creator login failed: 403</skipped></testcase><testcase classname="tests.test_export_feature.TestPremiumExportFeatures" name="test_full_report_requires_premium" time="0.341" /><testcase classname="tests.test_export_feature.TestPremiumExportFeatures" name="test_revenue_export_requires_premium" time="0.037" /><testcase classname="tests.test_export_feature.TestExportDataIntegrity" name="test_proposals_export_matches_api_data" time="0.333" /><testcase classname="tests.test_export_feature.TestExportDataIntegrity" name="test_analytics_export_has_valid_metrics" time="0.039" /><testcase classname="tests.test_export_feature.TestExportEndpointSecurity" name="test_export_requires_authentication" time="0.142" /><testcase classname="tests.test_export_feature.TestExportEndpointSecurity" name="test_export_with_invalid_token" time="0.037" /></testsuite></testsuites>