<?xml version="1.0" encoding="utf-8"?><testsuites name="pytest tests"><testsuite name="pytest" errors="0" failures="0" skipped="0" tests="14" time="1.877" timestamp="2026-01-30T11:31:19.246505+00:00" hostname="agent-env-05f48d7c-b805-4ec4-ab85-f111d19e9821"><testcase classname="backend.tests.test_expression_phase.TestInventoryItemDetail" name="test_get_inventory_list" time="0.365" /><testcase classname="backend.tests.test_expression_phase.TestInventoryItemDetail" name="test_create_asset_item" time="0.044" /><testcase classname="backend.tests.test_expression_phase.TestInventoryItemDetail" name="test_get_item_detail" time="0.162" /><testcase classname="backend.tests.test_expression_phase.TestInventoryItemDetail" name="test_update_item_with_notes" time="0.122" /><testcase classname="backend.tests.test_expression_phase.TestInventoryItemDetail" name="test_get_nonexistent_item_returns_404" time="0.082" /><testcase classname="backend.tests.test_expression_phase.TestAssetUpload" name="test_upload_endpoint_requires_file" time="0.077" /><testcase classname="backend.tests.test_expression_phase.TestAssetUpload" name="test_upload_file_to_item" time="0.122" /><testcase classname="backend.tests.test_expression_phase.TestAssetUpload" name="test_upload_image_file" time="0.124" /><testcase classname="backend.tests.test_expression_phase.TestWorkflowTriggers" name="test_create_workflow_with_triggers" time="0.075" /><testcase classname="backend.tests.test_expression_phase.TestWorkflowTriggers" name="test_manual_workflow_execution" time="0.154" /><testcase classname="backend.tests.test_expression_phase.TestWorkflowTriggers" name="test_task_completion_triggers_workflow" time="0.273" /><testcase classname="backend.tests.test_expression_phase.TestWorkflowTriggers" name="test_execute_nonexistent_workflow_returns_404" time="0.036" /><testcase classname="backend.tests.test_expression_phase.TestWorkflowTriggers" name="test_all_trigger_types_supported" time="0.081" /><testcase classname="backend.tests.test_expression_phase.TestCleanup" name="test_cleanup_test_items" time="0.076" /></testsuite></testsuites>