<?xml version="1.0" encoding="utf-8"?><testsuites name="pytest tests"><testsuite name="pytest" errors="0" failures="0" skipped="1" tests="19" time="1.404" timestamp="2026-01-20T03:00:02.899982+00:00" hostname="agent-env-656d174e-8dc4-42f3-9999-50e4ad2aafea"><testcase classname="tests.test_feature_gating.TestSubscriptionPlansFeatures" name="test_plans_returns_8_plans_with_5_tiers" time="0.058" /><testcase classname="tests.test_feature_gating.TestSubscriptionPlansFeatures" name="test_free_tier_features" time="0.039" /><testcase classname="tests.test_feature_gating.TestSubscriptionPlansFeatures" name="test_starter_tier_features" time="0.035" /><testcase classname="tests.test_feature_gating.TestSubscriptionPlansFeatures" name="test_pro_tier_features" time="0.037" /><testcase classname="tests.test_feature_gating.TestSubscriptionPlansFeatures" name="test_premium_tier_features" time="0.048" /><testcase classname="tests.test_feature_gating.TestSubscriptionPlansFeatures" name="test_elite_tier_features" time="0.035" /><testcase classname="tests.test_feature_gating.TestSubscriptionStatus" name="test_status_requires_auth" time="0.037" /><testcase classname="tests.test_feature_gating.TestSubscriptionStatus" name="test_status_returns_tier_info" time="0.299" /><testcase classname="tests.test_feature_gating.TestSubscriptionStatus" name="test_status_shows_proposal_usage" time="0.036" /><testcase classname="tests.test_feature_gating.TestFeatureAccess" name="test_feature_access_requires_auth" time="0.037" /><testcase classname="tests.test_feature_gating.TestFeatureAccess" name="test_feature_access_returns_full_info" time="0.033" /><testcase classname="tests.test_feature_gating.TestCanCreateProposal" name="test_can_create_requires_auth" time="0.030" /><testcase classname="tests.test_feature_gating.TestCanCreateProposal" name="test_can_create_returns_limit_info" time="0.037" /><testcase classname="tests.test_feature_gating.TestCanCreateProposal" name="test_free_tier_limit_is_1" time="0.034" /><testcase classname="tests.test_feature_gating.TestProposalLimitEnforcement" name="test_proposal_blocked_when_limit_reached" time="0.041" /><testcase classname="tests.test_feature_gating.TestProposalLimitEnforcement" name="test_proposal_blocked_returns_upgrade_url" time="0.037" /><testcase classname="tests.test_feature_gating.TestArrisInsightFiltering" name="test_free_tier_gets_summary_only" time="0.034" /><testcase classname="tests.test_feature_gating.TestArrisInsightFiltering" name="test_gated_prompts_show_upgrade_message" time="0.041"><skipped type="pytest.skip" message="No proposals with gated insights found">/app/tests/test_feature_gating.py:392: No proposals with gated insights found</skipped></testcase><testcase classname="tests.test_feature_gating.TestIntegrationFlow" name="test_free_tier_complete_flow" time="0.390" /></testsuite></testsuites>