<?xml version="1.0" encoding="utf-8"?><testsuites name="pytest tests"><testsuite name="pytest" errors="0" failures="8" skipped="0" tests="43" time="116.218" timestamp="2026-01-25T15:27:11.461830+00:00" hostname="agent-env-9c078b98-840d-47a2-ae72-18e2b45439f1"><testcase classname="tests.test_full_regression.TestProposalsWorkflow" name="test_01_form_options" time="1.191" /><testcase classname="tests.test_full_regression.TestProposalsWorkflow" name="test_02_create_proposal" time="1.176" /><testcase classname="tests.test_full_regression.TestProposalsWorkflow" name="test_03_get_proposal" time="1.152" /><testcase classname="tests.test_full_regression.TestProposalsWorkflow" name="test_04_submit_proposal_generates_arris" time="10.787" /><testcase classname="tests.test_full_regression.TestProposalsWorkflow" name="test_05_admin_update_proposal" time="8.507" /><testcase classname="tests.test_full_regression.TestProposalsWorkflow" name="test_06_stats_summary" time="1.073" /><testcase classname="tests.test_full_regression.TestProposalsWorkflow" name="test_07_generate_recommendations" time="8.071" /><testcase classname="tests.test_full_regression.TestSubscriptionsWorkflow" name="test_01_plans" time="1.071" /><testcase classname="tests.test_full_regression.TestSubscriptionsWorkflow" name="test_02_my_status_free" time="1.133" /><testcase classname="tests.test_full_regression.TestSubscriptionsWorkflow" name="test_03_my_status_pro" time="1.071" /><testcase classname="tests.test_full_regression.TestSubscriptionsWorkflow" name="test_04_my_status_elite" time="1.068" /><testcase classname="tests.test_full_regression.TestSubscriptionsWorkflow" name="test_05_feature_access" time="1.130" /><testcase classname="tests.test_full_regression.TestSubscriptionsWorkflow" name="test_06_can_create_proposal" time="1.073" /><testcase classname="tests.test_full_regression.TestSubscriptionsWorkflow" name="test_07_checkout_requires_plan_id" time="1.072" /><testcase classname="tests.test_full_regression.TestSubscriptionsWorkflow" name="test_08_checkout_creates_session" time="1.686" /><testcase classname="tests.test_full_regression.TestSubscriptionsWorkflow" name="test_09_usage" time="1.087" /><testcase classname="tests.test_full_regression.TestSubscriptionsWorkflow" name="test_10_admin_stats" time="1.075" /><testcase classname="tests.test_full_regression.TestARRISWorkflow" name="test_01_memory_summary" time="0.564" /><testcase classname="tests.test_full_regression.TestARRISWorkflow" name="test_02_patterns" time="0.596" /><testcase classname="tests.test_full_regression.TestARRISWorkflow" name="test_03_learning_insights" time="0.546"><failure message="AssertionError: Expected 200, got 404&#10;assert 404 == 200&#10; +  where 404 = &lt;Response [404]&gt;.status_code">tests/test_full_regression.py:486: in test_03_learning_insights
    assert response.status_code == 200, f"Expected 200, got {response.status_code}"
E   AssertionError: Expected 200, got 404
E   assert 404 == 200
E    +  where 404 = &lt;Response [404]&gt;.status_code</failure></testcase><testcase classname="tests.test_full_regression.TestARRISWorkflow" name="test_04_activity_feed" time="0.556"><failure message="AssertionError: Expected 200, got 404&#10;assert 404 == 200&#10; +  where 404 = &lt;Response [404]&gt;.status_code">tests/test_full_regression.py:500: in test_04_activity_feed
    assert response.status_code == 200, f"Expected 200, got {response.status_code}"
E   AssertionError: Expected 200, got 404
E   assert 404 == 200
E    +  where 404 = &lt;Response [404]&gt;.status_code</failure></testcase><testcase classname="tests.test_full_regression.TestARRISWorkflow" name="test_05_queue_stats" time="0.550" /><testcase classname="tests.test_full_regression.TestReferralWorkflow" name="test_01_generate_code" time="0.854" /><testcase classname="tests.test_full_regression.TestReferralWorkflow" name="test_02_stats" time="0.821"><failure message="AssertionError: Expected 200, got 404&#10;assert 404 == 200&#10; +  where 404 = &lt;Response [404]&gt;.status_code">tests/test_full_regression.py:557: in test_02_stats
    assert response.status_code == 200, f"Expected 200, got {response.status_code}"
E   AssertionError: Expected 200, got 404
E   assert 404 == 200
E    +  where 404 = &lt;Response [404]&gt;.status_code</failure></testcase><testcase classname="tests.test_full_regression.TestReferralWorkflow" name="test_03_my_referrals" time="0.849" /><testcase classname="tests.test_full_regression.TestReferralWorkflow" name="test_04_admin_stats" time="0.808"><failure message="AssertionError: Expected 200, got 404&#10;assert 404 == 200&#10; +  where 404 = &lt;Response [404]&gt;.status_code">tests/test_full_regression.py:585: in test_04_admin_stats
    assert response.status_code == 200, f"Expected 200, got {response.status_code}"
E   AssertionError: Expected 200, got 404
E   assert 404 == 200
E    +  where 404 = &lt;Response [404]&gt;.status_code</failure></testcase><testcase classname="tests.test_full_regression.TestWaitlistWorkflow" name="test_01_signup" time="0.338"><failure message="AssertionError: Expected 200/201/409, got 400&#10;assert 400 in [200, 201, 409]&#10; +  where 400 = &lt;Response [400]&gt;.status_code">tests/test_full_regression.py:613: in test_01_signup
    assert response.status_code in [200, 201, 409], f"Expected 200/201/409, got {response.status_code}"
E   AssertionError: Expected 200/201/409, got 400
E   assert 400 in [200, 201, 409]
E    +  where 400 = &lt;Response [400]&gt;.status_code</failure></testcase><testcase classname="tests.test_full_regression.TestWaitlistWorkflow" name="test_02_position" time="52.274" /><testcase classname="tests.test_full_regression.TestWaitlistWorkflow" name="test_03_admin_stats" time="0.311" /><testcase classname="tests.test_full_regression.TestWaitlistWorkflow" name="test_04_admin_signups" time="0.299" /><testcase classname="tests.test_full_regression.TestEliteWorkflow" name="test_01_status" time="0.550" /><testcase classname="tests.test_full_regression.TestEliteWorkflow" name="test_02_dashboard" time="0.561" /><testcase classname="tests.test_full_regression.TestEliteWorkflow" name="test_03_free_user_gated" time="0.562" /><testcase classname="tests.test_full_regression.TestCrossFeatureIntegration" name="test_01_feature_gating_across_tiers" time="1.150" /><testcase classname="tests.test_full_regression.TestCrossFeatureIntegration" name="test_02_proposal_respects_subscription_limits" time="1.069" /><testcase classname="tests.test_full_regression.TestCrossFeatureIntegration" name="test_03_arris_insights_on_proposal_submission" time="7.604" /><testcase classname="tests.test_full_regression.TestCrossFeatureIntegration" name="test_04_referral_code_validation" time="1.142"><failure message="AssertionError: Signup should work with referral code&#10;assert 400 in [200, 201, 409]&#10; +  where 400 = &lt;Response [400]&gt;.status_code">tests/test_full_regression.py:867: in test_04_referral_code_validation
    assert signup_response.status_code in [200, 201, 409], f"Signup should work with referral code"
E   AssertionError: Signup should work with referral code
E   assert 400 in [200, 201, 409]
E    +  where 400 = &lt;Response [400]&gt;.status_code</failure></testcase><testcase classname="tests.test_full_regression.TestRouteRegistration" name="test_proposals_routes_registered" time="0.072" /><testcase classname="tests.test_full_regression.TestRouteRegistration" name="test_subscriptions_routes_registered" time="0.181" /><testcase classname="tests.test_full_regression.TestRouteRegistration" name="test_arris_routes_registered" time="0.154"><failure message="AssertionError: /api/arris/activity/feed not found (404)&#10;assert 404 != 404&#10; +  where 404 = &lt;Response [404]&gt;.status_code">tests/test_full_regression.py:916: in test_arris_routes_registered
    assert response.status_code != 404, f"{endpoint} not found (404)"
E   AssertionError: /api/arris/activity/feed not found (404)
E   assert 404 != 404
E    +  where 404 = &lt;Response [404]&gt;.status_code</failure></testcase><testcase classname="tests.test_full_regression.TestRouteRegistration" name="test_referral_routes_registered" time="0.040"><failure message="AssertionError: /api/referral/stats not found (404)&#10;assert 404 != 404&#10; +  where 404 = &lt;Response [404]&gt;.status_code">tests/test_full_regression.py:931: in test_referral_routes_registered
    assert response.status_code != 404, f"{endpoint} not found (404)"
E   AssertionError: /api/referral/stats not found (404)
E   assert 404 != 404
E    +  where 404 = &lt;Response [404]&gt;.status_code</failure></testcase><testcase classname="tests.test_full_regression.TestRouteRegistration" name="test_waitlist_routes_registered" time="0.066" /><testcase classname="tests.test_full_regression.TestRouteRegistration" name="test_elite_routes_registered" time="0.073" /></testsuite></testsuites>