<?xml version="1.0" encoding="utf-8"?><testsuites name="pytest tests"><testsuite name="pytest" errors="0" failures="0" skipped="0" tests="43" time="121.679" timestamp="2026-01-25T15:36:37.943047+00:00" hostname="agent-env-9c078b98-840d-47a2-ae72-18e2b45439f1"><testcase classname="tests.test_full_regression.TestProposalsWorkflow" name="test_01_form_options" time="1.186" /><testcase classname="tests.test_full_regression.TestProposalsWorkflow" name="test_02_create_proposal" time="1.132" /><testcase classname="tests.test_full_regression.TestProposalsWorkflow" name="test_03_get_proposal" time="1.158" /><testcase classname="tests.test_full_regression.TestProposalsWorkflow" name="test_04_submit_proposal_generates_arris" time="9.299" /><testcase classname="tests.test_full_regression.TestProposalsWorkflow" name="test_05_admin_update_proposal" time="7.664" /><testcase classname="tests.test_full_regression.TestProposalsWorkflow" name="test_06_stats_summary" time="1.076" /><testcase classname="tests.test_full_regression.TestProposalsWorkflow" name="test_07_generate_recommendations" time="12.394" /><testcase classname="tests.test_full_regression.TestSubscriptionsWorkflow" name="test_01_plans" time="1.078" /><testcase classname="tests.test_full_regression.TestSubscriptionsWorkflow" name="test_02_my_status_free" time="1.073" /><testcase classname="tests.test_full_regression.TestSubscriptionsWorkflow" name="test_03_my_status_pro" time="1.075" /><testcase classname="tests.test_full_regression.TestSubscriptionsWorkflow" name="test_04_my_status_elite" time="1.059" /><testcase classname="tests.test_full_regression.TestSubscriptionsWorkflow" name="test_05_feature_access" time="1.094" /><testcase classname="tests.test_full_regression.TestSubscriptionsWorkflow" name="test_06_can_create_proposal" time="1.070" /><testcase classname="tests.test_full_regression.TestSubscriptionsWorkflow" name="test_07_checkout_requires_plan_id" time="1.062" /><testcase classname="tests.test_full_regression.TestSubscriptionsWorkflow" name="test_08_checkout_creates_session" time="1.548" /><testcase classname="tests.test_full_regression.TestSubscriptionsWorkflow" name="test_09_usage" time="1.091" /><testcase classname="tests.test_full_regression.TestSubscriptionsWorkflow" name="test_10_admin_stats" time="1.117" /><testcase classname="tests.test_full_regression.TestARRISWorkflow" name="test_01_memory_summary" time="0.555" /><testcase classname="tests.test_full_regression.TestARRISWorkflow" name="test_02_patterns" time="0.548" /><testcase classname="tests.test_full_regression.TestARRISWorkflow" name="test_03_learning_metrics" time="0.551" /><testcase classname="tests.test_full_regression.TestARRISWorkflow" name="test_04_activity_feed" time="0.549" /><testcase classname="tests.test_full_regression.TestARRISWorkflow" name="test_05_queue_stats" time="0.550" /><testcase classname="tests.test_full_regression.TestReferralWorkflow" name="test_01_generate_code" time="0.806" /><testcase classname="tests.test_full_regression.TestReferralWorkflow" name="test_02_my_stats" time="0.825" /><testcase classname="tests.test_full_regression.TestReferralWorkflow" name="test_03_my_referrals" time="0.810" /><testcase classname="tests.test_full_regression.TestReferralWorkflow" name="test_04_admin_analytics" time="0.820" /><testcase classname="tests.test_full_regression.TestWaitlistWorkflow" name="test_01_signup" time="52.541" /><testcase classname="tests.test_full_regression.TestWaitlistWorkflow" name="test_02_position" time="0.344" /><testcase classname="tests.test_full_regression.TestWaitlistWorkflow" name="test_03_admin_stats" time="0.306" /><testcase classname="tests.test_full_regression.TestWaitlistWorkflow" name="test_04_admin_signups" time="0.303" /><testcase classname="tests.test_full_regression.TestEliteWorkflow" name="test_01_status" time="0.565" /><testcase classname="tests.test_full_regression.TestEliteWorkflow" name="test_02_dashboard" time="0.571" /><testcase classname="tests.test_full_regression.TestEliteWorkflow" name="test_03_free_user_gated" time="0.548" /><testcase classname="tests.test_full_regression.TestCrossFeatureIntegration" name="test_01_feature_gating_across_tiers" time="1.140" /><testcase classname="tests.test_full_regression.TestCrossFeatureIntegration" name="test_02_proposal_respects_subscription_limits" time="1.076" /><testcase classname="tests.test_full_regression.TestCrossFeatureIntegration" name="test_03_arris_insights_on_proposal_submission" time="11.237" /><testcase classname="tests.test_full_regression.TestCrossFeatureIntegration" name="test_04_referral_code_validation" time="1.108" /><testcase classname="tests.test_full_regression.TestRouteRegistration" name="test_proposals_routes_registered" time="0.072" /><testcase classname="tests.test_full_regression.TestRouteRegistration" name="test_subscriptions_routes_registered" time="0.176" /><testcase classname="tests.test_full_regression.TestRouteRegistration" name="test_arris_routes_registered" time="0.097" /><testcase classname="tests.test_full_regression.TestRouteRegistration" name="test_referral_routes_registered" time="0.148" /><testcase classname="tests.test_full_regression.TestRouteRegistration" name="test_waitlist_routes_registered" time="0.066" /><testcase classname="tests.test_full_regression.TestRouteRegistration" name="test_elite_routes_registered" time="0.065" /></testsuite></testsuites>