<?xml version="1.0" encoding="utf-8"?><testsuites name="pytest tests"><testsuite name="pytest" errors="0" failures="0" skipped="0" tests="18" time="3.686" timestamp="2026-01-30T08:27:54.466130+00:00" hostname="agent-env-ed355c40-7921-4a9e-8a4b-3e33102ac538"><testcase classname="backend.tests.test_intake_form.TestIntakeFormOptions" name="test_form_options_returns_all_sections" time="0.105" /><testcase classname="backend.tests.test_intake_form.TestIntakeFormOptions" name="test_user_identity_fields" time="0.043" /><testcase classname="backend.tests.test_intake_form.TestIntakeFormOptions" name="test_system_need_engines" time="0.035" /><testcase classname="backend.tests.test_intake_form.TestIntakeFormOptions" name="test_starting_point_fields" time="0.039" /><testcase classname="backend.tests.test_intake_form.TestIntakeStatus" name="test_intake_status_requires_auth" time="0.041" /><testcase classname="backend.tests.test_intake_form.TestIntakeStatus" name="test_intake_status_returns_completion_status" time="0.326" /><testcase classname="backend.tests.test_intake_form.TestIntakeSubmission" name="test_intake_submit_requires_auth" time="0.040" /><testcase classname="backend.tests.test_intake_form.TestIntakeSubmission" name="test_intake_submit_validates_required_fields" time="0.301" /><testcase classname="backend.tests.test_intake_form.TestIntakeSubmission" name="test_intake_submit_requires_at_least_one_engine" time="0.299" /><testcase classname="backend.tests.test_intake_form.TestIntakeSubmission" name="test_intake_submit_success_creator_track" time="0.339" /><testcase classname="backend.tests.test_intake_form.TestIntakeSubmission" name="test_intake_submit_success_business_track" time="0.300" /><testcase classname="backend.tests.test_intake_form.TestIntakeSubmission" name="test_intake_submit_success_hybrid_track" time="0.342" /><testcase classname="backend.tests.test_intake_form.TestIntakeSystemState" name="test_system_state_requires_auth" time="0.036" /><testcase classname="backend.tests.test_intake_form.TestIntakeSystemState" name="test_system_state_after_intake" time="0.342" /><testcase classname="backend.tests.test_intake_form.TestCommandCenter" name="test_command_center_requires_auth" time="0.037" /><testcase classname="backend.tests.test_intake_form.TestCommandCenter" name="test_command_center_returns_dashboard_state" time="0.291" /><testcase classname="backend.tests.test_intake_form.TestIntakeStatusAfterSubmission" name="test_intake_status_shows_completed_after_submission" time="0.335" /><testcase classname="backend.tests.test_intake_form.TestPreviousSubmission" name="test_previous_submission_returns_data" time="0.300" /></testsuite></testsuites>