<?xml version="1.0" encoding="utf-8"?><testsuites name="pytest tests"><testsuite name="pytest" errors="0" failures="0" skipped="0" tests="18" time="6.762" timestamp="2026-01-30T11:14:36.073498+00:00" hostname="agent-env-05f48d7c-b805-4ec4-ab85-f111d19e9821"><testcase classname="backend.tests.test_inventory_crud.TestInventoryAPI" name="test_get_inventory_returns_all_categories" time="0.454" /><testcase classname="backend.tests.test_inventory_crud.TestInventoryAPI" name="test_get_inventory_requires_auth" time="0.347" /><testcase classname="backend.tests.test_inventory_crud.TestInventoryAPI" name="test_get_category_items" time="0.334" /><testcase classname="backend.tests.test_inventory_crud.TestInventoryAPI" name="test_get_invalid_category_returns_400" time="0.358" /><testcase classname="backend.tests.test_inventory_crud.TestInventoryAPI" name="test_create_asset_item" time="0.381" /><testcase classname="backend.tests.test_inventory_crud.TestInventoryAPI" name="test_create_offer_item" time="0.432" /><testcase classname="backend.tests.test_inventory_crud.TestInventoryAPI" name="test_create_content_item" time="0.393" /><testcase classname="backend.tests.test_inventory_crud.TestInventoryAPI" name="test_create_workflow_item" time="0.367" /><testcase classname="backend.tests.test_inventory_crud.TestInventoryAPI" name="test_create_task_item" time="0.376" /><testcase classname="backend.tests.test_inventory_crud.TestInventoryAPI" name="test_create_item_requires_name" time="0.339" /><testcase classname="backend.tests.test_inventory_crud.TestInventoryAPI" name="test_create_item_requires_valid_category" time="0.324" /><testcase classname="backend.tests.test_inventory_crud.TestInventoryAPI" name="test_update_item" time="0.481" /><testcase classname="backend.tests.test_inventory_crud.TestInventoryAPI" name="test_update_nonexistent_item_returns_404" time="0.326" /><testcase classname="backend.tests.test_inventory_crud.TestInventoryAPI" name="test_delete_item" time="0.428" /><testcase classname="backend.tests.test_inventory_crud.TestInventoryAPI" name="test_delete_nonexistent_item_returns_404" time="0.332" /><testcase classname="backend.tests.test_inventory_crud.TestInventoryAPI" name="test_get_inventory_stats" time="0.340" /><testcase classname="backend.tests.test_inventory_crud.TestSystemProfile" name="test_get_system_profile" time="0.346" /><testcase classname="backend.tests.test_inventory_crud.TestSystemProfile" name="test_system_profile_requires_auth" time="0.330" /></testsuite></testsuites>