<?xml version="1.0" encoding="utf-8"?><testsuites name="pytest tests"><testsuite name="pytest" errors="0" failures="1" skipped="0" tests="18" time="6.071" timestamp="2026-01-30T11:13:15.148995+00:00" hostname="agent-env-05f48d7c-b805-4ec4-ab85-f111d19e9821"><testcase classname="backend.tests.test_inventory_crud.TestInventoryAPI" name="test_get_inventory_returns_all_categories" time="0.370" /><testcase classname="backend.tests.test_inventory_crud.TestInventoryAPI" name="test_get_inventory_requires_auth" time="0.300" /><testcase classname="backend.tests.test_inventory_crud.TestInventoryAPI" name="test_get_category_items" time="0.302" /><testcase classname="backend.tests.test_inventory_crud.TestInventoryAPI" name="test_get_invalid_category_returns_400" time="0.305" /><testcase classname="backend.tests.test_inventory_crud.TestInventoryAPI" name="test_create_asset_item" time="0.343" /><testcase classname="backend.tests.test_inventory_crud.TestInventoryAPI" name="test_create_offer_item" time="0.344" /><testcase classname="backend.tests.test_inventory_crud.TestInventoryAPI" name="test_create_content_item" time="0.342" /><testcase classname="backend.tests.test_inventory_crud.TestInventoryAPI" name="test_create_workflow_item" time="0.344" /><testcase classname="backend.tests.test_inventory_crud.TestInventoryAPI" name="test_create_task_item" time="0.381" /><testcase classname="backend.tests.test_inventory_crud.TestInventoryAPI" name="test_create_item_requires_name" time="0.300" /><testcase classname="backend.tests.test_inventory_crud.TestInventoryAPI" name="test_create_item_requires_valid_category" time="0.297" /><testcase classname="backend.tests.test_inventory_crud.TestInventoryAPI" name="test_update_item" time="0.408" /><testcase classname="backend.tests.test_inventory_crud.TestInventoryAPI" name="test_update_nonexistent_item_returns_404" time="0.302" /><testcase classname="backend.tests.test_inventory_crud.TestInventoryAPI" name="test_delete_item" time="0.371" /><testcase classname="backend.tests.test_inventory_crud.TestInventoryAPI" name="test_delete_nonexistent_item_returns_404" time="0.299" /><testcase classname="backend.tests.test_inventory_crud.TestInventoryAPI" name="test_get_inventory_stats" time="0.311"><failure message="assert 400 == 200&#10; +  where 400 = &lt;Response [400]&gt;.status_code">backend/tests/test_inventory_crud.py:358: in test_get_inventory_stats
    assert response.status_code == 200
E   assert 400 == 200
E    +  where 400 = &lt;Response [400]&gt;.status_code</failure></testcase><testcase classname="backend.tests.test_inventory_crud.TestSystemProfile" name="test_get_system_profile" time="0.297" /><testcase classname="backend.tests.test_inventory_crud.TestSystemProfile" name="test_system_profile_requires_auth" time="0.299" /></testsuite></testsuites>