<?xml version="1.0" encoding="utf-8"?><testsuites name="pytest tests"><testsuite name="pytest" errors="0" failures="5" skipped="1" tests="48" time="3.481" timestamp="2026-01-22T17:33:35.388060+00:00" hostname="agent-env-87a70119-8e6b-4ecc-9cd2-f2e982205db5"><testcase classname="tests.test_memory_export_import_forgetting.TestHealthCheck" name="test_api_health" time="0.067" /><testcase classname="tests.test_memory_export_import_forgetting.TestMemoryExport" name="test_export_requires_authentication" time="0.040" /><testcase classname="tests.test_memory_export_import_forgetting.TestMemoryExport" name="test_pro_creator_can_export" time="0.308" /><testcase classname="tests.test_memory_export_import_forgetting.TestMemoryExport" name="test_export_with_format_parameter" time="0.047" /><testcase classname="tests.test_memory_export_import_forgetting.TestMemoryExport" name="test_export_includes_integrity_checksum" time="0.040" /><testcase classname="tests.test_memory_export_import_forgetting.TestMemoryExport" name="test_export_statistics" time="0.045" /><testcase classname="tests.test_memory_export_import_forgetting.TestMemoryImport" name="test_import_requires_authentication" time="0.050" /><testcase classname="tests.test_memory_export_import_forgetting.TestMemoryImport" name="test_pro_creator_cannot_import" time="0.044" /><testcase classname="tests.test_memory_export_import_forgetting.TestMemoryImport" name="test_import_invalid_merge_strategy" time="0.040" /><testcase classname="tests.test_memory_export_import_forgetting.TestExportImportHistory" name="test_export_history_requires_auth" time="0.045" /><testcase classname="tests.test_memory_export_import_forgetting.TestExportImportHistory" name="test_get_export_history" time="0.039" /><testcase classname="tests.test_memory_export_import_forgetting.TestExportImportHistory" name="test_export_history_with_limit" time="0.039" /><testcase classname="tests.test_memory_export_import_forgetting.TestExportImportHistory" name="test_import_history_requires_elite" time="0.039" /><testcase classname="tests.test_memory_export_import_forgetting.TestForgettingProtocol" name="test_delete_requires_authentication" time="0.033" /><testcase classname="tests.test_memory_export_import_forgetting.TestForgettingProtocol" name="test_delete_requires_selection_criteria" time="0.037" /><testcase classname="tests.test_memory_export_import_forgetting.TestForgettingProtocol" name="test_soft_delete_by_memory_type" time="0.043"><failure message="KeyError: 'deletion_type'">tests/test_memory_export_import_forgetting.py:330: in test_soft_delete_by_memory_type
    assert data["deletion_type"] == "soft_delete"
           ^^^^^^^^^^^^^^^^^^^^^
E   KeyError: 'deletion_type'</failure></testcase><testcase classname="tests.test_memory_export_import_forgetting.TestForgettingProtocol" name="test_soft_delete_by_tags" time="0.039"><failure message="KeyError: 'deletion_type'">tests/test_memory_export_import_forgetting.py:346: in test_soft_delete_by_tags
    assert data["deletion_type"] == "soft_delete"
           ^^^^^^^^^^^^^^^^^^^^^
E   KeyError: 'deletion_type'</failure></testcase><testcase classname="tests.test_memory_export_import_forgetting.TestForgettingProtocol" name="test_soft_delete_by_date" time="0.034" /><testcase classname="tests.test_memory_export_import_forgetting.TestForgettingProtocol" name="test_permanent_delete" time="0.045"><failure message="KeyError: 'deletion_type'">tests/test_memory_export_import_forgetting.py:373: in test_permanent_delete
    assert data["deletion_type"] == "permanent"
           ^^^^^^^^^^^^^^^^^^^^^
E   KeyError: 'deletion_type'</failure></testcase><testcase classname="tests.test_memory_export_import_forgetting.TestForgettingProtocol" name="test_delete_returns_audit_id" time="0.041"><failure message="AssertionError: assert 'audit_id' in {'deleted_count': 0, 'deletion_id': 'DEL-228056eee1', 'message': 'No memories matched the deletion criteria', 'success': True}">tests/test_memory_export_import_forgetting.py:388: in test_delete_returns_audit_id
    assert "audit_id" in data
E   AssertionError: assert 'audit_id' in {'deleted_count': 0, 'deletion_id': 'DEL-228056eee1', 'message': 'No memories matched the deletion criteria', 'success': True}</failure></testcase><testcase classname="tests.test_memory_export_import_forgetting.TestMemoryRecovery" name="test_recover_requires_authentication" time="0.033" /><testcase classname="tests.test_memory_export_import_forgetting.TestMemoryRecovery" name="test_recover_requires_deletion_id" time="0.036" /><testcase classname="tests.test_memory_export_import_forgetting.TestMemoryRecovery" name="test_recover_invalid_deletion_id" time="0.037" /><testcase classname="tests.test_memory_export_import_forgetting.TestMemoryRecovery" name="test_recover_workflow" time="0.118" /><testcase classname="tests.test_memory_export_import_forgetting.TestDeletionHistory" name="test_deletion_history_requires_auth" time="0.043" /><testcase classname="tests.test_memory_export_import_forgetting.TestDeletionHistory" name="test_get_deletion_history" time="0.037" /><testcase classname="tests.test_memory_export_import_forgetting.TestDeletionHistory" name="test_deletion_history_with_limit" time="0.037" /><testcase classname="tests.test_memory_export_import_forgetting.TestDeletionHistory" name="test_pending_deletions_requires_auth" time="0.040" /><testcase classname="tests.test_memory_export_import_forgetting.TestDeletionHistory" name="test_get_pending_deletions" time="0.033" /><testcase classname="tests.test_memory_export_import_forgetting.TestGDPRCompliance" name="test_gdpr_export_requires_auth" time="0.073" /><testcase classname="tests.test_memory_export_import_forgetting.TestGDPRCompliance" name="test_gdpr_export" time="0.043" /><testcase classname="tests.test_memory_export_import_forgetting.TestGDPRCompliance" name="test_gdpr_erase_requires_auth" time="0.035" /><testcase classname="tests.test_memory_export_import_forgetting.TestGDPRCompliance" name="test_gdpr_erase_requires_confirmation" time="0.040" /><testcase classname="tests.test_memory_export_import_forgetting.TestAdminEndpoints" name="test_admin_export_requires_auth" time="0.036" /><testcase classname="tests.test_memory_export_import_forgetting.TestAdminEndpoints" name="test_admin_export_creator_memories" time="0.300" /><testcase classname="tests.test_memory_export_import_forgetting.TestAdminEndpoints" name="test_admin_export_nonexistent_creator" time="0.034" /><testcase classname="tests.test_memory_export_import_forgetting.TestAdminEndpoints" name="test_admin_deletion_audit_requires_auth" time="0.039" /><testcase classname="tests.test_memory_export_import_forgetting.TestAdminEndpoints" name="test_admin_get_deletion_audit" time="0.076" /><testcase classname="tests.test_memory_export_import_forgetting.TestAdminEndpoints" name="test_admin_deletion_audit_by_creator" time="0.040" /><testcase classname="tests.test_memory_export_import_forgetting.TestAdminEndpoints" name="test_admin_gdpr_erasure_audit_requires_auth" time="0.035" /><testcase classname="tests.test_memory_export_import_forgetting.TestAdminEndpoints" name="test_admin_get_gdpr_erasure_audit" time="0.034" /><testcase classname="tests.test_memory_export_import_forgetting.TestAdminEndpoints" name="test_admin_purge_expired_requires_auth" time="0.037" /><testcase classname="tests.test_memory_export_import_forgetting.TestAdminEndpoints" name="test_admin_purge_expired_deletions" time="0.037" /><testcase classname="tests.test_memory_export_import_forgetting.TestTierRestrictions" name="test_free_tier_cannot_export" time="0.530"><skipped type="pytest.skip" message="Free user needs approval before login">/app/tests/test_memory_export_import_forgetting.py:701: Free user needs approval before login</skipped></testcase><testcase classname="tests.test_memory_export_import_forgetting.TestTierRestrictions" name="test_pro_export_limitations" time="0.038" /><testcase classname="tests.test_memory_export_import_forgetting.TestIntegration" name="test_export_creates_log_entry" time="0.120" /><testcase classname="tests.test_memory_export_import_forgetting.TestIntegration" name="test_delete_creates_audit_entry" time="0.109"><failure message="assert 1 &gt; 1">tests/test_memory_export_import_forgetting.py:770: in test_delete_creates_audit_entry
    assert count_after &gt; count_before
E   assert 1 &gt; 1</failure></testcase><testcase classname="tests.test_memory_export_import_forgetting.TestIntegration" name="test_soft_delete_appears_in_pending" time="0.071" /></testsuite></testsuites>