<?xml version="1.0" encoding="utf-8"?><testsuites name="pytest tests"><testsuite name="pytest" errors="0" failures="0" skipped="0" tests="32" time="3.408" timestamp="2026-01-22T02:08:06.370865+00:00" hostname="agent-env-87a70119-8e6b-4ecc-9cd2-f2e982205db5"><testcase classname="tests.test_memory_search.TestMemorySearchSetup" name="test_api_health" time="0.077" /><testcase classname="tests.test_memory_search.TestMemorySearchEndpoint" name="test_search_requires_authentication" time="0.040" /><testcase classname="tests.test_memory_search.TestMemorySearchEndpoint" name="test_search_requires_query_parameter" time="0.304" /><testcase classname="tests.test_memory_search.TestMemorySearchEndpoint" name="test_basic_search" time="0.039" /><testcase classname="tests.test_memory_search.TestMemorySearchEndpoint" name="test_search_with_memory_types_filter" time="0.043" /><testcase classname="tests.test_memory_search.TestMemorySearchEndpoint" name="test_search_with_tags_filter" time="0.041" /><testcase classname="tests.test_memory_search.TestMemorySearchEndpoint" name="test_search_with_min_importance" time="0.041" /><testcase classname="tests.test_memory_search.TestMemorySearchEndpoint" name="test_search_sort_by_relevance" time="0.044" /><testcase classname="tests.test_memory_search.TestMemorySearchEndpoint" name="test_search_sort_by_date" time="0.043" /><testcase classname="tests.test_memory_search.TestMemorySearchEndpoint" name="test_search_sort_by_importance" time="0.041" /><testcase classname="tests.test_memory_search.TestMemorySearchEndpoint" name="test_search_with_limit" time="0.044" /><testcase classname="tests.test_memory_search.TestMemorySearchEndpoint" name="test_search_results_have_highlights" time="0.039" /><testcase classname="tests.test_memory_search.TestMemorySearchEndpoint" name="test_search_type_distribution" time="0.043" /><testcase classname="tests.test_memory_search.TestMemorySearchEndpoint" name="test_search_workspace_isolation" time="0.041" /><testcase classname="tests.test_memory_search.TestSearchSuggestions" name="test_suggestions_requires_authentication" time="0.040" /><testcase classname="tests.test_memory_search.TestSearchSuggestions" name="test_suggestions_requires_query" time="0.308" /><testcase classname="tests.test_memory_search.TestSearchSuggestions" name="test_basic_suggestions" time="0.039" /><testcase classname="tests.test_memory_search.TestSearchSuggestions" name="test_suggestions_structure" time="0.035" /><testcase classname="tests.test_memory_search.TestSearchSuggestions" name="test_suggestions_with_limit" time="0.038" /><testcase classname="tests.test_memory_search.TestSearchAnalytics" name="test_analytics_requires_authentication" time="0.035" /><testcase classname="tests.test_memory_search.TestSearchAnalytics" name="test_analytics_for_pro_user" time="0.304" /><testcase classname="tests.test_memory_search.TestAdminMemorySearch" name="test_admin_search_requires_authentication" time="0.039" /><testcase classname="tests.test_memory_search.TestAdminMemorySearch" name="test_admin_search_requires_creator_id" time="0.343" /><testcase classname="tests.test_memory_search.TestAdminMemorySearch" name="test_admin_search_requires_query" time="0.037" /><testcase classname="tests.test_memory_search.TestAdminMemorySearch" name="test_admin_search_nonexistent_creator" time="0.038" /><testcase classname="tests.test_memory_search.TestAdminMemorySearch" name="test_admin_search_any_creator" time="0.039" /><testcase classname="tests.test_memory_search.TestAdminMemorySearch" name="test_admin_search_with_filters" time="0.040" /><testcase classname="tests.test_memory_search.TestAdminSearchAnalytics" name="test_admin_analytics_requires_authentication" time="0.037" /><testcase classname="tests.test_memory_search.TestAdminSearchAnalytics" name="test_admin_analytics_platform_wide" time="0.306" /><testcase classname="tests.test_memory_search.TestAdminSearchAnalytics" name="test_admin_analytics_for_specific_creator" time="0.043" /><testcase classname="tests.test_memory_search.TestSearchLogging" name="test_search_creates_log_entry" time="0.343" /><testcase classname="tests.test_memory_search.TestTierRestrictions" name="test_free_tier_search_limit" time="0.306" /></testsuite></testsuites>