<?xml version="1.0" encoding="utf-8"?><testsuites name="pytest tests"><testsuite name="pytest" errors="0" failures="0" skipped="1" tests="48" time="3.401" timestamp="2026-01-22T17:34:47.890216+00:00" hostname="agent-env-87a70119-8e6b-4ecc-9cd2-f2e982205db5"><testcase classname="tests.test_memory_export_import_forgetting.TestHealthCheck" name="test_api_health" time="0.084" /><testcase classname="tests.test_memory_export_import_forgetting.TestMemoryExport" name="test_export_requires_authentication" time="0.043" /><testcase classname="tests.test_memory_export_import_forgetting.TestMemoryExport" name="test_pro_creator_can_export" time="0.303" /><testcase classname="tests.test_memory_export_import_forgetting.TestMemoryExport" name="test_export_with_format_parameter" time="0.042" /><testcase classname="tests.test_memory_export_import_forgetting.TestMemoryExport" name="test_export_includes_integrity_checksum" time="0.067" /><testcase classname="tests.test_memory_export_import_forgetting.TestMemoryExport" name="test_export_statistics" time="0.046" /><testcase classname="tests.test_memory_export_import_forgetting.TestMemoryImport" name="test_import_requires_authentication" time="0.039" /><testcase classname="tests.test_memory_export_import_forgetting.TestMemoryImport" name="test_pro_creator_cannot_import" time="0.038" /><testcase classname="tests.test_memory_export_import_forgetting.TestMemoryImport" name="test_import_invalid_merge_strategy" time="0.038" /><testcase classname="tests.test_memory_export_import_forgetting.TestExportImportHistory" name="test_export_history_requires_auth" time="0.041" /><testcase classname="tests.test_memory_export_import_forgetting.TestExportImportHistory" name="test_get_export_history" time="0.037" /><testcase classname="tests.test_memory_export_import_forgetting.TestExportImportHistory" name="test_export_history_with_limit" time="0.036" /><testcase classname="tests.test_memory_export_import_forgetting.TestExportImportHistory" name="test_import_history_requires_elite" time="0.036" /><testcase classname="tests.test_memory_export_import_forgetting.TestForgettingProtocol" name="test_delete_requires_authentication" time="0.034" /><testcase classname="tests.test_memory_export_import_forgetting.TestForgettingProtocol" name="test_delete_requires_selection_criteria" time="0.037" /><testcase classname="tests.test_memory_export_import_forgetting.TestForgettingProtocol" name="test_soft_delete_by_memory_type" time="0.075" /><testcase classname="tests.test_memory_export_import_forgetting.TestForgettingProtocol" name="test_soft_delete_by_tags" time="0.041" /><testcase classname="tests.test_memory_export_import_forgetting.TestForgettingProtocol" name="test_soft_delete_by_date" time="0.039" /><testcase classname="tests.test_memory_export_import_forgetting.TestForgettingProtocol" name="test_permanent_delete" time="0.044" /><testcase classname="tests.test_memory_export_import_forgetting.TestForgettingProtocol" name="test_delete_returns_audit_id" time="0.078" /><testcase classname="tests.test_memory_export_import_forgetting.TestMemoryRecovery" name="test_recover_requires_authentication" time="0.033" /><testcase classname="tests.test_memory_export_import_forgetting.TestMemoryRecovery" name="test_recover_requires_deletion_id" time="0.038" /><testcase classname="tests.test_memory_export_import_forgetting.TestMemoryRecovery" name="test_recover_invalid_deletion_id" time="0.037" /><testcase classname="tests.test_memory_export_import_forgetting.TestMemoryRecovery" name="test_recover_workflow" time="0.111" /><testcase classname="tests.test_memory_export_import_forgetting.TestDeletionHistory" name="test_deletion_history_requires_auth" time="0.032" /><testcase classname="tests.test_memory_export_import_forgetting.TestDeletionHistory" name="test_get_deletion_history" time="0.042" /><testcase classname="tests.test_memory_export_import_forgetting.TestDeletionHistory" name="test_deletion_history_with_limit" time="0.038" /><testcase classname="tests.test_memory_export_import_forgetting.TestDeletionHistory" name="test_pending_deletions_requires_auth" time="0.032" /><testcase classname="tests.test_memory_export_import_forgetting.TestDeletionHistory" name="test_get_pending_deletions" time="0.037" /><testcase classname="tests.test_memory_export_import_forgetting.TestGDPRCompliance" name="test_gdpr_export_requires_auth" time="0.034" /><testcase classname="tests.test_memory_export_import_forgetting.TestGDPRCompliance" name="test_gdpr_export" time="0.045" /><testcase classname="tests.test_memory_export_import_forgetting.TestGDPRCompliance" name="test_gdpr_erase_requires_auth" time="0.033" /><testcase classname="tests.test_memory_export_import_forgetting.TestGDPRCompliance" name="test_gdpr_erase_requires_confirmation" time="0.034" /><testcase classname="tests.test_memory_export_import_forgetting.TestAdminEndpoints" name="test_admin_export_requires_auth" time="0.076" /><testcase classname="tests.test_memory_export_import_forgetting.TestAdminEndpoints" name="test_admin_export_creator_memories" time="0.301" /><testcase classname="tests.test_memory_export_import_forgetting.TestAdminEndpoints" name="test_admin_export_nonexistent_creator" time="0.039" /><testcase classname="tests.test_memory_export_import_forgetting.TestAdminEndpoints" name="test_admin_deletion_audit_requires_auth" time="0.034" /><testcase classname="tests.test_memory_export_import_forgetting.TestAdminEndpoints" name="test_admin_get_deletion_audit" time="0.036" /><testcase classname="tests.test_memory_export_import_forgetting.TestAdminEndpoints" name="test_admin_deletion_audit_by_creator" time="0.037" /><testcase classname="tests.test_memory_export_import_forgetting.TestAdminEndpoints" name="test_admin_gdpr_erasure_audit_requires_auth" time="0.032" /><testcase classname="tests.test_memory_export_import_forgetting.TestAdminEndpoints" name="test_admin_get_gdpr_erasure_audit" time="0.035" /><testcase classname="tests.test_memory_export_import_forgetting.TestAdminEndpoints" name="test_admin_purge_expired_requires_auth" time="0.037" /><testcase classname="tests.test_memory_export_import_forgetting.TestAdminEndpoints" name="test_admin_purge_expired_deletions" time="0.036" /><testcase classname="tests.test_memory_export_import_forgetting.TestTierRestrictions" name="test_free_tier_cannot_export" time="0.514"><skipped type="pytest.skip" message="Free user needs approval before login">/app/tests/test_memory_export_import_forgetting.py:718: Free user needs approval before login</skipped></testcase><testcase classname="tests.test_memory_export_import_forgetting.TestTierRestrictions" name="test_pro_export_limitations" time="0.043" /><testcase classname="tests.test_memory_export_import_forgetting.TestIntegration" name="test_export_creates_log_entry" time="0.116" /><testcase classname="tests.test_memory_export_import_forgetting.TestIntegration" name="test_delete_creates_audit_entry" time="0.115" /><testcase classname="tests.test_memory_export_import_forgetting.TestIntegration" name="test_soft_delete_appears_in_pending" time="0.077" /></testsuite></testsuites>