<?xml version="1.0" encoding="utf-8"?><testsuites name="pytest tests"><testsuite name="pytest" errors="0" failures="0" skipped="0" tests="38" time="89.512" timestamp="2026-01-25T08:03:25.744853+00:00" hostname="agent-env-b95353b9-df50-4ba1-86a6-da240db9a591"><testcase classname="tests.test_migrated_routes.TestARRISRoutes" name="test_arris_memory_requires_auth" time="0.581" /><testcase classname="tests.test_migrated_routes.TestARRISRoutes" name="test_arris_memory_with_auth" time="0.638" /><testcase classname="tests.test_migrated_routes.TestARRISRoutes" name="test_arris_memory_summary_requires_auth" time="0.554" /><testcase classname="tests.test_migrated_routes.TestARRISRoutes" name="test_arris_memory_summary_with_auth" time="0.562" /><testcase classname="tests.test_migrated_routes.TestARRISRoutes" name="test_arris_activity_requires_auth" time="0.552" /><testcase classname="tests.test_migrated_routes.TestARRISRoutes" name="test_arris_activity_with_auth" time="0.553" /><testcase classname="tests.test_migrated_routes.TestARRISRoutes" name="test_arris_historical_requires_auth" time="0.555" /><testcase classname="tests.test_migrated_routes.TestARRISRoutes" name="test_arris_historical_with_auth" time="0.569" /><testcase classname="tests.test_migrated_routes.TestARRISRoutes" name="test_arris_performance_route_conflict" time="0.569" /><testcase classname="tests.test_migrated_routes.TestARRISRoutes" name="test_arris_training_status_with_auth" time="0.550" /><testcase classname="tests.test_migrated_routes.TestSubscriptionRoutes" name="test_subscription_plans_public" time="0.611" /><testcase classname="tests.test_migrated_routes.TestSubscriptionRoutes" name="test_subscription_me_requires_auth" time="0.591" /><testcase classname="tests.test_migrated_routes.TestSubscriptionRoutes" name="test_subscription_me_with_auth" time="0.555" /><testcase classname="tests.test_migrated_routes.TestSubscriptionRoutes" name="test_subscription_usage_requires_auth" time="0.546" /><testcase classname="tests.test_migrated_routes.TestSubscriptionRoutes" name="test_subscription_usage_with_auth" time="0.551" /><testcase classname="tests.test_migrated_routes.TestEliteRoutes" name="test_elite_status_requires_auth" time="0.556" /><testcase classname="tests.test_migrated_routes.TestEliteRoutes" name="test_elite_status_with_elite_user" time="0.554" /><testcase classname="tests.test_migrated_routes.TestEliteRoutes" name="test_elite_status_with_free_user" time="0.621" /><testcase classname="tests.test_migrated_routes.TestEliteRoutes" name="test_elite_workflows_requires_auth" time="0.556" /><testcase classname="tests.test_migrated_routes.TestEliteRoutes" name="test_elite_workflows_gated_for_free_user" time="0.553" /><testcase classname="tests.test_migrated_routes.TestEliteRoutes" name="test_elite_workflows_with_elite_user" time="0.556" /><testcase classname="tests.test_migrated_routes.TestEliteRoutes" name="test_elite_personas_requires_auth" time="0.550" /><testcase classname="tests.test_migrated_routes.TestEliteRoutes" name="test_elite_personas_gated_for_free_user" time="0.575" /><testcase classname="tests.test_migrated_routes.TestEliteRoutes" name="test_elite_dashboard_requires_auth" time="0.552" /><testcase classname="tests.test_migrated_routes.TestEliteRoutes" name="test_elite_dashboard_gated_for_free_user" time="0.591" /><testcase classname="tests.test_migrated_routes.TestReferralRoutes" name="test_referral_my_stats_requires_auth" time="0.849" /><testcase classname="tests.test_migrated_routes.TestReferralRoutes" name="test_referral_my_stats_with_auth" time="0.833" /><testcase classname="tests.test_migrated_routes.TestReferralRoutes" name="test_referral_tier_info_requires_auth" time="0.807" /><testcase classname="tests.test_migrated_routes.TestReferralRoutes" name="test_referral_tier_info_with_auth" time="0.853" /><testcase classname="tests.test_migrated_routes.TestReferralRoutes" name="test_referral_generate_code_requires_auth" time="0.852" /><testcase classname="tests.test_migrated_routes.TestReferralRoutes" name="test_referral_generate_code_with_auth" time="68.854" /><testcase classname="tests.test_migrated_routes.TestAdminReferralRoutes" name="test_admin_referral_analytics_requires_auth" time="0.585" /><testcase classname="tests.test_migrated_routes.TestAdminReferralRoutes" name="test_admin_referral_analytics_requires_admin" time="0.556" /><testcase classname="tests.test_migrated_routes.TestAdminReferralRoutes" name="test_admin_referral_analytics_with_admin" time="0.550" /><testcase classname="tests.test_migrated_routes.TestRouteIntegration" name="test_arris_routes_registered" time="0.178" /><testcase classname="tests.test_migrated_routes.TestRouteIntegration" name="test_subscription_routes_registered" time="0.114" /><testcase classname="tests.test_migrated_routes.TestRouteIntegration" name="test_elite_routes_registered" time="0.135" /><testcase classname="tests.test_migrated_routes.TestRouteIntegration" name="test_referral_routes_registered" time="0.074" /></testsuite></testsuites>