<?xml version="1.0" encoding="utf-8"?><testsuites name="pytest tests"><testsuite name="pytest" errors="0" failures="0" skipped="0" tests="31" time="9.075" timestamp="2026-01-30T09:10:51.016857+00:00" hostname="agent-env-ed355c40-7921-4a9e-8a4b-3e33102ac538"><testcase classname="backend.tests.test_module_phase4.TestModuleStatusEndpoint" name="test_modules_status_requires_auth" time="0.438" /><testcase classname="backend.tests.test_module_phase4.TestModuleStatusEndpoint" name="test_modules_status_returns_initialized" time="0.314" /><testcase classname="backend.tests.test_module_phase4.TestModuleStatusEndpoint" name="test_modules_status_returns_overall_health" time="0.282" /><testcase classname="backend.tests.test_module_phase4.TestModuleStatusEndpoint" name="test_modules_status_returns_summary" time="0.274" /><testcase classname="backend.tests.test_module_phase4.TestModuleStatusEndpoint" name="test_modules_status_returns_active_modules" time="0.279" /><testcase classname="backend.tests.test_module_phase4.TestModuleStatusEndpoint" name="test_modules_status_returns_unlocked_modules" time="0.276" /><testcase classname="backend.tests.test_module_phase4.TestModuleStatusEndpoint" name="test_modules_status_returns_blocked_modules" time="0.272" /><testcase classname="backend.tests.test_module_phase4.TestModuleStatusEndpoint" name="test_modules_status_returns_locked_modules" time="0.277" /><testcase classname="backend.tests.test_module_phase4.TestModuleStatusEndpoint" name="test_module_has_health_field" time="0.272" /><testcase classname="backend.tests.test_module_phase4.TestModuleStatusEndpoint" name="test_module_has_blockers_field" time="0.314" /><testcase classname="backend.tests.test_module_phase4.TestModuleStatusEndpoint" name="test_module_has_priority_alignment_field" time="0.271" /><testcase classname="backend.tests.test_module_phase4.TestModuleStatusEndpoint" name="test_module_has_next_steps_field" time="0.271" /><testcase classname="backend.tests.test_module_phase4.TestModuleStatusEndpoint" name="test_module_has_required_engines_field" time="0.273" /><testcase classname="backend.tests.test_module_phase4.TestModuleStatusEndpoint" name="test_module_has_required_track_field" time="0.268" /><testcase classname="backend.tests.test_module_phase4.TestModuleStatusEndpoint" name="test_returns_track_and_first_priority" time="0.270" /><testcase classname="backend.tests.test_module_phase4.TestModulePriorityAlignment" name="test_priority_alignment_for_grow_audience" time="0.270" /><testcase classname="backend.tests.test_module_phase4.TestBlockedModules" name="test_blocked_modules_have_blocker_messages" time="0.281" /><testcase classname="backend.tests.test_module_phase4.TestBlockedModules" name="test_content_planner_blocked_by_missing_content_plan" time="0.274" /><testcase classname="backend.tests.test_module_phase4.TestModuleUpdateEndpoint" name="test_module_update_requires_auth" time="0.325" /><testcase classname="backend.tests.test_module_phase4.TestModuleUpdateEndpoint" name="test_module_update_invalid_module" time="0.267" /><testcase classname="backend.tests.test_module_phase4.TestModuleUpdateEndpoint" name="test_module_update_invalid_action" time="0.267" /><testcase classname="backend.tests.test_module_phase4.TestModuleUpdateEndpoint" name="test_activate_unlocked_module" time="0.348" /><testcase classname="backend.tests.test_module_phase4.TestModuleUpdateEndpoint" name="test_deactivate_active_module" time="0.286" /><testcase classname="backend.tests.test_module_phase4.TestModuleUpdateEndpoint" name="test_acknowledge_blocker_action" time="0.291" /><testcase classname="backend.tests.test_module_phase4.TestModuleUpdateEndpoint" name="test_activate_locked_module_fails" time="0.278" /><testcase classname="backend.tests.test_module_phase4.TestModuleActivityLog" name="test_activation_creates_log_entry" time="0.336" /><testcase classname="backend.tests.test_module_phase4.TestModuleMetadata" name="test_single_module_has_full_metadata" time="0.311" /><testcase classname="backend.tests.test_module_phase4.TestModuleMetadata" name="test_core_modules_have_no_required_track" time="0.274" /><testcase classname="backend.tests.test_module_phase4.TestModuleMetadata" name="test_module_status_calculation_based_on_assets" time="0.271" /><testcase classname="backend.tests.test_module_phase4.TestModulesByEngineAndTrack" name="test_modules_by_engagement_engine" time="0.270" /><testcase classname="backend.tests.test_module_phase4.TestModulesByEngineAndTrack" name="test_modules_by_creator_track" time="0.268" /></testsuite></testsuites>