<?xml version="1.0" encoding="utf-8"?><testsuites name="pytest tests"><testsuite name="pytest" errors="0" failures="0" skipped="16" tests="31" time="5.031" timestamp="2026-01-30T09:10:09.279415+00:00" hostname="agent-env-ed355c40-7921-4a9e-8a4b-3e33102ac538"><testcase classname="backend.tests.test_module_phase4.TestModuleStatusEndpoint" name="test_modules_status_requires_auth" time="0.390" /><testcase classname="backend.tests.test_module_phase4.TestModuleStatusEndpoint" name="test_modules_status_returns_initialized" time="0.275" /><testcase classname="backend.tests.test_module_phase4.TestModuleStatusEndpoint" name="test_modules_status_returns_overall_health" time="0.264" /><testcase classname="backend.tests.test_module_phase4.TestModuleStatusEndpoint" name="test_modules_status_returns_summary" time="0.266" /><testcase classname="backend.tests.test_module_phase4.TestModuleStatusEndpoint" name="test_modules_status_returns_active_modules" time="0.273" /><testcase classname="backend.tests.test_module_phase4.TestModuleStatusEndpoint" name="test_modules_status_returns_unlocked_modules" time="0.272" /><testcase classname="backend.tests.test_module_phase4.TestModuleStatusEndpoint" name="test_modules_status_returns_blocked_modules" time="0.273" /><testcase classname="backend.tests.test_module_phase4.TestModuleStatusEndpoint" name="test_modules_status_returns_locked_modules" time="0.272" /><testcase classname="backend.tests.test_module_phase4.TestModuleStatusEndpoint" name="test_module_has_health_field" time="0.316" /><testcase classname="backend.tests.test_module_phase4.TestModuleStatusEndpoint" name="test_module_has_blockers_field" time="0.271" /><testcase classname="backend.tests.test_module_phase4.TestModuleStatusEndpoint" name="test_module_has_priority_alignment_field" time="0.269" /><testcase classname="backend.tests.test_module_phase4.TestModuleStatusEndpoint" name="test_module_has_next_steps_field" time="0.276" /><testcase classname="backend.tests.test_module_phase4.TestModuleStatusEndpoint" name="test_module_has_required_engines_field" time="0.312" /><testcase classname="backend.tests.test_module_phase4.TestModuleStatusEndpoint" name="test_module_has_required_track_field" time="0.269" /><testcase classname="backend.tests.test_module_phase4.TestModuleStatusEndpoint" name="test_returns_track_and_first_priority" time="0.271" /><testcase classname="backend.tests.test_module_phase4.TestModulePriorityAlignment" name="test_priority_alignment_for_grow_audience" time="0.034"><skipped type="pytest.skip" message="Login failed: 404">/app/backend/tests/test_module_phase4.py:251: Login failed: 404</skipped></testcase><testcase classname="backend.tests.test_module_phase4.TestBlockedModules" name="test_blocked_modules_have_blocker_messages" time="0.034"><skipped type="pytest.skip" message="Login failed: 404">/app/backend/tests/test_module_phase4.py:297: Login failed: 404</skipped></testcase><testcase classname="backend.tests.test_module_phase4.TestBlockedModules" name="test_content_planner_blocked_by_missing_content_plan" time="0.039"><skipped type="pytest.skip" message="Login failed: 404">/app/backend/tests/test_module_phase4.py:312: Login failed: 404</skipped></testcase><testcase classname="backend.tests.test_module_phase4.TestModuleUpdateEndpoint" name="test_module_update_requires_auth" time="0.075"><skipped type="pytest.skip" message="Login failed: 404">/app/backend/tests/test_module_phase4.py:352: Login failed: 404</skipped></testcase><testcase classname="backend.tests.test_module_phase4.TestModuleUpdateEndpoint" name="test_module_update_invalid_module" time="0.033"><skipped type="pytest.skip" message="Login failed: 404">/app/backend/tests/test_module_phase4.py:361: Login failed: 404</skipped></testcase><testcase classname="backend.tests.test_module_phase4.TestModuleUpdateEndpoint" name="test_module_update_invalid_action" time="0.035"><skipped type="pytest.skip" message="Login failed: 404">/app/backend/tests/test_module_phase4.py:370: Login failed: 404</skipped></testcase><testcase classname="backend.tests.test_module_phase4.TestModuleUpdateEndpoint" name="test_activate_unlocked_module" time="0.033"><skipped type="pytest.skip" message="Login failed: 404">/app/backend/tests/test_module_phase4.py:379: Login failed: 404</skipped></testcase><testcase classname="backend.tests.test_module_phase4.TestModuleUpdateEndpoint" name="test_deactivate_active_module" time="0.079"><skipped type="pytest.skip" message="Login failed: 404">/app/backend/tests/test_module_phase4.py:416: Login failed: 404</skipped></testcase><testcase classname="backend.tests.test_module_phase4.TestModuleUpdateEndpoint" name="test_acknowledge_blocker_action" time="0.036"><skipped type="pytest.skip" message="Login failed: 404">/app/backend/tests/test_module_phase4.py:452: Login failed: 404</skipped></testcase><testcase classname="backend.tests.test_module_phase4.TestModuleUpdateEndpoint" name="test_activate_locked_module_fails" time="0.035"><skipped type="pytest.skip" message="Login failed: 404">/app/backend/tests/test_module_phase4.py:488: Login failed: 404</skipped></testcase><testcase classname="backend.tests.test_module_phase4.TestModuleActivityLog" name="test_activation_creates_log_entry" time="0.045"><skipped type="pytest.skip" message="Login failed: 404">/app/backend/tests/test_module_phase4.py:532: Login failed: 404</skipped></testcase><testcase classname="backend.tests.test_module_phase4.TestModuleMetadata" name="test_single_module_has_full_metadata" time="0.037"><skipped type="pytest.skip" message="Login failed: 404">/app/backend/tests/test_module_phase4.py:584: Login failed: 404</skipped></testcase><testcase classname="backend.tests.test_module_phase4.TestModuleMetadata" name="test_core_modules_have_no_required_track" time="0.035"><skipped type="pytest.skip" message="Login failed: 404">/app/backend/tests/test_module_phase4.py:611: Login failed: 404</skipped></testcase><testcase classname="backend.tests.test_module_phase4.TestModuleMetadata" name="test_module_status_calculation_based_on_assets" time="0.036"><skipped type="pytest.skip" message="Login failed: 404">/app/backend/tests/test_module_phase4.py:622: Login failed: 404</skipped></testcase><testcase classname="backend.tests.test_module_phase4.TestModulesByEngineAndTrack" name="test_modules_by_engagement_engine" time="0.035"><skipped type="pytest.skip" message="Login failed: 404">/app/backend/tests/test_module_phase4.py:669: Login failed: 404</skipped></testcase><testcase classname="backend.tests.test_module_phase4.TestModulesByEngineAndTrack" name="test_modules_by_creator_track" time="0.034"><skipped type="pytest.skip" message="Login failed: 404">/app/backend/tests/test_module_phase4.py:686: Login failed: 404</skipped></testcase></testsuite></testsuites>