<?xml version="1.0" encoding="utf-8"?><testsuites name="pytest tests"><testsuite name="pytest" errors="0" failures="1" skipped="1" tests="25" time="7.227" timestamp="2026-01-24T01:10:44.005559+00:00" hostname="agent-env-549c9490-4920-40d3-bf74-0d390bed6e5c"><testcase classname="backend.tests.test_multi_brand.TestMultiBrandFeatureGating" name="test_elite_can_access_multi_brand_templates" time="0.371" /><testcase classname="backend.tests.test_multi_brand.TestMultiBrandFeatureGating" name="test_pro_blocked_from_multi_brand_templates" time="0.269" /><testcase classname="backend.tests.test_multi_brand.TestMultiBrandFeatureGating" name="test_pro_blocked_from_list_brands" time="0.270" /><testcase classname="backend.tests.test_multi_brand.TestMultiBrandFeatureGating" name="test_pro_blocked_from_create_brand" time="0.271" /><testcase classname="backend.tests.test_multi_brand.TestMultiBrandFeatureGating" name="test_pro_blocked_from_analytics" time="0.274" /><testcase classname="backend.tests.test_multi_brand.TestMultiBrandFeatureGating" name="test_unauthenticated_blocked" time="0.031" /><testcase classname="backend.tests.test_multi_brand.TestBrandTemplates" name="test_get_templates_returns_5_templates" time="0.269" /><testcase classname="backend.tests.test_multi_brand.TestBrandCRUD" name="test_list_brands" time="0.260" /><testcase classname="backend.tests.test_multi_brand.TestBrandCRUD" name="test_get_active_brand" time="0.264" /><testcase classname="backend.tests.test_multi_brand.TestBrandCRUD" name="test_create_brand" time="0.337" /><testcase classname="backend.tests.test_multi_brand.TestBrandCRUD" name="test_create_brand_from_template" time="0.276"><failure message="AssertionError: assert 'personal' == 'influencer'&#10;  &#10;  - influencer&#10;  + personal">backend/tests/test_multi_brand.py:307: in test_create_brand_from_template
    assert brand["category"] == "influencer"
E   AssertionError: assert 'personal' == 'influencer'
E     
E     - influencer
E     + personal</failure></testcase><testcase classname="backend.tests.test_multi_brand.TestBrandCRUD" name="test_get_specific_brand" time="0.320" /><testcase classname="backend.tests.test_multi_brand.TestBrandCRUD" name="test_get_nonexistent_brand_returns_404" time="0.275" /><testcase classname="backend.tests.test_multi_brand.TestBrandCRUD" name="test_update_brand" time="0.284" /><testcase classname="backend.tests.test_multi_brand.TestBrandCRUD" name="test_delete_brand_archives_it" time="0.303" /><testcase classname="backend.tests.test_multi_brand.TestBrandSwitching" name="test_switch_brand" time="0.374" /><testcase classname="backend.tests.test_multi_brand.TestBrandSwitching" name="test_switch_to_nonexistent_brand_fails" time="0.265" /><testcase classname="backend.tests.test_multi_brand.TestBrandStatus" name="test_change_brand_status_to_paused" time="0.334" /><testcase classname="backend.tests.test_multi_brand.TestBrandStatus" name="test_invalid_status_rejected" time="0.295" /><testcase classname="backend.tests.test_multi_brand.TestBrandAnalytics" name="test_cross_brand_analytics" time="0.270" /><testcase classname="backend.tests.test_multi_brand.TestBrandAnalytics" name="test_single_brand_analytics" time="0.318" /><testcase classname="backend.tests.test_multi_brand.TestArrisPersonaLinking" name="test_link_arris_persona_to_brand" time="0.276"><skipped type="pytest.skip" message="No personas available">/app/backend/tests/test_multi_brand.py:741: No personas available</skipped></testcase><testcase classname="backend.tests.test_multi_brand.TestArrisPersonaLinking" name="test_get_brand_arris_context" time="0.278" /><testcase classname="backend.tests.test_multi_brand.TestBrandLimits" name="test_elite_has_5_brand_limit" time="0.309" /><testcase classname="backend.tests.test_multi_brand.TestBrandLimits" name="test_duplicate_brand_name_rejected" time="0.318" /></testsuite></testsuites>