<?xml version="1.0" encoding="utf-8"?><testsuites name="pytest tests"><testsuite name="pytest" errors="0" failures="0" skipped="19" tests="32" time="4.057" timestamp="2026-01-22T17:59:12.112374+00:00" hostname="agent-env-87a70119-8e6b-4ecc-9cd2-f2e982205db5"><testcase classname="tests.test_onboarding_wizard.TestOnboardingWizardSetup" name="test_api_health" time="0.076" /><testcase classname="tests.test_onboarding_wizard.TestOnboardingStepsPublic" name="test_get_onboarding_steps_public" time="0.036" /><testcase classname="tests.test_onboarding_wizard.TestOnboardingCreatorAuth" name="test_onboarding_status_requires_auth" time="0.157" /><testcase classname="tests.test_onboarding_wizard.TestOnboardingCreatorAuth" name="test_get_onboarding_status" time="0.093"><skipped type="pytest.skip" message="Premium creator login failed">/app/tests/test_onboarding_wizard.py:117: Premium creator login failed</skipped></testcase><testcase classname="tests.test_onboarding_wizard.TestOnboardingCreatorAuth" name="test_get_step_details_requires_auth" time="0.104" /><testcase classname="tests.test_onboarding_wizard.TestOnboardingCreatorAuth" name="test_get_step_details_valid_step" time="0.081"><skipped type="pytest.skip" message="Premium creator login failed">/app/tests/test_onboarding_wizard.py:143: Premium creator login failed</skipped></testcase><testcase classname="tests.test_onboarding_wizard.TestOnboardingCreatorAuth" name="test_get_step_details_invalid_step" time="0.118"><skipped type="pytest.skip" message="Premium creator login failed">/app/tests/test_onboarding_wizard.py:172: Premium creator login failed</skipped></testcase><testcase classname="tests.test_onboarding_wizard.TestOnboardingCreatorAuth" name="test_get_all_step_details" time="0.067"><skipped type="pytest.skip" message="Premium creator login failed">/app/tests/test_onboarding_wizard.py:189: Premium creator login failed</skipped></testcase><testcase classname="tests.test_onboarding_wizard.TestOnboardingCreatorAuth" name="test_save_step_requires_auth" time="0.109" /><testcase classname="tests.test_onboarding_wizard.TestOnboardingCreatorAuth" name="test_personalization_requires_auth" time="0.112" /><testcase classname="tests.test_onboarding_wizard.TestOnboardingCreatorAuth" name="test_get_personalization" time="0.068"><skipped type="pytest.skip" message="Premium creator login failed">/app/tests/test_onboarding_wizard.py:216: Premium creator login failed</skipped></testcase><testcase classname="tests.test_onboarding_wizard.TestOnboardingCreatorAuth" name="test_skip_requires_auth" time="0.102" /><testcase classname="tests.test_onboarding_wizard.TestOnboardingCreatorAuth" name="test_reset_requires_auth" time="0.104" /><testcase classname="tests.test_onboarding_wizard.TestOnboardingFullFlow" name="test_reset_onboarding" time="0.038"><skipped type="pytest.skip" message="Creator login failed">/app/tests/test_onboarding_wizard.py:267: Creator login failed</skipped></testcase><testcase classname="tests.test_onboarding_wizard.TestOnboardingFullFlow" name="test_complete_step_1_welcome" time="0.033"><skipped type="pytest.skip" message="Creator login failed">/app/tests/test_onboarding_wizard.py:290: Creator login failed</skipped></testcase><testcase classname="tests.test_onboarding_wizard.TestOnboardingFullFlow" name="test_complete_step_2_profile" time="0.032"><skipped type="pytest.skip" message="Creator login failed">/app/tests/test_onboarding_wizard.py:314: Creator login failed</skipped></testcase><testcase classname="tests.test_onboarding_wizard.TestOnboardingFullFlow" name="test_complete_step_3_platforms" time="0.035"><skipped type="pytest.skip" message="Creator login failed">/app/tests/test_onboarding_wizard.py:339: Creator login failed</skipped></testcase><testcase classname="tests.test_onboarding_wizard.TestOnboardingFullFlow" name="test_complete_step_4_niche" time="0.034"><skipped type="pytest.skip" message="Creator login failed">/app/tests/test_onboarding_wizard.py:364: Creator login failed</skipped></testcase><testcase classname="tests.test_onboarding_wizard.TestOnboardingFullFlow" name="test_complete_step_5_goals" time="0.035"><skipped type="pytest.skip" message="Creator login failed">/app/tests/test_onboarding_wizard.py:389: Creator login failed</skipped></testcase><testcase classname="tests.test_onboarding_wizard.TestOnboardingFullFlow" name="test_complete_step_6_arris_intro" time="0.038"><skipped type="pytest.skip" message="Creator login failed">/app/tests/test_onboarding_wizard.py:414: Creator login failed</skipped></testcase><testcase classname="tests.test_onboarding_wizard.TestOnboardingFullFlow" name="test_complete_step_7_complete" time="0.039"><skipped type="pytest.skip" message="Creator login failed">/app/tests/test_onboarding_wizard.py:439: Creator login failed</skipped></testcase><testcase classname="tests.test_onboarding_wizard.TestOnboardingFullFlow" name="test_personalization_after_completion" time="0.038"><skipped type="pytest.skip" message="Creator login failed">/app/tests/test_onboarding_wizard.py:466: Creator login failed</skipped></testcase><testcase classname="tests.test_onboarding_wizard.TestOnboardingFullFlow" name="test_skip_onboarding" time="0.032"><skipped type="pytest.skip" message="Creator login failed">/app/tests/test_onboarding_wizard.py:488: Creator login failed</skipped></testcase><testcase classname="tests.test_onboarding_wizard.TestOnboardingAdmin" name="test_admin_analytics_requires_auth" time="0.359" /><testcase classname="tests.test_onboarding_wizard.TestOnboardingAdmin" name="test_admin_get_analytics" time="0.327" /><testcase classname="tests.test_onboarding_wizard.TestOnboardingAdmin" name="test_admin_get_creator_onboarding_requires_auth" time="0.328" /><testcase classname="tests.test_onboarding_wizard.TestOnboardingAdmin" name="test_admin_get_creator_onboarding" time="0.292"><skipped type="pytest.skip" message="Admin login or creator_id not available">/app/tests/test_onboarding_wizard.py:569: Admin login or creator_id not available</skipped></testcase><testcase classname="tests.test_onboarding_wizard.TestOnboardingAdmin" name="test_admin_get_creator_onboarding_invalid_id" time="0.370" /><testcase classname="tests.test_onboarding_wizard.TestOnboardingAdmin" name="test_admin_reset_creator_onboarding_requires_auth" time="0.328" /><testcase classname="tests.test_onboarding_wizard.TestOnboardingAdmin" name="test_admin_reset_creator_onboarding" time="0.290"><skipped type="pytest.skip" message="Admin login or creator_id not available">/app/tests/test_onboarding_wizard.py:602: Admin login or creator_id not available</skipped></testcase><testcase classname="tests.test_onboarding_wizard.TestOnboardingDataPersistence" name="test_saved_data_persists_across_requests" time="0.035"><skipped type="pytest.skip" message="Creator login failed">/app/tests/test_onboarding_wizard.py:633: Creator login failed</skipped></testcase><testcase classname="tests.test_onboarding_wizard.TestOnboardingDataPersistence" name="test_status_updates_after_step_completion" time="0.035"><skipped type="pytest.skip" message="Creator login failed">/app/tests/test_onboarding_wizard.py:664: Creator login failed</skipped></testcase></testsuite></testsuites>