<?xml version="1.0" encoding="utf-8"?><testsuites name="pytest tests"><testsuite name="pytest" errors="0" failures="0" skipped="0" tests="25" time="6.795" timestamp="2026-01-23T16:52:33.442401+00:00" hostname="agent-env-87a70119-8e6b-4ecc-9cd2-f2e982205db5"><testcase classname="tests.test_onboarding_progress_tracker.TestOnboardingProgressTracker" name="test_progress_requires_auth" time="0.073" /><testcase classname="tests.test_onboarding_progress_tracker.TestOnboardingProgressTracker" name="test_progress_returns_detailed_data" time="0.300" /><testcase classname="tests.test_onboarding_progress_tracker.TestOnboardingProgressTracker" name="test_progress_shows_correct_percentage" time="0.307" /><testcase classname="tests.test_onboarding_progress_tracker.TestOnboardingProgressTracker" name="test_timeline_requires_auth" time="0.036" /><testcase classname="tests.test_onboarding_progress_tracker.TestOnboardingProgressTracker" name="test_timeline_returns_events" time="0.298" /><testcase classname="tests.test_onboarding_progress_tracker.TestOnboardingProgressTracker" name="test_timeline_sorted_by_timestamp" time="0.301" /><testcase classname="tests.test_onboarding_progress_tracker.TestOnboardingProgressTracker" name="test_arris_insight_requires_auth" time="0.038" /><testcase classname="tests.test_onboarding_progress_tracker.TestOnboardingProgressTracker" name="test_arris_insight_returns_personalized_data" time="0.295" /><testcase classname="tests.test_onboarding_progress_tracker.TestOnboardingProgressTracker" name="test_checklist_requires_auth" time="0.041" /><testcase classname="tests.test_onboarding_progress_tracker.TestOnboardingProgressTracker" name="test_checklist_requires_complete_onboarding" time="0.351" /><testcase classname="tests.test_onboarding_progress_tracker.TestOnboardingProgressTracker" name="test_checklist_structure" time="0.336" /><testcase classname="tests.test_onboarding_progress_tracker.TestOnboardingProgressTracker" name="test_checklist_update_requires_auth" time="0.078" /><testcase classname="tests.test_onboarding_progress_tracker.TestOnboardingProgressTracker" name="test_checklist_update_item" time="0.413" /><testcase classname="tests.test_onboarding_progress_tracker.TestOnboardingProgressTracker" name="test_checklist_update_invalid_item" time="0.335" /><testcase classname="tests.test_onboarding_progress_tracker.TestOnboardingProgressTracker" name="test_admin_progress_requires_auth" time="0.042" /><testcase classname="tests.test_onboarding_progress_tracker.TestOnboardingProgressTracker" name="test_admin_progress_returns_creator_data" time="0.591" /><testcase classname="tests.test_onboarding_progress_tracker.TestOnboardingProgressTracker" name="test_admin_progress_invalid_creator" time="0.301" /><testcase classname="tests.test_onboarding_progress_tracker.TestOnboardingProgressTracker" name="test_admin_timeline_requires_auth" time="0.034" /><testcase classname="tests.test_onboarding_progress_tracker.TestOnboardingProgressTracker" name="test_admin_timeline_returns_data" time="0.555" /><testcase classname="tests.test_onboarding_progress_tracker.TestOnboardingProgressTracker" name="test_arris_message_types" time="0.300" /><testcase classname="tests.test_onboarding_progress_tracker.TestOnboardingProgressTracker" name="test_time_metrics_structure" time="0.311" /><testcase classname="tests.test_onboarding_progress_tracker.TestOnboardingProgressTracker" name="test_rewards_structure" time="0.293" /><testcase classname="tests.test_onboarding_progress_tracker.TestOnboardingProgressTracker" name="test_progress_and_checklist_integration" time="0.300" /><testcase classname="tests.test_onboarding_progress_tracker.TestChecklistPointsAndBadges" name="test_checklist_points_calculation" time="0.378" /><testcase classname="tests.test_onboarding_progress_tracker.TestChecklistPointsAndBadges" name="test_checklist_progress_percentage" time="0.329" /></testsuite></testsuites>