<?xml version="1.0" encoding="utf-8"?><testsuites name="pytest tests"><testsuite name="pytest" errors="0" failures="0" skipped="2" tests="32" time="49.910" timestamp="2026-01-22T18:00:42.756394+00:00" hostname="agent-env-87a70119-8e6b-4ecc-9cd2-f2e982205db5"><testcase classname="tests.test_onboarding_wizard.TestOnboardingWizardSetup" name="test_api_health" time="0.109" /><testcase classname="tests.test_onboarding_wizard.TestOnboardingStepsPublic" name="test_get_onboarding_steps_public" time="0.035" /><testcase classname="tests.test_onboarding_wizard.TestOnboardingCreatorAuth" name="test_onboarding_status_requires_auth" time="0.573" /><testcase classname="tests.test_onboarding_wizard.TestOnboardingCreatorAuth" name="test_get_onboarding_status" time="0.571" /><testcase classname="tests.test_onboarding_wizard.TestOnboardingCreatorAuth" name="test_get_step_details_requires_auth" time="0.596" /><testcase classname="tests.test_onboarding_wizard.TestOnboardingCreatorAuth" name="test_get_step_details_valid_step" time="0.562" /><testcase classname="tests.test_onboarding_wizard.TestOnboardingCreatorAuth" name="test_get_step_details_invalid_step" time="0.591" /><testcase classname="tests.test_onboarding_wizard.TestOnboardingCreatorAuth" name="test_get_all_step_details" time="0.780" /><testcase classname="tests.test_onboarding_wizard.TestOnboardingCreatorAuth" name="test_save_step_requires_auth" time="0.558" /><testcase classname="tests.test_onboarding_wizard.TestOnboardingCreatorAuth" name="test_personalization_requires_auth" time="0.553" /><testcase classname="tests.test_onboarding_wizard.TestOnboardingCreatorAuth" name="test_get_personalization" time="0.573" /><testcase classname="tests.test_onboarding_wizard.TestOnboardingCreatorAuth" name="test_skip_requires_auth" time="0.559" /><testcase classname="tests.test_onboarding_wizard.TestOnboardingCreatorAuth" name="test_reset_requires_auth" time="0.547" /><testcase classname="tests.test_onboarding_wizard.TestOnboardingFullFlow" name="test_reset_onboarding" time="0.336" /><testcase classname="tests.test_onboarding_wizard.TestOnboardingFullFlow" name="test_complete_step_1_welcome" time="0.332" /><testcase classname="tests.test_onboarding_wizard.TestOnboardingFullFlow" name="test_complete_step_2_profile" time="0.297" /><testcase classname="tests.test_onboarding_wizard.TestOnboardingFullFlow" name="test_complete_step_3_platforms" time="0.300" /><testcase classname="tests.test_onboarding_wizard.TestOnboardingFullFlow" name="test_complete_step_4_niche" time="0.305" /><testcase classname="tests.test_onboarding_wizard.TestOnboardingFullFlow" name="test_complete_step_5_goals" time="0.332" /><testcase classname="tests.test_onboarding_wizard.TestOnboardingFullFlow" name="test_complete_step_6_arris_intro" time="0.300" /><testcase classname="tests.test_onboarding_wizard.TestOnboardingFullFlow" name="test_complete_step_7_complete" time="0.332" /><testcase classname="tests.test_onboarding_wizard.TestOnboardingFullFlow" name="test_personalization_after_completion" time="36.328" /><testcase classname="tests.test_onboarding_wizard.TestOnboardingFullFlow" name="test_skip_onboarding" time="0.368" /><testcase classname="tests.test_onboarding_wizard.TestOnboardingAdmin" name="test_admin_analytics_requires_auth" time="0.559" /><testcase classname="tests.test_onboarding_wizard.TestOnboardingAdmin" name="test_admin_get_analytics" time="0.557" /><testcase classname="tests.test_onboarding_wizard.TestOnboardingAdmin" name="test_admin_get_creator_onboarding_requires_auth" time="0.554" /><testcase classname="tests.test_onboarding_wizard.TestOnboardingAdmin" name="test_admin_get_creator_onboarding" time="0.560" /><testcase classname="tests.test_onboarding_wizard.TestOnboardingAdmin" name="test_admin_get_creator_onboarding_invalid_id" time="0.554" /><testcase classname="tests.test_onboarding_wizard.TestOnboardingAdmin" name="test_admin_reset_creator_onboarding_requires_auth" time="0.553" /><testcase classname="tests.test_onboarding_wizard.TestOnboardingAdmin" name="test_admin_reset_creator_onboarding" time="0.552" /><testcase classname="tests.test_onboarding_wizard.TestOnboardingDataPersistence" name="test_saved_data_persists_across_requests" time="0.039"><skipped type="pytest.skip" message="Creator login failed">/app/tests/test_onboarding_wizard.py:633: Creator login failed</skipped></testcase><testcase classname="tests.test_onboarding_wizard.TestOnboardingDataPersistence" name="test_status_updates_after_step_completion" time="0.035"><skipped type="pytest.skip" message="Creator login failed">/app/tests/test_onboarding_wizard.py:664: Creator login failed</skipped></testcase></testsuite></testsuites>