<?xml version="1.0" encoding="utf-8"?><testsuites name="pytest tests"><testsuite name="pytest" errors="0" failures="0" skipped="0" tests="30" time="2.494" timestamp="2026-01-25T06:18:43.873156+00:00" hostname="agent-env-d749e446-7ec8-43a9-8650-5738e54f6ba8"><testcase classname="backend.tests.test_pattern_export.TestPatternExportAuth" name="test_export_options_requires_auth" time="0.083" /><testcase classname="backend.tests.test_pattern_export.TestPatternExportAuth" name="test_export_preview_requires_auth" time="0.038" /><testcase classname="backend.tests.test_pattern_export.TestPatternExportAuth" name="test_export_endpoint_requires_auth" time="0.038" /><testcase classname="backend.tests.test_pattern_export.TestPatternExportAuth" name="test_export_history_requires_auth" time="0.035" /><testcase classname="backend.tests.test_pattern_export.TestPatternExportTierGating" name="test_free_tier_denied_export_options" time="1.102" /><testcase classname="backend.tests.test_pattern_export.TestPatternExportTierGating" name="test_pro_tier_denied_export_options" time="0.032" /><testcase classname="backend.tests.test_pattern_export.TestPatternExportTierGating" name="test_premium_tier_has_access" time="0.047" /><testcase classname="backend.tests.test_pattern_export.TestPatternExportTierGating" name="test_elite_tier_has_access" time="0.042" /><testcase classname="backend.tests.test_pattern_export.TestPatternExportOptions" name="test_export_options_structure" time="0.045" /><testcase classname="backend.tests.test_pattern_export.TestPatternExportOptions" name="test_export_formats_available" time="0.050" /><testcase classname="backend.tests.test_pattern_export.TestPatternExportOptions" name="test_export_filters_available" time="0.045" /><testcase classname="backend.tests.test_pattern_export.TestPatternExportOptions" name="test_data_availability_info" time="0.041" /><testcase classname="backend.tests.test_pattern_export.TestPatternExportPreview" name="test_preview_returns_counts" time="0.040" /><testcase classname="backend.tests.test_pattern_export.TestPatternExportPreview" name="test_preview_with_category_filter" time="0.040" /><testcase classname="backend.tests.test_pattern_export.TestPatternExportPreview" name="test_preview_with_confidence_filter" time="0.040" /><testcase classname="backend.tests.test_pattern_export.TestPatternExportPreview" name="test_preview_with_date_range_filter" time="0.039" /><testcase classname="backend.tests.test_pattern_export.TestPatternExportPreview" name="test_preview_category_breakdown" time="0.040" /><testcase classname="backend.tests.test_pattern_export.TestPatternExportJSON" name="test_json_export_success" time="0.037" /><testcase classname="backend.tests.test_pattern_export.TestPatternExportJSON" name="test_json_export_structure" time="0.042" /><testcase classname="backend.tests.test_pattern_export.TestPatternExportJSON" name="test_json_export_content_valid" time="0.042" /><testcase classname="backend.tests.test_pattern_export.TestPatternExportJSON" name="test_json_export_with_filters" time="0.039" /><testcase classname="backend.tests.test_pattern_export.TestPatternExportCSV" name="test_csv_export_success" time="0.044" /><testcase classname="backend.tests.test_pattern_export.TestPatternExportCSV" name="test_csv_export_structure" time="0.046" /><testcase classname="backend.tests.test_pattern_export.TestPatternExportCSV" name="test_csv_export_content_valid" time="0.037" /><testcase classname="backend.tests.test_pattern_export.TestPatternExportCSV" name="test_csv_export_with_include_options" time="0.038" /><testcase classname="backend.tests.test_pattern_export.TestPatternExportHistory" name="test_history_returns_list" time="0.033" /><testcase classname="backend.tests.test_pattern_export.TestPatternExportHistory" name="test_history_limit_parameter" time="0.034" /><testcase classname="backend.tests.test_pattern_export.TestPatternExportHistory" name="test_history_item_structure" time="0.084" /><testcase classname="backend.tests.test_pattern_export.TestPatternExportInvalidInputs" name="test_invalid_format_rejected" time="0.036" /><testcase classname="backend.tests.test_pattern_export.TestPatternExportRecordCounts" name="test_record_counts_structure" time="0.037" /></testsuite></testsuites>