<?xml version="1.0" encoding="utf-8"?><testsuites name="pytest tests"><testsuite name="pytest" errors="0" failures="0" skipped="0" tests="35" time="5.001" timestamp="2026-01-22T01:01:35.379855+00:00" hostname="agent-env-f0c734eb-affc-47f6-8015-f65a9021b844"><testcase classname="tests.test_pattern_engine.TestPatternEngineAuth" name="test_overview_requires_auth" time="0.090" /><testcase classname="tests.test_pattern_engine.TestPatternEngineAuth" name="test_detect_requires_auth" time="0.049" /><testcase classname="tests.test_pattern_engine.TestPatternEngineAuth" name="test_cohorts_requires_auth" time="0.045" /><testcase classname="tests.test_pattern_engine.TestPatternEngineAuth" name="test_rankings_requires_auth" time="0.053" /><testcase classname="tests.test_pattern_engine.TestPatternEngineAuth" name="test_revenue_requires_auth" time="0.051" /><testcase classname="tests.test_pattern_engine.TestPatternEngineAuth" name="test_insights_requires_auth" time="0.043" /><testcase classname="tests.test_pattern_engine.TestPatternEngineAuth" name="test_churn_risk_requires_auth" time="0.040" /><testcase classname="tests.test_pattern_engine.TestPatternEngineOverview" name="test_overview_returns_200" time="0.406" /><testcase classname="tests.test_pattern_engine.TestPatternEngineOverview" name="test_overview_has_snapshot" time="0.070" /><testcase classname="tests.test_pattern_engine.TestPatternEngineOverview" name="test_overview_has_activity_30d" time="0.064" /><testcase classname="tests.test_pattern_engine.TestPatternEngineOverview" name="test_overview_has_health_indicators" time="0.068" /><testcase classname="tests.test_pattern_engine.TestPatternEngineDetect" name="test_detect_returns_200" time="0.395" /><testcase classname="tests.test_pattern_engine.TestPatternEngineDetect" name="test_detect_has_pattern_categories" time="0.108" /><testcase classname="tests.test_pattern_engine.TestPatternEngineDetect" name="test_detect_pattern_structure" time="0.130" /><testcase classname="tests.test_pattern_engine.TestPatternEngineCohorts" name="test_cohorts_returns_200" time="0.488" /><testcase classname="tests.test_pattern_engine.TestPatternEngineCohorts" name="test_cohorts_has_tier_analysis" time="0.067" /><testcase classname="tests.test_pattern_engine.TestPatternEngineCohorts" name="test_cohorts_has_engagement_levels" time="0.063" /><testcase classname="tests.test_pattern_engine.TestPatternEngineCohorts" name="test_cohorts_has_monthly_retention" time="0.057" /><testcase classname="tests.test_pattern_engine.TestPatternEngineRankings" name="test_rankings_returns_200" time="0.466" /><testcase classname="tests.test_pattern_engine.TestPatternEngineRankings" name="test_rankings_returns_list" time="0.069" /><testcase classname="tests.test_pattern_engine.TestPatternEngineRankings" name="test_rankings_creator_structure" time="0.050" /><testcase classname="tests.test_pattern_engine.TestPatternEngineRankings" name="test_rankings_sort_by_approval_rate" time="0.062" /><testcase classname="tests.test_pattern_engine.TestPatternEngineRankings" name="test_rankings_sort_by_total_proposals" time="0.062" /><testcase classname="tests.test_pattern_engine.TestPatternEngineRankings" name="test_rankings_tier_filter" time="0.078" /><testcase classname="tests.test_pattern_engine.TestPatternEngineRankings" name="test_rankings_limit" time="0.078" /><testcase classname="tests.test_pattern_engine.TestPatternEngineRevenue" name="test_revenue_returns_200" time="0.372" /><testcase classname="tests.test_pattern_engine.TestPatternEngineRevenue" name="test_revenue_has_summary" time="0.058" /><testcase classname="tests.test_pattern_engine.TestPatternEngineRevenue" name="test_revenue_has_monthly_trend" time="0.051" /><testcase classname="tests.test_pattern_engine.TestPatternEngineRevenue" name="test_revenue_period_parameter" time="0.050" /><testcase classname="tests.test_pattern_engine.TestPatternEngineInsights" name="test_insights_returns_200" time="0.338" /><testcase classname="tests.test_pattern_engine.TestPatternEngineInsights" name="test_insights_returns_list" time="0.059" /><testcase classname="tests.test_pattern_engine.TestPatternEngineInsights" name="test_insights_structure" time="0.109" /><testcase classname="tests.test_pattern_engine.TestPatternEngineChurnRisk" name="test_churn_risk_returns_200" time="0.395" /><testcase classname="tests.test_pattern_engine.TestPatternEngineChurnRisk" name="test_churn_risk_has_counts" time="0.110" /><testcase classname="tests.test_pattern_engine.TestPatternEngineChurnRisk" name="test_churn_risk_has_creators_list" time="0.091" /></testsuite></testsuites>