<?xml version="1.0" encoding="utf-8"?><testsuites name="pytest tests"><testsuite name="pytest" errors="0" failures="0" skipped="0" tests="36" time="73.016" timestamp="2026-01-30T09:42:37.818973+00:00" hostname="agent-env-ed355c40-7921-4a9e-8a4b-3e33102ac538"><testcase classname="backend.tests.test_phase7_system_reconnection.TestAuthentication" name="test_pro_user_login" time="0.341" /><testcase classname="backend.tests.test_phase7_system_reconnection.TestAuthentication" name="test_free_user_login" time="0.270" /><testcase classname="backend.tests.test_phase7_system_reconnection.TestIntakeFlow" name="test_intake_form_options" time="0.301" /><testcase classname="backend.tests.test_phase7_system_reconnection.TestIntakeFlow" name="test_intake_status_pro_user" time="0.043" /><testcase classname="backend.tests.test_phase7_system_reconnection.TestIntakeFlow" name="test_intake_status_free_user" time="0.300" /><testcase classname="backend.tests.test_phase7_system_reconnection.TestIntakeFlow" name="test_intake_system_state" time="0.037" /><testcase classname="backend.tests.test_phase7_system_reconnection.TestEngineFlow" name="test_engines_status" time="0.310" /><testcase classname="backend.tests.test_phase7_system_reconnection.TestEngineFlow" name="test_engine_dependencies_enforced" time="0.043" /><testcase classname="backend.tests.test_phase7_system_reconnection.TestEngineFlow" name="test_engine_health_calculation" time="0.042" /><testcase classname="backend.tests.test_phase7_system_reconnection.TestEngineFlow" name="test_single_engine_details" time="0.038" /><testcase classname="backend.tests.test_phase7_system_reconnection.TestModuleFlow" name="test_modules_status" time="0.305" /><testcase classname="backend.tests.test_phase7_system_reconnection.TestModuleFlow" name="test_module_blockers_based_on_assets" time="0.044" /><testcase classname="backend.tests.test_phase7_system_reconnection.TestModuleFlow" name="test_module_priority_alignment" time="0.044" /><testcase classname="backend.tests.test_phase7_system_reconnection.TestModuleFlow" name="test_module_activate_deactivate" time="0.115" /><testcase classname="backend.tests.test_phase7_system_reconnection.TestDashboardFlow" name="test_command_center_returns_complete_data" time="0.296" /><testcase classname="backend.tests.test_phase7_system_reconnection.TestDashboardFlow" name="test_dashboard_shows_engines_active_count" time="0.041" /><testcase classname="backend.tests.test_phase7_system_reconnection.TestDashboardFlow" name="test_dashboard_shows_modules_unlocked_count" time="0.040" /><testcase classname="backend.tests.test_phase7_system_reconnection.TestDashboardFlow" name="test_dashboard_shows_next_steps" time="0.036" /><testcase classname="backend.tests.test_phase7_system_reconnection.TestDashboardFlow" name="test_dashboard_shows_arris_outputs" time="0.045" /><testcase classname="backend.tests.test_phase7_system_reconnection.TestDashboardFlow" name="test_dashboard_shows_millicent_outputs" time="0.044" /><testcase classname="backend.tests.test_phase7_system_reconnection.TestSystemHealth" name="test_system_health_returns_comprehensive_health" time="0.309" /><testcase classname="backend.tests.test_phase7_system_reconnection.TestSystemHealth" name="test_system_profile_returns_canonical_model" time="0.043" /><testcase classname="backend.tests.test_phase7_system_reconnection.TestSystemHealth" name="test_system_consistency_shows_all_checks_passed" time="0.035" /><testcase classname="backend.tests.test_phase7_system_reconnection.TestFreeUserFlow" name="test_free_user_intake_status" time="0.302" /><testcase classname="backend.tests.test_phase7_system_reconnection.TestFreeUserFlow" name="test_free_user_engines" time="0.042" /><testcase classname="backend.tests.test_phase7_system_reconnection.TestFreeUserFlow" name="test_free_user_modules" time="0.041" /><testcase classname="backend.tests.test_phase7_system_reconnection.TestFreeUserFlow" name="test_free_user_command_center" time="0.040" /><testcase classname="backend.tests.test_phase7_system_reconnection.TestEndToEndDataFlow" name="test_intake_to_engines_data_flow" time="0.330" /><testcase classname="backend.tests.test_phase7_system_reconnection.TestEndToEndDataFlow" name="test_engines_to_modules_data_flow" time="0.093" /><testcase classname="backend.tests.test_phase7_system_reconnection.TestEndToEndDataFlow" name="test_modules_to_dashboard_data_flow" time="0.082" /><testcase classname="backend.tests.test_phase7_system_reconnection.TestEndToEndDataFlow" name="test_full_system_consistency" time="68.549" /><testcase classname="backend.tests.test_phase7_system_reconnection.TestAuthenticationRequired" name="test_intake_status_requires_auth" time="0.094" /><testcase classname="backend.tests.test_phase7_system_reconnection.TestAuthenticationRequired" name="test_engines_status_requires_auth" time="0.079" /><testcase classname="backend.tests.test_phase7_system_reconnection.TestAuthenticationRequired" name="test_modules_status_requires_auth" time="0.039" /><testcase classname="backend.tests.test_phase7_system_reconnection.TestAuthenticationRequired" name="test_command_center_requires_auth" time="0.038" /><testcase classname="backend.tests.test_phase7_system_reconnection.TestAuthenticationRequired" name="test_system_health_requires_auth" time="0.041" /></testsuite></testsuites>