<?xml version="1.0" encoding="utf-8"?><testsuites name="pytest tests"><testsuite name="pytest" errors="0" failures="5" skipped="0" tests="36" time="4.575" timestamp="2026-01-30T09:41:35.958617+00:00" hostname="agent-env-ed355c40-7921-4a9e-8a4b-3e33102ac538"><testcase classname="backend.tests.test_phase7_system_reconnection.TestAuthentication" name="test_pro_user_login" time="0.335" /><testcase classname="backend.tests.test_phase7_system_reconnection.TestAuthentication" name="test_free_user_login" time="0.263" /><testcase classname="backend.tests.test_phase7_system_reconnection.TestIntakeFlow" name="test_intake_form_options" time="0.304" /><testcase classname="backend.tests.test_phase7_system_reconnection.TestIntakeFlow" name="test_intake_status_pro_user" time="0.042" /><testcase classname="backend.tests.test_phase7_system_reconnection.TestIntakeFlow" name="test_intake_status_free_user" time="0.303"><failure message="AssertionError: Expected 2+ engines, got 1&#10;assert 1 &gt;= 2&#10; +  where 1 = &lt;built-in method get of dict object at 0xfb8d16969300&gt;('engines_active', 0)&#10; +    where &lt;built-in method get of dict object at 0xfb8d16969300&gt; = {'assigned_track': 'creator_track', 'engines_active': 1, 'intake_completed': True, 'intake_id': 'INTAKE-41daa662', ...}.get">backend/tests/test_phase7_system_reconnection.py:120: in test_intake_status_free_user
    assert data.get("engines_active", 0) &gt;= 2, f"Expected 2+ engines, got {data.get('engines_active')}"
E   AssertionError: Expected 2+ engines, got 1
E   assert 1 &gt;= 2
E    +  where 1 = &lt;built-in method get of dict object at 0xfb8d16969300&gt;('engines_active', 0)
E    +    where &lt;built-in method get of dict object at 0xfb8d16969300&gt; = {'assigned_track': 'creator_track', 'engines_active': 1, 'intake_completed': True, 'intake_id': 'INTAKE-41daa662', ...}.get</failure></testcase><testcase classname="backend.tests.test_phase7_system_reconnection.TestIntakeFlow" name="test_intake_system_state" time="0.044" /><testcase classname="backend.tests.test_phase7_system_reconnection.TestEngineFlow" name="test_engines_status" time="0.297" /><testcase classname="backend.tests.test_phase7_system_reconnection.TestEngineFlow" name="test_engine_dependencies_enforced" time="0.044" /><testcase classname="backend.tests.test_phase7_system_reconnection.TestEngineFlow" name="test_engine_health_calculation" time="0.042"><failure message="AssertionError: Engine role_engine inactive but health=good&#10;assert 'good' in ['inactive', 'pending']">backend/tests/test_phase7_system_reconnection.py:210: in test_engine_health_calculation
    assert health in ["inactive", "pending"], f"Engine {engine['engine_id']} inactive but health={health}"
E   AssertionError: Engine role_engine inactive but health=good
E   assert 'good' in ['inactive', 'pending']</failure></testcase><testcase classname="backend.tests.test_phase7_system_reconnection.TestEngineFlow" name="test_single_engine_details" time="0.042" /><testcase classname="backend.tests.test_phase7_system_reconnection.TestModuleFlow" name="test_modules_status" time="0.300"><failure message="AssertionError: Expected 14+ unlocked/active modules, got 11&#10;assert (9 + 2) &gt;= 14&#10; +  where 9 = &lt;built-in method get of dict object at 0xfb8d16b99d00&gt;('unlocked', 0)&#10; +    where &lt;built-in method get of dict object at 0xfb8d16b99d00&gt; = {'active': 2, 'blocked': 3, 'locked': 4, 'total': 18, ...}.get&#10; +  and   2 = &lt;built-in method get of dict object at 0xfb8d16b99d00&gt;('active', 0)&#10; +    where &lt;built-in method get of dict object at 0xfb8d16b99d00&gt; = {'active': 2, 'blocked': 3, 'locked': 4, 'total': 18, ...}.get">backend/tests/test_phase7_system_reconnection.py:247: in test_modules_status
    assert summary.get("unlocked", 0) + summary.get("active", 0) &gt;= 14, \
E   AssertionError: Expected 14+ unlocked/active modules, got 11
E   assert (9 + 2) &gt;= 14
E    +  where 9 = &lt;built-in method get of dict object at 0xfb8d16b99d00&gt;('unlocked', 0)
E    +    where &lt;built-in method get of dict object at 0xfb8d16b99d00&gt; = {'active': 2, 'blocked': 3, 'locked': 4, 'total': 18, ...}.get
E    +  and   2 = &lt;built-in method get of dict object at 0xfb8d16b99d00&gt;('active', 0)
E    +    where &lt;built-in method get of dict object at 0xfb8d16b99d00&gt; = {'active': 2, 'blocked': 3, 'locked': 4, 'total': 18, ...}.get</failure></testcase><testcase classname="backend.tests.test_phase7_system_reconnection.TestModuleFlow" name="test_module_blockers_based_on_assets" time="0.042" /><testcase classname="backend.tests.test_phase7_system_reconnection.TestModuleFlow" name="test_module_priority_alignment" time="0.042" /><testcase classname="backend.tests.test_phase7_system_reconnection.TestModuleFlow" name="test_module_activate_deactivate" time="0.119" /><testcase classname="backend.tests.test_phase7_system_reconnection.TestDashboardFlow" name="test_command_center_returns_complete_data" time="0.295" /><testcase classname="backend.tests.test_phase7_system_reconnection.TestDashboardFlow" name="test_dashboard_shows_engines_active_count" time="0.038" /><testcase classname="backend.tests.test_phase7_system_reconnection.TestDashboardFlow" name="test_dashboard_shows_modules_unlocked_count" time="0.040" /><testcase classname="backend.tests.test_phase7_system_reconnection.TestDashboardFlow" name="test_dashboard_shows_next_steps" time="0.037" /><testcase classname="backend.tests.test_phase7_system_reconnection.TestDashboardFlow" name="test_dashboard_shows_arris_outputs" time="0.040" /><testcase classname="backend.tests.test_phase7_system_reconnection.TestDashboardFlow" name="test_dashboard_shows_millicent_outputs" time="0.037" /><testcase classname="backend.tests.test_phase7_system_reconnection.TestSystemHealth" name="test_system_health_returns_comprehensive_health" time="0.301" /><testcase classname="backend.tests.test_phase7_system_reconnection.TestSystemHealth" name="test_system_profile_returns_canonical_model" time="0.036" /><testcase classname="backend.tests.test_phase7_system_reconnection.TestSystemHealth" name="test_system_consistency_shows_all_checks_passed" time="0.037" /><testcase classname="backend.tests.test_phase7_system_reconnection.TestFreeUserFlow" name="test_free_user_intake_status" time="0.292" /><testcase classname="backend.tests.test_phase7_system_reconnection.TestFreeUserFlow" name="test_free_user_engines" time="0.041"><failure message="AssertionError: Expected 2+ active engines, got 1&#10;assert 1 &gt;= 2">backend/tests/test_phase7_system_reconnection.py:467: in test_free_user_engines
    assert active_count &gt;= 2, f"Expected 2+ active engines, got {active_count}"
E   AssertionError: Expected 2+ active engines, got 1
E   assert 1 &gt;= 2</failure></testcase><testcase classname="backend.tests.test_phase7_system_reconnection.TestFreeUserFlow" name="test_free_user_modules" time="0.037"><failure message="AssertionError: Expected 9+ accessible modules, got 7&#10;assert 7 &gt;= 9">backend/tests/test_phase7_system_reconnection.py:480: in test_free_user_modules
    assert total_accessible &gt;= 9, f"Expected 9+ accessible modules, got {total_accessible}"
E   AssertionError: Expected 9+ accessible modules, got 7
E   assert 7 &gt;= 9</failure></testcase><testcase classname="backend.tests.test_phase7_system_reconnection.TestFreeUserFlow" name="test_free_user_command_center" time="0.041" /><testcase classname="backend.tests.test_phase7_system_reconnection.TestEndToEndDataFlow" name="test_intake_to_engines_data_flow" time="0.338" /><testcase classname="backend.tests.test_phase7_system_reconnection.TestEndToEndDataFlow" name="test_engines_to_modules_data_flow" time="0.081" /><testcase classname="backend.tests.test_phase7_system_reconnection.TestEndToEndDataFlow" name="test_modules_to_dashboard_data_flow" time="0.079" /><testcase classname="backend.tests.test_phase7_system_reconnection.TestEndToEndDataFlow" name="test_full_system_consistency" time="0.189" /><testcase classname="backend.tests.test_phase7_system_reconnection.TestAuthenticationRequired" name="test_intake_status_requires_auth" time="0.036" /><testcase classname="backend.tests.test_phase7_system_reconnection.TestAuthenticationRequired" name="test_engines_status_requires_auth" time="0.077" /><testcase classname="backend.tests.test_phase7_system_reconnection.TestAuthenticationRequired" name="test_modules_status_requires_auth" time="0.035" /><testcase classname="backend.tests.test_phase7_system_reconnection.TestAuthenticationRequired" name="test_command_center_requires_auth" time="0.039" /><testcase classname="backend.tests.test_phase7_system_reconnection.TestAuthenticationRequired" name="test_system_health_requires_auth" time="0.035" /></testsuite></testsuites>