<?xml version="1.0" encoding="utf-8"?><testsuites name="pytest tests"><testsuite name="pytest" errors="0" failures="0" skipped="1" tests="20" time="11.716" timestamp="2026-01-24T02:31:56.465095+00:00" hostname="agent-env-58862f02-e490-44d9-87e1-6c163e028ff9"><testcase classname="backend.tests.test_predictive_alerts.TestPredictiveAlertsAuth" name="test_predictive_alerts_requires_auth" time="0.100" /><testcase classname="backend.tests.test_predictive_alerts.TestPredictiveAlertsAuth" name="test_trigger_alerts_requires_auth" time="0.038" /><testcase classname="backend.tests.test_predictive_alerts.TestPredictiveAlertsAuth" name="test_alert_preferences_requires_auth" time="0.042" /><testcase classname="backend.tests.test_predictive_alerts.TestPredictiveAlertsAuth" name="test_mark_alert_read_requires_auth" time="0.035" /><testcase classname="backend.tests.test_predictive_alerts.TestPredictiveAlertsAuth" name="test_dismiss_alert_requires_auth" time="0.037" /><testcase classname="backend.tests.test_predictive_alerts.TestPredictiveAlertsFeatureGating" name="test_free_user_access_denied" time="1.398" /><testcase classname="backend.tests.test_predictive_alerts.TestPredictiveAlertsFeatureGating" name="test_starter_user_access_denied" time="1.337" /><testcase classname="backend.tests.test_predictive_alerts.TestPredictiveAlertsFeatureGating" name="test_pro_user_has_access" time="1.330" /><testcase classname="backend.tests.test_predictive_alerts.TestPredictiveAlertsFeatureGating" name="test_premium_user_has_access" time="1.395" /><testcase classname="backend.tests.test_predictive_alerts.TestPredictiveAlertsFeatureGating" name="test_elite_user_has_access" time="1.328" /><testcase classname="backend.tests.test_predictive_alerts.TestPredictiveAlertsEndpoints" name="test_get_predictive_alerts_structure" time="0.297" /><testcase classname="backend.tests.test_predictive_alerts.TestPredictiveAlertsEndpoints" name="test_get_predictive_alerts_limit_param" time="0.295" /><testcase classname="backend.tests.test_predictive_alerts.TestPredictiveAlertsEndpoints" name="test_trigger_alerts_for_pro_user" time="0.298" /><testcase classname="backend.tests.test_predictive_alerts.TestPredictiveAlertsEndpoints" name="test_trigger_alerts_access_denied_for_free" time="0.556" /><testcase classname="backend.tests.test_predictive_alerts.TestPredictiveAlertsEndpoints" name="test_get_alert_preferences" time="0.306" /><testcase classname="backend.tests.test_predictive_alerts.TestPredictiveAlertsEndpoints" name="test_update_alert_preferences" time="0.322" /><testcase classname="backend.tests.test_predictive_alerts.TestPredictiveAlertsEndpoints" name="test_mark_alert_read" time="0.436" /><testcase classname="backend.tests.test_predictive_alerts.TestPredictiveAlertsEndpoints" name="test_dismiss_alert" time="0.353" /><testcase classname="backend.tests.test_predictive_alerts.TestAlertStructure" name="test_alert_object_structure" time="0.365"><skipped type="pytest.skip" message="No alerts to verify structure">/app/backend/tests/test_predictive_alerts.py:399: No alerts to verify structure</skipped></testcase><testcase classname="backend.tests.test_predictive_alerts.TestAllUsersCanLogin" name="test_all_users_login" time="1.355" /></testsuite></testsuites>