<?xml version="1.0" encoding="utf-8"?><testsuites name="pytest tests"><testsuite name="pytest" errors="0" failures="0" skipped="0" tests="33" time="2.379" timestamp="2026-01-20T03:49:35.077362+00:00" hostname="agent-env-656d174e-8dc4-42f3-9999-50e4ad2aafea"><testcase classname="tests.test_premium_analytics.TestPremiumAnalyticsAccess" name="test_premium_analytics_requires_auth" time="0.087" /><testcase classname="tests.test_premium_analytics.TestPremiumAnalyticsAccess" name="test_free_user_gets_403" time="0.342" /><testcase classname="tests.test_premium_analytics.TestPremiumAnalyticsAccess" name="test_pro_user_gets_403" time="0.333" /><testcase classname="tests.test_premium_analytics.TestPremiumAnalyticsAccess" name="test_premium_user_gets_200" time="0.306" /><testcase classname="tests.test_premium_analytics.TestPremiumAnalyticsContent" name="test_analytics_tier_and_date_range" time="0.044" /><testcase classname="tests.test_premium_analytics.TestPremiumAnalyticsContent" name="test_summary_section" time="0.043" /><testcase classname="tests.test_premium_analytics.TestPremiumAnalyticsContent" name="test_comparative_analytics" time="0.040" /><testcase classname="tests.test_premium_analytics.TestPremiumAnalyticsContent" name="test_revenue_tracking" time="0.041" /><testcase classname="tests.test_premium_analytics.TestPremiumAnalyticsContent" name="test_predictive_insights" time="0.045" /><testcase classname="tests.test_premium_analytics.TestPremiumAnalyticsContent" name="test_arris_analytics" time="0.039" /><testcase classname="tests.test_premium_analytics.TestPremiumAnalyticsContent" name="test_trends_data" time="0.040" /><testcase classname="tests.test_premium_analytics.TestPremiumAnalyticsContent" name="test_platform_performance" time="0.042" /><testcase classname="tests.test_premium_analytics.TestPremiumAnalyticsContent" name="test_growth_metrics" time="0.039" /><testcase classname="tests.test_premium_analytics.TestPremiumAnalyticsContent" name="test_engagement_section" time="0.040" /><testcase classname="tests.test_premium_analytics.TestPremiumAnalyticsContent" name="test_export_availability" time="0.043" /><testcase classname="tests.test_premium_analytics.TestDateRangeParameter" name="test_default_date_range" time="0.042" /><testcase classname="tests.test_premium_analytics.TestDateRangeParameter" name="test_7d_date_range" time="0.044" /><testcase classname="tests.test_premium_analytics.TestDateRangeParameter" name="test_30d_date_range" time="0.040" /><testcase classname="tests.test_premium_analytics.TestDateRangeParameter" name="test_90d_date_range" time="0.045" /><testcase classname="tests.test_premium_analytics.TestDateRangeParameter" name="test_1y_date_range" time="0.044" /><testcase classname="tests.test_premium_analytics.TestDateRangeParameter" name="test_all_date_range" time="0.045" /><testcase classname="tests.test_premium_analytics.TestExportEndpoint" name="test_export_requires_auth" time="0.042" /><testcase classname="tests.test_premium_analytics.TestExportEndpoint" name="test_export_requires_premium" time="0.032" /><testcase classname="tests.test_premium_analytics.TestExportEndpoint" name="test_json_export" time="0.036" /><testcase classname="tests.test_premium_analytics.TestExportEndpoint" name="test_csv_export" time="0.036" /><testcase classname="tests.test_premium_analytics.TestExportEndpoint" name="test_export_with_date_range" time="0.032" /><testcase classname="tests.test_premium_analytics.TestExportEndpoint" name="test_default_export_format" time="0.034" /><testcase classname="tests.test_premium_analytics.TestFeatureGatingIntegration" name="test_free_user_no_advanced_analytics" time="0.037" /><testcase classname="tests.test_premium_analytics.TestFeatureGatingIntegration" name="test_pro_user_no_advanced_analytics" time="0.037" /><testcase classname="tests.test_premium_analytics.TestFeatureGatingIntegration" name="test_premium_user_has_advanced_analytics" time="0.033" /><testcase classname="tests.test_premium_analytics.TestFeatureGatingIntegration" name="test_premium_user_tier" time="0.035" /><testcase classname="tests.test_premium_analytics.TestPremiumUserDataIntegrity" name="test_premium_user_has_proposals" time="0.039" /><testcase classname="tests.test_premium_analytics.TestPremiumUserDataIntegrity" name="test_data_consistency" time="0.040" /></testsuite></testsuites>