<?xml version="1.0" encoding="utf-8"?><testsuites name="pytest tests"><testsuite name="pytest" errors="0" failures="0" skipped="0" tests="37" time="62.697" timestamp="2026-01-25T14:53:17.006243+00:00" hostname="agent-env-9c078b98-840d-47a2-ae72-18e2b45439f1"><testcase classname="backend.tests.test_proposals_routes.TestPublicEndpoints" name="test_get_form_options" time="0.090" /><testcase classname="backend.tests.test_proposals_routes.TestAdminEndpoints" name="test_stats_summary_requires_auth" time="0.040" /><testcase classname="backend.tests.test_proposals_routes.TestAdminEndpoints" name="test_stats_summary_rejects_creator" time="0.324" /><testcase classname="backend.tests.test_proposals_routes.TestAdminEndpoints" name="test_stats_summary_with_admin" time="0.345" /><testcase classname="backend.tests.test_proposals_routes.TestAdminEndpoints" name="test_list_proposals_requires_auth" time="0.034" /><testcase classname="backend.tests.test_proposals_routes.TestAdminEndpoints" name="test_list_proposals_with_admin" time="0.059" /><testcase classname="backend.tests.test_proposals_routes.TestAdminEndpoints" name="test_list_proposals_with_filters" time="0.123" /><testcase classname="backend.tests.test_proposals_routes.TestCreatorProposalCRUD" name="test_create_proposal_requires_auth" time="0.036" /><testcase classname="backend.tests.test_proposals_routes.TestCreatorProposalCRUD" name="test_create_proposal_as_creator" time="0.328" /><testcase classname="backend.tests.test_proposals_routes.TestCreatorProposalCRUD" name="test_get_proposal_by_id" time="0.075" /><testcase classname="backend.tests.test_proposals_routes.TestCreatorProposalCRUD" name="test_get_proposal_not_found" time="0.038" /><testcase classname="backend.tests.test_proposals_routes.TestCreatorProposalCRUD" name="test_creator_cannot_access_others_proposal" time="0.076" /><testcase classname="backend.tests.test_proposals_routes.TestCreatorProposalCRUD" name="test_delete_draft_proposal" time="0.109" /><testcase classname="backend.tests.test_proposals_routes.TestCreatorProposalCRUD" name="test_delete_not_found" time="0.034" /><testcase classname="backend.tests.test_proposals_routes.TestAdminProposalUpdate" name="test_update_proposal_requires_admin" time="0.080" /><testcase classname="backend.tests.test_proposals_routes.TestAdminProposalUpdate" name="test_admin_update_proposal_status" time="0.106" /><testcase classname="backend.tests.test_proposals_routes.TestAdminProposalUpdate" name="test_admin_approve_proposal_creates_project" time="13.371" /><testcase classname="backend.tests.test_proposals_routes.TestAdminProposalUpdate" name="test_admin_reject_proposal" time="0.111" /><testcase classname="backend.tests.test_proposals_routes.TestAdminProposalUpdate" name="test_update_not_found" time="0.037" /><testcase classname="backend.tests.test_proposals_routes.TestAdminProposalUpdate" name="test_update_requires_data" time="0.070" /><testcase classname="backend.tests.test_proposals_routes.TestProposalSubmission" name="test_submit_proposal_requires_auth" time="0.034" /><testcase classname="backend.tests.test_proposals_routes.TestProposalSubmission" name="test_submit_draft_proposal" time="9.128" /><testcase classname="backend.tests.test_proposals_routes.TestProposalSubmission" name="test_submit_not_found" time="0.059" /><testcase classname="backend.tests.test_proposals_routes.TestProposalSubmission" name="test_cannot_submit_non_draft" time="6.655" /><testcase classname="backend.tests.test_proposals_routes.TestRegenerateInsights" name="test_regenerate_insights_requires_auth" time="0.036" /><testcase classname="backend.tests.test_proposals_routes.TestRegenerateInsights" name="test_regenerate_insights" time="14.693" /><testcase classname="backend.tests.test_proposals_routes.TestRegenerateInsights" name="test_regenerate_not_found" time="0.069" /><testcase classname="backend.tests.test_proposals_routes.TestRecommendations" name="test_generate_recommendations_requires_auth" time="0.040" /><testcase classname="backend.tests.test_proposals_routes.TestRecommendations" name="test_get_recommendations_requires_auth" time="0.038" /><testcase classname="backend.tests.test_proposals_routes.TestRecommendations" name="test_generate_recommendations" time="8.014" /><testcase classname="backend.tests.test_proposals_routes.TestRecommendations" name="test_get_recommendations" time="0.093" /><testcase classname="backend.tests.test_proposals_routes.TestCreatorMyProposals" name="test_my_proposals_requires_auth" time="0.036" /><testcase classname="backend.tests.test_proposals_routes.TestCreatorMyProposals" name="test_my_proposals_returns_own_proposals" time="0.075" /><testcase classname="backend.tests.test_proposals_routes.TestCreatorMyProposals" name="test_my_proposals_with_status_filter" time="0.038" /><testcase classname="backend.tests.test_proposals_routes.TestFeatureGating" name="test_free_tier_proposal_limit" time="0.037" /><testcase classname="backend.tests.test_proposals_routes.TestFeatureGating" name="test_elite_tier_has_fast_processing" time="6.983" /><testcase classname="backend.tests.test_proposals_routes.TestCleanup" name="test_cleanup_test_proposals" time="1.020" /></testsuite></testsuites>