<?xml version="1.0" encoding="utf-8"?><testsuites name="pytest tests"><testsuite name="pytest" errors="0" failures="1" skipped="0" tests="35" time="2.807" timestamp="2026-01-23T17:32:10.635095+00:00" hostname="agent-env-eab077ae-f8f1-4cb0-a3d0-14857e535dc9"><testcase classname="backend.tests.test_referral_system.TestReferralCodeGeneration" name="test_generate_code_requires_auth" time="0.064" /><testcase classname="backend.tests.test_referral_system.TestReferralCodeGeneration" name="test_generate_code_success" time="0.342" /><testcase classname="backend.tests.test_referral_system.TestReferralCodeGeneration" name="test_generate_code_returns_existing" time="0.076" /><testcase classname="backend.tests.test_referral_system.TestReferralCodeValidation" name="test_validate_code_public_endpoint" time="0.035" /><testcase classname="backend.tests.test_referral_system.TestReferralCodeValidation" name="test_validate_valid_code" time="0.073" /><testcase classname="backend.tests.test_referral_system.TestReferralCodeValidation" name="test_validate_invalid_code" time="0.041" /><testcase classname="backend.tests.test_referral_system.TestReferralClickTracking" name="test_track_click_public_endpoint" time="0.087" /><testcase classname="backend.tests.test_referral_system.TestReferralClickTracking" name="test_track_click_with_metadata" time="0.114" /><testcase classname="backend.tests.test_referral_system.TestReferralClickTracking" name="test_track_click_invalid_code" time="0.039" /><testcase classname="backend.tests.test_referral_system.TestReferralStats" name="test_my_stats_requires_auth" time="0.032" /><testcase classname="backend.tests.test_referral_system.TestReferralStats" name="test_my_stats_returns_comprehensive_data" time="0.077" /><testcase classname="backend.tests.test_referral_system.TestMyReferrals" name="test_my_referrals_requires_auth" time="0.033" /><testcase classname="backend.tests.test_referral_system.TestMyReferrals" name="test_my_referrals_returns_list" time="0.040" /><testcase classname="backend.tests.test_referral_system.TestMyReferrals" name="test_my_referrals_with_status_filter" time="0.034" /><testcase classname="backend.tests.test_referral_system.TestMyCommissions" name="test_my_commissions_requires_auth" time="0.037" /><testcase classname="backend.tests.test_referral_system.TestMyCommissions" name="test_my_commissions_returns_data" time="0.036" /><testcase classname="backend.tests.test_referral_system.TestTierInfo" name="test_tier_info_requires_auth" time="0.035" /><testcase classname="backend.tests.test_referral_system.TestTierInfo" name="test_tier_info_returns_all_tiers" time="0.036" /><testcase classname="backend.tests.test_referral_system.TestTierInfo" name="test_tier_info_milestones" time="0.032"><failure message="AssertionError: Should have 5-referral milestone&#10;assert ('5' in [{'bonus': 25.0, 'description': 'Earned for your first 5 successful referrals', 'threshold': 5, 'title': 'First Five'}, {'bonus': 50.0, 'description': 'Reached 10 successful referrals', 'threshold': 10, 'title': 'Double Digits'}, {'bonus': 100.0, 'description': 'Achieved 25 successful referrals', 'threshold': 25, 'title': 'Quarter Century'}, {'bonus': 250.0, 'description': 'Impressive! 50 successful referrals', 'threshold': 50, 'title': 'Half Century'}, {'bonus': 500.0, 'description': 'Legendary status with 100 referrals', 'threshold': 100, 'title': 'Centurion'}] or 5 in [{'bonus': 25.0, 'description': 'Earned for your first 5 successful referrals', 'threshold': 5, 'title': 'First Five'}, {'bonus': 50.0, 'description': 'Reached 10 successful referrals', 'threshold': 10, 'title': 'Double Digits'}, {'bonus': 100.0, 'description': 'Achieved 25 successful referrals', 'threshold': 25, 'title': 'Quarter Century'}, {'bonus': 250.0, 'description': 'Impressive! 50 successful referrals', 'threshold': 50, 'title': 'Half Century'}, {'bonus': 500.0, 'description': 'Legendary status with 100 referrals', 'threshold': 100, 'title': 'Centurion'}])">backend/tests/test_referral_system.py:332: in test_tier_info_milestones
    assert "5" in milestones or 5 in milestones, "Should have 5-referral milestone"
E   AssertionError: Should have 5-referral milestone
E   assert ('5' in [{'bonus': 25.0, 'description': 'Earned for your first 5 successful referrals', 'threshold': 5, 'title': 'First Five'}, {'bonus': 50.0, 'description': 'Reached 10 successful referrals', 'threshold': 10, 'title': 'Double Digits'}, {'bonus': 100.0, 'description': 'Achieved 25 successful referrals', 'threshold': 25, 'title': 'Quarter Century'}, {'bonus': 250.0, 'description': 'Impressive! 50 successful referrals', 'threshold': 50, 'title': 'Half Century'}, {'bonus': 500.0, 'description': 'Legendary status with 100 referrals', 'threshold': 100, 'title': 'Centurion'}] or 5 in [{'bonus': 25.0, 'description': 'Earned for your first 5 successful referrals', 'threshold': 5, 'title': 'First Five'}, {'bonus': 50.0, 'description': 'Reached 10 successful referrals', 'threshold': 10, 'title': 'Double Digits'}, {'bonus': 100.0, 'description': 'Achieved 25 successful referrals', 'threshold': 25, 'title': 'Quarter Century'}, {'bonus': 250.0, 'description': 'Impressive! 50 successful referrals', 'threshold': 50, 'title': 'Half Century'}, {'bonus': 500.0, 'description': 'Legendary status with 100 referrals', 'threshold': 100, 'title': 'Centurion'}])</failure></testcase><testcase classname="backend.tests.test_referral_system.TestLeaderboard" name="test_leaderboard_returns_data" time="0.033" /><testcase classname="backend.tests.test_referral_system.TestLeaderboard" name="test_leaderboard_with_limit" time="0.034" /><testcase classname="backend.tests.test_referral_system.TestCheckQualification" name="test_check_qualification_requires_auth" time="0.038" /><testcase classname="backend.tests.test_referral_system.TestCheckQualification" name="test_check_qualification_returns_status" time="0.040" /><testcase classname="backend.tests.test_referral_system.TestAdminReferralAnalytics" name="test_admin_analytics_requires_auth" time="0.039" /><testcase classname="backend.tests.test_referral_system.TestAdminReferralAnalytics" name="test_admin_analytics_requires_admin" time="0.036" /><testcase classname="backend.tests.test_referral_system.TestAdminReferralAnalytics" name="test_admin_analytics_success" time="0.295" /><testcase classname="backend.tests.test_referral_system.TestAdminPendingCommissions" name="test_pending_commissions_requires_auth" time="0.036" /><testcase classname="backend.tests.test_referral_system.TestAdminPendingCommissions" name="test_pending_commissions_success" time="0.035" /><testcase classname="backend.tests.test_referral_system.TestAdminCommissionApproval" name="test_approve_commission_requires_auth" time="0.035" /><testcase classname="backend.tests.test_referral_system.TestAdminCommissionApproval" name="test_approve_invalid_commission" time="0.036" /><testcase classname="backend.tests.test_referral_system.TestAdminCommissionApproval" name="test_mark_paid_requires_auth" time="0.032" /><testcase classname="backend.tests.test_referral_system.TestCreatorRegistrationWithReferral" name="test_registration_with_valid_referral" time="0.303" /><testcase classname="backend.tests.test_referral_system.TestCreatorRegistrationWithReferral" name="test_registration_with_invalid_referral" time="0.263" /><testcase classname="backend.tests.test_referral_system.TestExistingReferralData" name="test_existing_referral_code_valid" time="0.036" /><testcase classname="backend.tests.test_referral_system.TestExistingReferralData" name="test_pro_creator_has_referrals" time="0.080" /></testsuite></testsuites>