<?xml version="1.0" encoding="utf-8"?><testsuites name="pytest tests"><testsuite name="pytest" errors="0" failures="0" skipped="0" tests="28" time="3.718" timestamp="2026-01-24T00:23:29.223604+00:00" hostname="agent-env-549c9490-4920-40d3-bf74-0d390bed6e5c"><testcase classname="backend.tests.test_scheduled_reports.TestScheduledReportsAuth" name="test_elite_can_access_report_settings" time="0.363" /><testcase classname="backend.tests.test_scheduled_reports.TestScheduledReportsAuth" name="test_pro_user_gets_403_on_settings" time="0.294" /><testcase classname="backend.tests.test_scheduled_reports.TestScheduledReportsAuth" name="test_pro_user_gets_403_on_generate" time="0.039" /><testcase classname="backend.tests.test_scheduled_reports.TestScheduledReportsAuth" name="test_pro_user_gets_403_on_history" time="0.040" /><testcase classname="backend.tests.test_scheduled_reports.TestScheduledReportsAuth" name="test_unauthenticated_gets_401" time="0.036" /><testcase classname="backend.tests.test_scheduled_reports.TestReportTopics" name="test_get_available_topics" time="0.295" /><testcase classname="backend.tests.test_scheduled_reports.TestReportSettings" name="test_get_default_settings" time="0.301" /><testcase classname="backend.tests.test_scheduled_reports.TestReportSettings" name="test_update_frequency" time="0.032" /><testcase classname="backend.tests.test_scheduled_reports.TestReportSettings" name="test_update_topics" time="0.033" /><testcase classname="backend.tests.test_scheduled_reports.TestReportSettings" name="test_update_weekly_day" time="0.037" /><testcase classname="backend.tests.test_scheduled_reports.TestReportSettings" name="test_update_times" time="0.035" /><testcase classname="backend.tests.test_scheduled_reports.TestReportSettings" name="test_enable_reports" time="0.033" /><testcase classname="backend.tests.test_scheduled_reports.TestReportSettings" name="test_invalid_frequency_defaults_to_weekly" time="0.036" /><testcase classname="backend.tests.test_scheduled_reports.TestReportSettings" name="test_invalid_topics_filtered" time="0.034" /><testcase classname="backend.tests.test_scheduled_reports.TestReportGeneration" name="test_generate_weekly_report" time="0.295" /><testcase classname="backend.tests.test_scheduled_reports.TestReportGeneration" name="test_generate_daily_report" time="0.035" /><testcase classname="backend.tests.test_scheduled_reports.TestReportGeneration" name="test_invalid_report_type_returns_400" time="0.036" /><testcase classname="backend.tests.test_scheduled_reports.TestReportHistory" name="test_get_report_history" time="0.292" /><testcase classname="backend.tests.test_scheduled_reports.TestReportHistory" name="test_filter_history_by_type" time="0.035" /><testcase classname="backend.tests.test_scheduled_reports.TestReportHistory" name="test_limit_history_results" time="0.034" /><testcase classname="backend.tests.test_scheduled_reports.TestReportCRUD" name="test_get_specific_report" time="0.326" /><testcase classname="backend.tests.test_scheduled_reports.TestReportCRUD" name="test_get_nonexistent_report_returns_404" time="0.036" /><testcase classname="backend.tests.test_scheduled_reports.TestReportCRUD" name="test_delete_report" time="0.108" /><testcase classname="backend.tests.test_scheduled_reports.TestReportCRUD" name="test_delete_nonexistent_report_returns_404" time="0.036" /><testcase classname="backend.tests.test_scheduled_reports.TestReportEmailSend" name="test_send_report_email" time="0.331" /><testcase classname="backend.tests.test_scheduled_reports.TestReportEmailSend" name="test_send_nonexistent_report_returns_404" time="0.038" /><testcase classname="backend.tests.test_scheduled_reports.TestReportSections" name="test_report_contains_expected_sections" time="0.380" /><testcase classname="backend.tests.test_scheduled_reports.TestReportSections" name="test_ai_summary_generated" time="0.072" /></testsuite></testsuites>