<?xml version="1.0" encoding="utf-8"?><testsuites name="pytest tests"><testsuite name="pytest" errors="0" failures="1" skipped="0" tests="28" time="4.135" timestamp="2026-01-24T00:06:08.476325+00:00" hostname="agent-env-eab077ae-f8f1-4cb0-a3d0-14857e535dc9"><testcase classname="backend.tests.test_scheduled_reports.TestScheduledReportsAuth" name="test_elite_can_access_report_settings" time="0.384" /><testcase classname="backend.tests.test_scheduled_reports.TestScheduledReportsAuth" name="test_pro_user_gets_403_on_settings" time="0.344" /><testcase classname="backend.tests.test_scheduled_reports.TestScheduledReportsAuth" name="test_pro_user_gets_403_on_generate" time="0.040" /><testcase classname="backend.tests.test_scheduled_reports.TestScheduledReportsAuth" name="test_pro_user_gets_403_on_history" time="0.076" /><testcase classname="backend.tests.test_scheduled_reports.TestScheduledReportsAuth" name="test_unauthenticated_gets_401" time="0.077" /><testcase classname="backend.tests.test_scheduled_reports.TestReportTopics" name="test_get_available_topics" time="0.293" /><testcase classname="backend.tests.test_scheduled_reports.TestReportSettings" name="test_get_default_settings" time="0.294" /><testcase classname="backend.tests.test_scheduled_reports.TestReportSettings" name="test_update_frequency" time="0.050" /><testcase classname="backend.tests.test_scheduled_reports.TestReportSettings" name="test_update_topics" time="0.038" /><testcase classname="backend.tests.test_scheduled_reports.TestReportSettings" name="test_update_weekly_day" time="0.037" /><testcase classname="backend.tests.test_scheduled_reports.TestReportSettings" name="test_update_times" time="0.036" /><testcase classname="backend.tests.test_scheduled_reports.TestReportSettings" name="test_enable_reports" time="0.075" /><testcase classname="backend.tests.test_scheduled_reports.TestReportSettings" name="test_invalid_frequency_defaults_to_weekly" time="0.041" /><testcase classname="backend.tests.test_scheduled_reports.TestReportSettings" name="test_invalid_topics_filtered" time="0.041" /><testcase classname="backend.tests.test_scheduled_reports.TestReportGeneration" name="test_generate_weekly_report" time="0.304" /><testcase classname="backend.tests.test_scheduled_reports.TestReportGeneration" name="test_generate_daily_report" time="0.040" /><testcase classname="backend.tests.test_scheduled_reports.TestReportGeneration" name="test_invalid_report_type_returns_400" time="0.032" /><testcase classname="backend.tests.test_scheduled_reports.TestReportHistory" name="test_get_report_history" time="0.291" /><testcase classname="backend.tests.test_scheduled_reports.TestReportHistory" name="test_filter_history_by_type" time="0.038" /><testcase classname="backend.tests.test_scheduled_reports.TestReportHistory" name="test_limit_history_results" time="0.039" /><testcase classname="backend.tests.test_scheduled_reports.TestReportCRUD" name="test_get_specific_report" time="0.375" /><testcase classname="backend.tests.test_scheduled_reports.TestReportCRUD" name="test_get_nonexistent_report_returns_404" time="0.035" /><testcase classname="backend.tests.test_scheduled_reports.TestReportCRUD" name="test_delete_report" time="0.107" /><testcase classname="backend.tests.test_scheduled_reports.TestReportCRUD" name="test_delete_nonexistent_report_returns_404" time="0.037" /><testcase classname="backend.tests.test_scheduled_reports.TestReportEmailSend" name="test_send_report_email" time="0.336"><failure message="assert 520 in [200, 500]&#10; +  where 520 = &lt;Response [520]&gt;.status_code">backend/tests/test_scheduled_reports.py:524: in test_send_report_email
    assert response.status_code in [200, 500]
E   assert 520 in [200, 500]
E    +  where 520 = &lt;Response [520]&gt;.status_code</failure></testcase><testcase classname="backend.tests.test_scheduled_reports.TestReportEmailSend" name="test_send_nonexistent_report_returns_404" time="0.035" /><testcase classname="backend.tests.test_scheduled_reports.TestReportSections" name="test_report_contains_expected_sections" time="0.368" /><testcase classname="backend.tests.test_scheduled_reports.TestReportSections" name="test_ai_summary_generated" time="0.119" /></testsuite></testsuites>