<?xml version="1.0" encoding="utf-8"?><testsuites name="pytest tests"><testsuite name="pytest" errors="0" failures="0" skipped="1" tests="20" time="16.030" timestamp="2026-01-22T01:21:16.109647+00:00" hostname="agent-env-f0c734eb-affc-47f6-8015-f65a9021b844"><testcase classname="tests.test_smart_automation.TestSmartAutomationRules" name="test_get_automation_rules_requires_auth" time="0.074" /><testcase classname="tests.test_smart_automation.TestSmartAutomationRules" name="test_get_automation_rules_returns_list" time="0.323" /><testcase classname="tests.test_smart_automation.TestSmartAutomationRules" name="test_automation_rules_have_required_fields" time="0.043" /><testcase classname="tests.test_smart_automation.TestSmartAutomationRules" name="test_get_specific_rule" time="0.089" /><testcase classname="tests.test_smart_automation.TestSmartAutomationRules" name="test_get_nonexistent_rule_returns_404" time="0.043" /><testcase classname="tests.test_smart_automation.TestSmartAutomationRules" name="test_toggle_rule_active_status" time="0.174" /><testcase classname="tests.test_smart_automation.TestSmartAutomationRules" name="test_default_rules_have_correct_structure" time="0.045" /><testcase classname="tests.test_smart_automation.TestAutomationEvaluation" name="test_evaluate_creator_requires_auth" time="0.036" /><testcase classname="tests.test_smart_automation.TestAutomationEvaluation" name="test_evaluate_creator_returns_results" time="0.080" /><testcase classname="tests.test_smart_automation.TestAutomationLog" name="test_get_automation_log_requires_auth" time="0.039" /><testcase classname="tests.test_smart_automation.TestAutomationLog" name="test_get_automation_log_returns_list" time="0.039" /><testcase classname="tests.test_smart_automation.TestAutomationLog" name="test_automation_log_filter_by_limit" time="0.040" /><testcase classname="tests.test_smart_automation.TestProposalRecommendations" name="test_get_recommendations_requires_auth" time="0.040" /><testcase classname="tests.test_smart_automation.TestProposalRecommendations" name="test_get_recommendations_for_proposal" time="0.122" /><testcase classname="tests.test_smart_automation.TestProposalRecommendations" name="test_generate_recommendations_requires_auth" time="0.037" /><testcase classname="tests.test_smart_automation.TestProposalRecommendations" name="test_generate_recommendations_for_proposal" time="8.184" /><testcase classname="tests.test_smart_automation.TestProposalRecommendations" name="test_recommendations_have_correct_structure" time="6.395" /><testcase classname="tests.test_smart_automation.TestAutoRecommendationOnRejection" name="test_rejection_triggers_recommendation_generation" time="0.056"><skipped type="pytest.skip" message="Could not fetch proposals">/app/tests/test_smart_automation.py:399: Could not fetch proposals</skipped></testcase><testcase classname="tests.test_smart_automation.TestCommonRejectionIssues" name="test_get_common_issues_requires_auth" time="0.039" /><testcase classname="tests.test_smart_automation.TestCommonRejectionIssues" name="test_get_common_issues_returns_list" time="0.039" /></testsuite></testsuites>