<?xml version="1.0" encoding="utf-8"?><testsuites name="pytest tests"><testsuite name="pytest" errors="0" failures="1" skipped="0" tests="45" time="73.238" timestamp="2026-01-25T09:47:23.848037+00:00" hostname="agent-env-9c078b98-840d-47a2-ae72-18e2b45439f1"><testcase classname="backend.tests.test_subscription_routes.TestPublicSubscriptionEndpoints" name="test_get_subscription_plans" time="0.100" /><testcase classname="backend.tests.test_subscription_routes.TestPublicSubscriptionEndpoints" name="test_get_subscription_revenue_public" time="0.039" /><testcase classname="backend.tests.test_subscription_routes.TestPublicSubscriptionEndpoints" name="test_get_subscriptions_generic_crud" time="0.040" /><testcase classname="backend.tests.test_subscription_routes.TestCreatorSubscriptionEndpoints" name="test_my_status_requires_auth" time="0.850" /><testcase classname="backend.tests.test_subscription_routes.TestCreatorSubscriptionEndpoints" name="test_my_status_free_tier" time="0.808" /><testcase classname="backend.tests.test_subscription_routes.TestCreatorSubscriptionEndpoints" name="test_my_status_pro_tier" time="0.806" /><testcase classname="backend.tests.test_subscription_routes.TestCreatorSubscriptionEndpoints" name="test_my_status_elite_tier" time="0.811" /><testcase classname="backend.tests.test_subscription_routes.TestCreatorSubscriptionEndpoints" name="test_feature_access_requires_auth" time="0.804" /><testcase classname="backend.tests.test_subscription_routes.TestCreatorSubscriptionEndpoints" name="test_feature_access_with_auth" time="0.835" /><testcase classname="backend.tests.test_subscription_routes.TestCreatorSubscriptionEndpoints" name="test_can_create_proposal_requires_auth" time="0.799" /><testcase classname="backend.tests.test_subscription_routes.TestCreatorSubscriptionEndpoints" name="test_can_create_proposal_with_auth" time="0.807" /><testcase classname="backend.tests.test_subscription_routes.TestCreatorSubscriptionEndpoints" name="test_me_requires_auth" time="0.853" /><testcase classname="backend.tests.test_subscription_routes.TestCreatorSubscriptionEndpoints" name="test_me_with_auth" time="0.809" /><testcase classname="backend.tests.test_subscription_routes.TestCreatorSubscriptionEndpoints" name="test_me_features_requires_auth" time="0.801" /><testcase classname="backend.tests.test_subscription_routes.TestCreatorSubscriptionEndpoints" name="test_me_features_with_auth" time="0.804" /><testcase classname="backend.tests.test_subscription_routes.TestCreatorSubscriptionEndpoints" name="test_me_usage_requires_auth" time="0.814" /><testcase classname="backend.tests.test_subscription_routes.TestCreatorSubscriptionEndpoints" name="test_me_usage_with_auth" time="0.802" /><testcase classname="backend.tests.test_subscription_routes.TestCreatorSubscriptionEndpoints" name="test_me_billing_history_requires_auth" time="0.799" /><testcase classname="backend.tests.test_subscription_routes.TestCreatorSubscriptionEndpoints" name="test_me_billing_history_with_auth" time="0.801" /><testcase classname="backend.tests.test_subscription_routes.TestCreatorSubscriptionEndpoints" name="test_my_transactions_requires_auth" time="0.796" /><testcase classname="backend.tests.test_subscription_routes.TestCreatorSubscriptionEndpoints" name="test_my_transactions_with_auth" time="0.802" /><testcase classname="backend.tests.test_subscription_routes.TestStripeCheckoutEndpoints" name="test_checkout_requires_auth" time="0.297" /><testcase classname="backend.tests.test_subscription_routes.TestStripeCheckoutEndpoints" name="test_checkout_requires_plan_id" time="0.306" /><testcase classname="backend.tests.test_subscription_routes.TestStripeCheckoutEndpoints" name="test_checkout_creates_session" time="0.832" /><testcase classname="backend.tests.test_subscription_routes.TestStripeCheckoutEndpoints" name="test_checkout_status_requires_auth" time="0.289" /><testcase classname="backend.tests.test_subscription_routes.TestStripeCheckoutEndpoints" name="test_checkout_status_with_invalid_session" time="0.526"><failure message="AssertionError: Expected 404/500 for invalid session, got 520&#10;assert 520 in [404, 500]&#10; +  where 520 = &lt;Response [520]&gt;.status_code">backend/tests/test_subscription_routes.py:457: in test_checkout_status_with_invalid_session
    assert response.status_code in [404, 500], f"Expected 404/500 for invalid session, got {response.status_code}"
E   AssertionError: Expected 404/500 for invalid session, got 520
E   assert 520 in [404, 500]
E    +  where 520 = &lt;Response [520]&gt;.status_code</failure></testcase><testcase classname="backend.tests.test_subscription_routes.TestSubscriptionManagementEndpoints" name="test_upgrade_requires_auth" time="0.544" /><testcase classname="backend.tests.test_subscription_routes.TestSubscriptionManagementEndpoints" name="test_upgrade_requires_plan_id" time="0.545" /><testcase classname="backend.tests.test_subscription_routes.TestSubscriptionManagementEndpoints" name="test_upgrade_request" time="0.544" /><testcase classname="backend.tests.test_subscription_routes.TestSubscriptionManagementEndpoints" name="test_cancel_requires_auth" time="0.546" /><testcase classname="backend.tests.test_subscription_routes.TestSubscriptionManagementEndpoints" name="test_cancel_no_active_subscription" time="0.548" /><testcase classname="backend.tests.test_subscription_routes.TestGenericSubscriptionCRUD" name="test_create_subscription_with_self_funding_loop" time="0.047" /><testcase classname="backend.tests.test_subscription_routes.TestGenericSubscriptionCRUD" name="test_get_subscriptions_with_filters" time="0.067" /><testcase classname="backend.tests.test_subscription_routes.TestAdminSubscriptionEndpoints" name="test_admin_subscriptions_requires_auth" time="0.601" /><testcase classname="backend.tests.test_subscription_routes.TestAdminSubscriptionEndpoints" name="test_admin_subscriptions_requires_admin" time="0.543" /><testcase classname="backend.tests.test_subscription_routes.TestAdminSubscriptionEndpoints" name="test_admin_subscriptions_with_admin" time="0.548" /><testcase classname="backend.tests.test_subscription_routes.TestAdminSubscriptionEndpoints" name="test_admin_stats_requires_auth" time="0.544" /><testcase classname="backend.tests.test_subscription_routes.TestAdminSubscriptionEndpoints" name="test_admin_stats_requires_admin" time="0.542" /><testcase classname="backend.tests.test_subscription_routes.TestAdminSubscriptionEndpoints" name="test_admin_stats_with_admin" time="0.543" /><testcase classname="backend.tests.test_subscription_routes.TestAdminSubscriptionEndpoints" name="test_admin_revenue_requires_auth" time="28.553" /><testcase classname="backend.tests.test_subscription_routes.TestAdminSubscriptionEndpoints" name="test_admin_revenue_requires_admin" time="18.972" /><testcase classname="backend.tests.test_subscription_routes.TestAdminSubscriptionEndpoints" name="test_admin_revenue_with_admin" time="0.599" /><testcase classname="backend.tests.test_subscription_routes.TestStripeWebhook" name="test_webhook_requires_signature" time="0.035" /><testcase classname="backend.tests.test_subscription_routes.TestFeatureGatingByTier" name="test_free_tier_features" time="0.812" /><testcase classname="backend.tests.test_subscription_routes.TestFeatureGatingByTier" name="test_tier_comparison" time="0.935" /></testsuite></testsuites>