<?xml version="1.0" encoding="utf-8"?><testsuites name="pytest tests"><testsuite name="pytest" errors="0" failures="0" skipped="0" tests="45" time="54.735" timestamp="2026-01-25T09:48:53.479598+00:00" hostname="agent-env-9c078b98-840d-47a2-ae72-18e2b45439f1"><testcase classname="backend.tests.test_subscription_routes.TestPublicSubscriptionEndpoints" name="test_get_subscription_plans" time="0.100" /><testcase classname="backend.tests.test_subscription_routes.TestPublicSubscriptionEndpoints" name="test_get_subscription_revenue_public" time="0.037" /><testcase classname="backend.tests.test_subscription_routes.TestPublicSubscriptionEndpoints" name="test_get_subscriptions_generic_crud" time="0.040" /><testcase classname="backend.tests.test_subscription_routes.TestCreatorSubscriptionEndpoints" name="test_my_status_requires_auth" time="0.875" /><testcase classname="backend.tests.test_subscription_routes.TestCreatorSubscriptionEndpoints" name="test_my_status_free_tier" time="0.816" /><testcase classname="backend.tests.test_subscription_routes.TestCreatorSubscriptionEndpoints" name="test_my_status_pro_tier" time="0.812" /><testcase classname="backend.tests.test_subscription_routes.TestCreatorSubscriptionEndpoints" name="test_my_status_elite_tier" time="0.797" /><testcase classname="backend.tests.test_subscription_routes.TestCreatorSubscriptionEndpoints" name="test_feature_access_requires_auth" time="0.806" /><testcase classname="backend.tests.test_subscription_routes.TestCreatorSubscriptionEndpoints" name="test_feature_access_with_auth" time="0.828" /><testcase classname="backend.tests.test_subscription_routes.TestCreatorSubscriptionEndpoints" name="test_can_create_proposal_requires_auth" time="0.798" /><testcase classname="backend.tests.test_subscription_routes.TestCreatorSubscriptionEndpoints" name="test_can_create_proposal_with_auth" time="0.841" /><testcase classname="backend.tests.test_subscription_routes.TestCreatorSubscriptionEndpoints" name="test_me_requires_auth" time="0.811" /><testcase classname="backend.tests.test_subscription_routes.TestCreatorSubscriptionEndpoints" name="test_me_with_auth" time="0.889" /><testcase classname="backend.tests.test_subscription_routes.TestCreatorSubscriptionEndpoints" name="test_me_features_requires_auth" time="0.805" /><testcase classname="backend.tests.test_subscription_routes.TestCreatorSubscriptionEndpoints" name="test_me_features_with_auth" time="0.798" /><testcase classname="backend.tests.test_subscription_routes.TestCreatorSubscriptionEndpoints" name="test_me_usage_requires_auth" time="0.872" /><testcase classname="backend.tests.test_subscription_routes.TestCreatorSubscriptionEndpoints" name="test_me_usage_with_auth" time="0.806" /><testcase classname="backend.tests.test_subscription_routes.TestCreatorSubscriptionEndpoints" name="test_me_billing_history_requires_auth" time="0.798" /><testcase classname="backend.tests.test_subscription_routes.TestCreatorSubscriptionEndpoints" name="test_me_billing_history_with_auth" time="0.806" /><testcase classname="backend.tests.test_subscription_routes.TestCreatorSubscriptionEndpoints" name="test_my_transactions_requires_auth" time="0.797" /><testcase classname="backend.tests.test_subscription_routes.TestCreatorSubscriptionEndpoints" name="test_my_transactions_with_auth" time="0.806" /><testcase classname="backend.tests.test_subscription_routes.TestStripeCheckoutEndpoints" name="test_checkout_requires_auth" time="0.300" /><testcase classname="backend.tests.test_subscription_routes.TestStripeCheckoutEndpoints" name="test_checkout_requires_plan_id" time="0.308" /><testcase classname="backend.tests.test_subscription_routes.TestStripeCheckoutEndpoints" name="test_checkout_creates_session" time="0.850" /><testcase classname="backend.tests.test_subscription_routes.TestStripeCheckoutEndpoints" name="test_checkout_status_requires_auth" time="0.286" /><testcase classname="backend.tests.test_subscription_routes.TestStripeCheckoutEndpoints" name="test_checkout_status_with_invalid_session" time="0.513" /><testcase classname="backend.tests.test_subscription_routes.TestSubscriptionManagementEndpoints" name="test_upgrade_requires_auth" time="0.547" /><testcase classname="backend.tests.test_subscription_routes.TestSubscriptionManagementEndpoints" name="test_upgrade_requires_plan_id" time="0.581" /><testcase classname="backend.tests.test_subscription_routes.TestSubscriptionManagementEndpoints" name="test_upgrade_request" time="0.550" /><testcase classname="backend.tests.test_subscription_routes.TestSubscriptionManagementEndpoints" name="test_cancel_requires_auth" time="0.549" /><testcase classname="backend.tests.test_subscription_routes.TestSubscriptionManagementEndpoints" name="test_cancel_no_active_subscription" time="0.548" /><testcase classname="backend.tests.test_subscription_routes.TestGenericSubscriptionCRUD" name="test_create_subscription_with_self_funding_loop" time="0.035" /><testcase classname="backend.tests.test_subscription_routes.TestGenericSubscriptionCRUD" name="test_get_subscriptions_with_filters" time="0.072" /><testcase classname="backend.tests.test_subscription_routes.TestAdminSubscriptionEndpoints" name="test_admin_subscriptions_requires_auth" time="0.569" /><testcase classname="backend.tests.test_subscription_routes.TestAdminSubscriptionEndpoints" name="test_admin_subscriptions_requires_admin" time="0.585" /><testcase classname="backend.tests.test_subscription_routes.TestAdminSubscriptionEndpoints" name="test_admin_subscriptions_with_admin" time="0.556" /><testcase classname="backend.tests.test_subscription_routes.TestAdminSubscriptionEndpoints" name="test_admin_stats_requires_auth" time="0.549" /><testcase classname="backend.tests.test_subscription_routes.TestAdminSubscriptionEndpoints" name="test_admin_stats_requires_admin" time="28.365" /><testcase classname="backend.tests.test_subscription_routes.TestAdminSubscriptionEndpoints" name="test_admin_stats_with_admin" time="0.555" /><testcase classname="backend.tests.test_subscription_routes.TestAdminSubscriptionEndpoints" name="test_admin_revenue_requires_auth" time="0.551" /><testcase classname="backend.tests.test_subscription_routes.TestAdminSubscriptionEndpoints" name="test_admin_revenue_requires_admin" time="0.547" /><testcase classname="backend.tests.test_subscription_routes.TestAdminSubscriptionEndpoints" name="test_admin_revenue_with_admin" time="0.547" /><testcase classname="backend.tests.test_subscription_routes.TestStripeWebhook" name="test_webhook_requires_signature" time="0.031" /><testcase classname="backend.tests.test_subscription_routes.TestFeatureGatingByTier" name="test_free_tier_features" time="0.812" /><testcase classname="backend.tests.test_subscription_routes.TestFeatureGatingByTier" name="test_tier_comparison" time="0.872" /></testsuite></testsuites>