<?xml version="1.0" encoding="utf-8"?><testsuites name="pytest tests"><testsuite name="pytest" errors="0" failures="0" skipped="0" tests="20" time="1.822" timestamp="2026-01-20T02:19:08.024005+00:00" hostname="agent-env-5a5f44fc-da03-41dc-bcf2-86b70a12181e"><testcase classname="tests.test_subscriptions.TestSubscriptionPlans" name="test_plans_endpoint_returns_200" time="0.062" /><testcase classname="tests.test_subscriptions.TestSubscriptionPlans" name="test_plans_returns_all_5_plans" time="0.039" /><testcase classname="tests.test_subscriptions.TestSubscriptionPlans" name="test_pro_monthly_pricing" time="0.035" /><testcase classname="tests.test_subscriptions.TestSubscriptionPlans" name="test_pro_annual_pricing" time="0.033" /><testcase classname="tests.test_subscriptions.TestSubscriptionPlans" name="test_enterprise_monthly_pricing" time="0.035" /><testcase classname="tests.test_subscriptions.TestSubscriptionPlans" name="test_enterprise_annual_pricing" time="0.043" /><testcase classname="tests.test_subscriptions.TestSubscriptionPlans" name="test_free_plan_features" time="0.035" /><testcase classname="tests.test_subscriptions.TestSubscriptionPlans" name="test_pro_plan_features" time="0.035" /><testcase classname="tests.test_subscriptions.TestSubscriptionPlans" name="test_enterprise_plan_features" time="0.040" /><testcase classname="tests.test_subscriptions.TestSubscriptionStatus" name="test_status_requires_auth" time="0.033" /><testcase classname="tests.test_subscriptions.TestSubscriptionStatus" name="test_status_returns_subscription_info" time="0.302" /><testcase classname="tests.test_subscriptions.TestSubscriptionStatus" name="test_free_tier_status" time="0.037" /><testcase classname="tests.test_subscriptions.TestSubscriptionStatus" name="test_proposal_usage_tracking" time="0.035" /><testcase classname="tests.test_subscriptions.TestCheckoutEndpoint" name="test_checkout_requires_auth" time="0.030" /><testcase classname="tests.test_subscriptions.TestCheckoutEndpoint" name="test_checkout_creates_session" time="0.406" /><testcase classname="tests.test_subscriptions.TestCheckoutEndpoint" name="test_checkout_validates_plan_id" time="0.035" /><testcase classname="tests.test_subscriptions.TestCheckoutEndpoint" name="test_checkout_rejects_free_plan" time="0.032" /><testcase classname="tests.test_subscriptions.TestCheckoutEndpoint" name="test_checkout_amount_from_server" time="0.393" /><testcase classname="tests.test_subscriptions.TestTransactionsEndpoint" name="test_transactions_requires_auth" time="0.032" /><testcase classname="tests.test_subscriptions.TestTransactionsEndpoint" name="test_transactions_returns_list" time="0.039" /></testsuite></testsuites>