<?xml version="1.0" encoding="utf-8"?><testsuites name="pytest tests"><testsuite name="pytest" errors="0" failures="0" skipped="0" tests="27" time="2.690" timestamp="2026-01-20T02:26:57.049784+00:00" hostname="agent-env-5a5f44fc-da03-41dc-bcf2-86b70a12181e"><testcase classname="tests.test_subscriptions.TestSubscriptionPlans" name="test_plans_endpoint_returns_200" time="0.074" /><testcase classname="tests.test_subscriptions.TestSubscriptionPlans" name="test_plans_returns_all_8_plans" time="0.040" /><testcase classname="tests.test_subscriptions.TestSubscriptionPlans" name="test_free_plan_pricing" time="0.035" /><testcase classname="tests.test_subscriptions.TestSubscriptionPlans" name="test_free_plan_features" time="0.030" /><testcase classname="tests.test_subscriptions.TestSubscriptionPlans" name="test_starter_monthly_pricing" time="0.036" /><testcase classname="tests.test_subscriptions.TestSubscriptionPlans" name="test_starter_annual_pricing" time="0.042" /><testcase classname="tests.test_subscriptions.TestSubscriptionPlans" name="test_starter_plan_features" time="0.034" /><testcase classname="tests.test_subscriptions.TestSubscriptionPlans" name="test_pro_monthly_pricing" time="0.035" /><testcase classname="tests.test_subscriptions.TestSubscriptionPlans" name="test_pro_annual_pricing" time="0.039" /><testcase classname="tests.test_subscriptions.TestSubscriptionPlans" name="test_pro_plan_features" time="0.049" /><testcase classname="tests.test_subscriptions.TestSubscriptionPlans" name="test_pro_is_most_popular" time="0.033" /><testcase classname="tests.test_subscriptions.TestSubscriptionPlans" name="test_premium_monthly_pricing" time="0.033" /><testcase classname="tests.test_subscriptions.TestSubscriptionPlans" name="test_premium_annual_pricing" time="0.036" /><testcase classname="tests.test_subscriptions.TestSubscriptionPlans" name="test_premium_plan_features" time="0.036" /><testcase classname="tests.test_subscriptions.TestSubscriptionPlans" name="test_elite_plan_is_custom" time="0.034" /><testcase classname="tests.test_subscriptions.TestSubscriptionPlans" name="test_elite_plan_features" time="0.032" /><testcase classname="tests.test_subscriptions.TestSubscriptionStatus" name="test_status_requires_auth" time="0.035" /><testcase classname="tests.test_subscriptions.TestSubscriptionStatus" name="test_status_returns_subscription_info" time="0.332" /><testcase classname="tests.test_subscriptions.TestCheckoutEndpoint" name="test_checkout_requires_auth" time="0.031" /><testcase classname="tests.test_subscriptions.TestCheckoutEndpoint" name="test_checkout_creates_session_starter" time="0.545" /><testcase classname="tests.test_subscriptions.TestCheckoutEndpoint" name="test_checkout_creates_session_pro" time="0.368" /><testcase classname="tests.test_subscriptions.TestCheckoutEndpoint" name="test_checkout_creates_session_premium" time="0.366" /><testcase classname="tests.test_subscriptions.TestCheckoutEndpoint" name="test_checkout_rejects_elite_plan" time="0.035" /><testcase classname="tests.test_subscriptions.TestCheckoutEndpoint" name="test_checkout_rejects_free_plan" time="0.033" /><testcase classname="tests.test_subscriptions.TestCheckoutEndpoint" name="test_checkout_validates_plan_id" time="0.151" /><testcase classname="tests.test_subscriptions.TestTransactionsEndpoint" name="test_transactions_requires_auth" time="0.034" /><testcase classname="tests.test_subscriptions.TestTransactionsEndpoint" name="test_transactions_returns_list" time="0.033" /></testsuite></testsuites>