<?xml version="1.0" encoding="utf-8"?><testsuites name="pytest tests"><testsuite name="pytest" errors="0" failures="0" skipped="0" tests="50" time="3.064" timestamp="2026-01-25T03:59:26.502736+00:00" hostname="agent-env-58862f02-e490-44d9-87e1-6c163e028ff9"><testcase classname="backend.tests.test_subscription_lifecycle.TestLifecycleMetrics" name="test_metrics_requires_auth" time="0.062" /><testcase classname="backend.tests.test_subscription_lifecycle.TestLifecycleMetrics" name="test_metrics_returns_correct_structure" time="0.382" /><testcase classname="backend.tests.test_subscription_lifecycle.TestLifecycleMetrics" name="test_metrics_has_subscriptions" time="0.086" /><testcase classname="backend.tests.test_subscription_lifecycle.TestAtRiskSubscriptions" name="test_at_risk_requires_auth" time="0.038" /><testcase classname="backend.tests.test_subscription_lifecycle.TestAtRiskSubscriptions" name="test_at_risk_returns_correct_structure" time="0.080" /><testcase classname="backend.tests.test_subscription_lifecycle.TestAtRiskSubscriptions" name="test_at_risk_threshold_filter" time="0.158" /><testcase classname="backend.tests.test_subscription_lifecycle.TestAtRiskSubscriptions" name="test_at_risk_limit_parameter" time="0.080" /><testcase classname="backend.tests.test_subscription_lifecycle.TestAtRiskSubscriptions" name="test_at_risk_subscription_structure" time="0.088" /><testcase classname="backend.tests.test_subscription_lifecycle.TestHealthAnalysis" name="test_health_requires_auth" time="0.031" /><testcase classname="backend.tests.test_subscription_lifecycle.TestHealthAnalysis" name="test_health_returns_correct_structure" time="0.039" /><testcase classname="backend.tests.test_subscription_lifecycle.TestHealthAnalysis" name="test_health_score_range" time="0.081" /><testcase classname="backend.tests.test_subscription_lifecycle.TestHealthAnalysis" name="test_risk_level_values" time="0.043" /><testcase classname="backend.tests.test_subscription_lifecycle.TestHealthAnalysis" name="test_lifecycle_stage_values" time="0.037" /><testcase classname="backend.tests.test_subscription_lifecycle.TestHealthAnalysis" name="test_risk_analysis_factors" time="0.043" /><testcase classname="backend.tests.test_subscription_lifecycle.TestHealthAnalysis" name="test_health_nonexistent_creator" time="0.034" /><testcase classname="backend.tests.test_subscription_lifecycle.TestRetentionAction" name="test_retention_action_requires_auth" time="0.073" /><testcase classname="backend.tests.test_subscription_lifecycle.TestRetentionAction" name="test_retention_action_requires_creator_id" time="0.041" /><testcase classname="backend.tests.test_subscription_lifecycle.TestRetentionAction" name="test_retention_action_requires_action" time="0.040" /><testcase classname="backend.tests.test_subscription_lifecycle.TestRetentionAction" name="test_retention_action_engagement_nudge" time="0.040" /><testcase classname="backend.tests.test_subscription_lifecycle.TestRetentionAction" name="test_retention_action_discount_offer" time="0.039" /><testcase classname="backend.tests.test_subscription_lifecycle.TestRetentionAction" name="test_retention_action_at_risk_outreach" time="0.040" /><testcase classname="backend.tests.test_subscription_lifecycle.TestRetentionHistory" name="test_retention_history_requires_auth" time="0.034" /><testcase classname="backend.tests.test_subscription_lifecycle.TestRetentionHistory" name="test_retention_history_returns_correct_structure" time="0.033" /><testcase classname="backend.tests.test_subscription_lifecycle.TestRetentionHistory" name="test_retention_history_action_structure" time="0.035" /><testcase classname="backend.tests.test_subscription_lifecycle.TestRetentionHistory" name="test_retention_history_filter_by_creator" time="0.036" /><testcase classname="backend.tests.test_subscription_lifecycle.TestRetentionHistory" name="test_retention_history_limit_parameter" time="0.045" /><testcase classname="backend.tests.test_subscription_lifecycle.TestUpdateStage" name="test_update_stage_requires_auth" time="0.033" /><testcase classname="backend.tests.test_subscription_lifecycle.TestUpdateStage" name="test_update_stage_requires_creator_id" time="0.034" /><testcase classname="backend.tests.test_subscription_lifecycle.TestUpdateStage" name="test_update_stage_requires_stage" time="0.039" /><testcase classname="backend.tests.test_subscription_lifecycle.TestUpdateStage" name="test_update_stage_success" time="0.078" /><testcase classname="backend.tests.test_subscription_lifecycle.TestUpdateStage" name="test_update_stage_to_at_risk" time="0.038" /><testcase classname="backend.tests.test_subscription_lifecycle.TestUpdateStage" name="test_update_stage_nonexistent_creator" time="0.078" /><testcase classname="backend.tests.test_subscription_lifecycle.TestHealthScoreCalculation" name="test_health_score_critical_threshold" time="0.081" /><testcase classname="backend.tests.test_subscription_lifecycle.TestHealthScoreCalculation" name="test_health_score_high_threshold" time="0.080" /><testcase classname="backend.tests.test_subscription_lifecycle.TestHealthScoreCalculation" name="test_health_score_medium_threshold" time="0.080" /><testcase classname="backend.tests.test_subscription_lifecycle.TestHealthScoreCalculation" name="test_health_score_low_threshold" time="0.083" /><testcase classname="backend.tests.test_subscription_lifecycle.TestRiskFactors" name="test_inactivity_factor" time="0.038" /><testcase classname="backend.tests.test_subscription_lifecycle.TestRiskFactors" name="test_proposal_performance_factor" time="0.042" /><testcase classname="backend.tests.test_subscription_lifecycle.TestRiskFactors" name="test_engagement_factor" time="0.039" /><testcase classname="backend.tests.test_subscription_lifecycle.TestRiskFactors" name="test_support_issues_factor" time="0.038" /><testcase classname="backend.tests.test_subscription_lifecycle.TestRiskFactors" name="test_payment_health_factor" time="0.037" /><testcase classname="backend.tests.test_subscription_lifecycle.TestRetentionActions" name="test_all_retention_actions[welcome_email]" time="0.034" /><testcase classname="backend.tests.test_subscription_lifecycle.TestRetentionActions" name="test_all_retention_actions[onboarding_reminder]" time="0.044" /><testcase classname="backend.tests.test_subscription_lifecycle.TestRetentionActions" name="test_all_retention_actions[feature_highlight]" time="0.033" /><testcase classname="backend.tests.test_subscription_lifecycle.TestRetentionActions" name="test_all_retention_actions[engagement_nudge]" time="0.038" /><testcase classname="backend.tests.test_subscription_lifecycle.TestRetentionActions" name="test_all_retention_actions[success_celebration]" time="0.037" /><testcase classname="backend.tests.test_subscription_lifecycle.TestRetentionActions" name="test_all_retention_actions[at_risk_outreach]" time="0.037" /><testcase classname="backend.tests.test_subscription_lifecycle.TestRetentionActions" name="test_all_retention_actions[discount_offer]" time="0.038" /><testcase classname="backend.tests.test_subscription_lifecycle.TestRetentionActions" name="test_all_retention_actions[personal_call]" time="0.035" /><testcase classname="backend.tests.test_subscription_lifecycle.TestRetentionActions" name="test_all_retention_actions[win_back_campaign]" time="0.038" /></testsuite></testsuites>