<?xml version="1.0" encoding="utf-8"?><testsuites name="pytest tests"><testsuite name="pytest" errors="0" failures="0" skipped="0" tests="37" time="9.249" timestamp="2026-01-30T09:35:08.096262+00:00" hostname="agent-env-ed355c40-7921-4a9e-8a4b-3e33102ac538"><testcase classname="backend.tests.test_system_health_phase6.TestSystemHealthEndpoints" name="test_system_health_returns_200" time="0.345" /><testcase classname="backend.tests.test_system_health_phase6.TestSystemHealthEndpoints" name="test_system_health_returns_overall_health" time="0.275" /><testcase classname="backend.tests.test_system_health_phase6.TestSystemHealthEndpoints" name="test_system_health_returns_engine_health" time="0.279" /><testcase classname="backend.tests.test_system_health_phase6.TestSystemHealthEndpoints" name="test_system_health_returns_module_health" time="0.273" /><testcase classname="backend.tests.test_system_health_phase6.TestSystemHealthEndpoints" name="test_system_health_returns_data_consistency" time="0.278" /><testcase classname="backend.tests.test_system_health_phase6.TestSystemHealthEndpoints" name="test_system_health_returns_engine_summary" time="0.265" /><testcase classname="backend.tests.test_system_health_phase6.TestSystemHealthEndpoints" name="test_system_health_returns_module_summary" time="0.270" /><testcase classname="backend.tests.test_system_health_phase6.TestSystemHealthEndpoints" name="test_system_health_returns_blockers" time="0.274" /><testcase classname="backend.tests.test_system_health_phase6.TestSystemHealthEndpoints" name="test_system_profile_returns_200" time="0.276" /><testcase classname="backend.tests.test_system_health_phase6.TestSystemHealthEndpoints" name="test_system_profile_contains_identity_fields" time="0.270" /><testcase classname="backend.tests.test_system_health_phase6.TestSystemHealthEndpoints" name="test_system_profile_contains_engine_fields" time="0.275" /><testcase classname="backend.tests.test_system_health_phase6.TestSystemHealthEndpoints" name="test_system_profile_contains_starting_point_fields" time="0.311" /><testcase classname="backend.tests.test_system_health_phase6.TestSystemHealthEndpoints" name="test_system_profile_contains_health_fields" time="0.279" /><testcase classname="backend.tests.test_system_health_phase6.TestSystemHealthEndpoints" name="test_system_profile_contains_module_fields" time="0.276" /><testcase classname="backend.tests.test_system_health_phase6.TestSystemHealthEndpoints" name="test_system_consistency_returns_200" time="0.317" /><testcase classname="backend.tests.test_system_health_phase6.TestSystemHealthEndpoints" name="test_system_consistency_verifies_intake_data" time="0.272" /><testcase classname="backend.tests.test_system_health_phase6.TestSystemHealthEndpoints" name="test_system_consistency_verifies_track_assigned" time="0.272" /><testcase classname="backend.tests.test_system_health_phase6.TestSystemHealthEndpoints" name="test_system_consistency_verifies_engines_initialized" time="0.268" /><testcase classname="backend.tests.test_system_health_phase6.TestSystemHealthEndpoints" name="test_system_consistency_verifies_modules_unlocked" time="0.302" /><testcase classname="backend.tests.test_system_health_phase6.TestSystemHealthEndpoints" name="test_system_consistency_returns_detailed_report" time="0.262" /><testcase classname="backend.tests.test_system_health_phase6.TestSystemHealthEndpoints" name="test_sync_health_returns_200" time="0.272" /><testcase classname="backend.tests.test_system_health_phase6.TestSystemHealthEndpoints" name="test_sync_health_syncs_data" time="0.270" /><testcase classname="backend.tests.test_system_health_phase6.TestSystemHealthEndpoints" name="test_sync_health_updates_engine_health" time="0.269" /><testcase classname="backend.tests.test_system_health_phase6.TestSystemHealthEndpoints" name="test_sync_health_updates_module_health" time="0.267" /><testcase classname="backend.tests.test_system_health_phase6.TestSystemHealthEndpoints" name="test_system_export_returns_200" time="0.271" /><testcase classname="backend.tests.test_system_health_phase6.TestSystemHealthEndpoints" name="test_system_export_returns_user_data" time="0.271" /><testcase classname="backend.tests.test_system_health_phase6.TestSystemHealthEndpoints" name="test_system_export_includes_system_state" time="0.274" /><testcase classname="backend.tests.test_system_health_phase6.TestSystemHealthEndpoints" name="test_system_export_includes_engine_states" time="0.270" /><testcase classname="backend.tests.test_system_health_phase6.TestSystemHealthEndpoints" name="test_data_flow_intake_to_engines" time="0.286" /><testcase classname="backend.tests.test_system_health_phase6.TestSystemHealthEndpoints" name="test_data_flow_engines_to_modules" time="0.270" /><testcase classname="backend.tests.test_system_health_phase6.TestSystemHealthEndpoints" name="test_data_flow_modules_to_dashboard" time="0.277" /><testcase classname="backend.tests.test_system_health_phase6.TestSystemHealthEndpoints" name="test_full_data_consistency_flow" time="0.333" /><testcase classname="backend.tests.test_system_health_phase6.TestSystemHealthAuthentication" name="test_health_requires_auth" time="0.035" /><testcase classname="backend.tests.test_system_health_phase6.TestSystemHealthAuthentication" name="test_profile_requires_auth" time="0.033" /><testcase classname="backend.tests.test_system_health_phase6.TestSystemHealthAuthentication" name="test_consistency_requires_auth" time="0.036" /><testcase classname="backend.tests.test_system_health_phase6.TestSystemHealthAuthentication" name="test_sync_health_requires_auth" time="0.032" /><testcase classname="backend.tests.test_system_health_phase6.TestSystemHealthAuthentication" name="test_export_requires_auth" time="0.035" /></testsuite></testsuites>