<?xml version="1.0" encoding="utf-8"?><testsuites name="pytest tests"><testsuite name="pytest" errors="0" failures="0" skipped="0" tests="25" time="4.137" timestamp="2026-01-24T01:49:37.629021+00:00" hostname="agent-env-58862f02-e490-44d9-87e1-6c163e028ff9"><testcase classname="backend.tests.test_waitlist.TestPublicWaitlistEndpoints" name="test_get_waitlist_stats" time="0.059" /><testcase classname="backend.tests.test_waitlist.TestPublicWaitlistEndpoints" name="test_get_creator_types" time="0.035" /><testcase classname="backend.tests.test_waitlist.TestPublicWaitlistEndpoints" name="test_waitlist_signup_success" time="0.039" /><testcase classname="backend.tests.test_waitlist.TestPublicWaitlistEndpoints" name="test_waitlist_signup_validation_missing_email" time="0.037" /><testcase classname="backend.tests.test_waitlist.TestPublicWaitlistEndpoints" name="test_waitlist_signup_validation_missing_name" time="0.035" /><testcase classname="backend.tests.test_waitlist.TestPublicWaitlistEndpoints" name="test_waitlist_signup_validation_missing_creator_type" time="0.036" /><testcase classname="backend.tests.test_waitlist.TestPublicWaitlistEndpoints" name="test_waitlist_signup_duplicate_email" time="0.071" /><testcase classname="backend.tests.test_waitlist.TestPublicWaitlistEndpoints" name="test_get_position_by_email" time="0.109" /><testcase classname="backend.tests.test_waitlist.TestPublicWaitlistEndpoints" name="test_get_position_invalid_email" time="0.039" /><testcase classname="backend.tests.test_waitlist.TestPublicWaitlistEndpoints" name="test_get_leaderboard" time="0.035" /><testcase classname="backend.tests.test_waitlist.TestReferralSystem" name="test_referral_code_generated_on_signup" time="0.038" /><testcase classname="backend.tests.test_waitlist.TestReferralSystem" name="test_signup_with_referral_code_bonus" time="0.078" /><testcase classname="backend.tests.test_waitlist.TestReferralSystem" name="test_referrer_gets_points_when_referred" time="0.112" /><testcase classname="backend.tests.test_waitlist.TestReferralSystem" name="test_get_referral_stats" time="0.075" /><testcase classname="backend.tests.test_waitlist.TestAdminWaitlistEndpoints" name="test_admin_waitlist_stats" time="0.326" /><testcase classname="backend.tests.test_waitlist.TestAdminWaitlistEndpoints" name="test_admin_waitlist_stats_unauthorized" time="0.336" /><testcase classname="backend.tests.test_waitlist.TestAdminWaitlistEndpoints" name="test_admin_get_signups" time="0.306" /><testcase classname="backend.tests.test_waitlist.TestAdminWaitlistEndpoints" name="test_admin_get_signups_with_filters" time="0.361" /><testcase classname="backend.tests.test_waitlist.TestAdminWaitlistEndpoints" name="test_admin_get_signups_unauthorized" time="0.290" /><testcase classname="backend.tests.test_waitlist.TestAdminWaitlistEndpoints" name="test_admin_invite_users" time="0.336" /><testcase classname="backend.tests.test_waitlist.TestAdminWaitlistEndpoints" name="test_admin_invite_unauthorized" time="0.291" /><testcase classname="backend.tests.test_waitlist.TestAdminWaitlistEndpoints" name="test_admin_delete_signup" time="0.371" /><testcase classname="backend.tests.test_waitlist.TestAdminWaitlistEndpoints" name="test_admin_delete_unauthorized" time="0.296" /><testcase classname="backend.tests.test_waitlist.TestAdminWaitlistEndpoints" name="test_admin_delete_nonexistent" time="0.295" /><testcase classname="backend.tests.test_waitlist.TestInvalidEmailFormat" name="test_invalid_email_format" time="0.035" /></testsuite></testsuites>