<?xml version="1.0" encoding="utf-8"?><testsuites name="pytest tests"><testsuite name="pytest" errors="0" failures="3" skipped="0" tests="25" time="4.182" timestamp="2026-01-24T01:49:11.675178+00:00" hostname="agent-env-58862f02-e490-44d9-87e1-6c163e028ff9"><testcase classname="backend.tests.test_waitlist.TestPublicWaitlistEndpoints" name="test_get_waitlist_stats" time="0.077" /><testcase classname="backend.tests.test_waitlist.TestPublicWaitlistEndpoints" name="test_get_creator_types" time="0.039" /><testcase classname="backend.tests.test_waitlist.TestPublicWaitlistEndpoints" name="test_waitlist_signup_success" time="0.042" /><testcase classname="backend.tests.test_waitlist.TestPublicWaitlistEndpoints" name="test_waitlist_signup_validation_missing_email" time="0.038" /><testcase classname="backend.tests.test_waitlist.TestPublicWaitlistEndpoints" name="test_waitlist_signup_validation_missing_name" time="0.040" /><testcase classname="backend.tests.test_waitlist.TestPublicWaitlistEndpoints" name="test_waitlist_signup_validation_missing_creator_type" time="0.036" /><testcase classname="backend.tests.test_waitlist.TestPublicWaitlistEndpoints" name="test_waitlist_signup_duplicate_email" time="0.075" /><testcase classname="backend.tests.test_waitlist.TestPublicWaitlistEndpoints" name="test_get_position_by_email" time="0.067" /><testcase classname="backend.tests.test_waitlist.TestPublicWaitlistEndpoints" name="test_get_position_invalid_email" time="0.040"><failure message="assert 404 == 200&#10; +  where 404 = &lt;Response [404]&gt;.status_code">backend/tests/test_waitlist.py:200: in test_get_position_invalid_email
    assert response.status_code == 200
E   assert 404 == 200
E    +  where 404 = &lt;Response [404]&gt;.status_code</failure></testcase><testcase classname="backend.tests.test_waitlist.TestPublicWaitlistEndpoints" name="test_get_leaderboard" time="0.046" /><testcase classname="backend.tests.test_waitlist.TestReferralSystem" name="test_referral_code_generated_on_signup" time="0.037" /><testcase classname="backend.tests.test_waitlist.TestReferralSystem" name="test_signup_with_referral_code_bonus" time="0.078" /><testcase classname="backend.tests.test_waitlist.TestReferralSystem" name="test_referrer_gets_points_when_referred" time="0.102" /><testcase classname="backend.tests.test_waitlist.TestReferralSystem" name="test_get_referral_stats" time="0.109" /><testcase classname="backend.tests.test_waitlist.TestAdminWaitlistEndpoints" name="test_admin_waitlist_stats" time="0.320" /><testcase classname="backend.tests.test_waitlist.TestAdminWaitlistEndpoints" name="test_admin_waitlist_stats_unauthorized" time="0.292" /><testcase classname="backend.tests.test_waitlist.TestAdminWaitlistEndpoints" name="test_admin_get_signups" time="0.295" /><testcase classname="backend.tests.test_waitlist.TestAdminWaitlistEndpoints" name="test_admin_get_signups_with_filters" time="0.365" /><testcase classname="backend.tests.test_waitlist.TestAdminWaitlistEndpoints" name="test_admin_get_signups_unauthorized" time="0.294" /><testcase classname="backend.tests.test_waitlist.TestAdminWaitlistEndpoints" name="test_admin_invite_users" time="0.335" /><testcase classname="backend.tests.test_waitlist.TestAdminWaitlistEndpoints" name="test_admin_invite_unauthorized" time="0.289" /><testcase classname="backend.tests.test_waitlist.TestAdminWaitlistEndpoints" name="test_admin_delete_signup" time="0.366"><failure message="AssertionError: assert 'error' in {'detail': 'Email not found on waitlist'}&#10; +  where {'detail': 'Email not found on waitlist'} = json()&#10; +    where json = &lt;Response [404]&gt;.json">backend/tests/test_waitlist.py:500: in test_admin_delete_signup
    assert "error" in position_response.json()
E   AssertionError: assert 'error' in {'detail': 'Email not found on waitlist'}
E    +  where {'detail': 'Email not found on waitlist'} = json()
E    +    where json = &lt;Response [404]&gt;.json</failure></testcase><testcase classname="backend.tests.test_waitlist.TestAdminWaitlistEndpoints" name="test_admin_delete_unauthorized" time="0.299" /><testcase classname="backend.tests.test_waitlist.TestAdminWaitlistEndpoints" name="test_admin_delete_nonexistent" time="0.295"><failure message="assert 404 == 200&#10; +  where 404 = &lt;Response [404]&gt;.status_code">backend/tests/test_waitlist.py:517: in test_admin_delete_nonexistent
    assert response.status_code == 200
E   assert 404 == 200
E    +  where 404 = &lt;Response [404]&gt;.status_code</failure></testcase><testcase classname="backend.tests.test_waitlist.TestInvalidEmailFormat" name="test_invalid_email_format" time="0.033" /></testsuite></testsuites>