<?xml version="1.0" encoding="utf-8"?><testsuites name="pytest tests"><testsuite name="pytest" errors="0" failures="9" skipped="0" tests="34" time="18.726" timestamp="2026-01-25T16:11:14.239738+00:00" hostname="agent-env-9c078b98-840d-47a2-ae72-18e2b45439f1"><testcase classname="tests.test_webhooks_and_creator_dashboard.TestCreatorLogin" name="test_free_tier_login" time="0.337" /><testcase classname="tests.test_webhooks_and_creator_dashboard.TestCreatorLogin" name="test_pro_tier_login" time="0.263" /><testcase classname="tests.test_webhooks_and_creator_dashboard.TestCreatorLogin" name="test_elite_tier_login" time="0.259" /><testcase classname="tests.test_webhooks_and_creator_dashboard.TestStripeWebhook" name="test_stripe_webhook_accepts_post" time="0.039" /><testcase classname="tests.test_webhooks_and_creator_dashboard.TestStripeWebhook" name="test_stripe_webhook_without_signature" time="0.073" /><testcase classname="tests.test_webhooks_and_creator_dashboard.TestSendGridWebhook" name="test_sendgrid_webhook_accepts_post" time="0.046" /><testcase classname="tests.test_webhooks_and_creator_dashboard.TestSendGridWebhook" name="test_sendgrid_webhook_bounce_event" time="0.048" /><testcase classname="tests.test_webhooks_and_creator_dashboard.TestSendGridWebhook" name="test_sendgrid_webhook_open_event" time="0.037" /><testcase classname="tests.test_webhooks_and_creator_dashboard.TestSendGridWebhook" name="test_sendgrid_webhook_multiple_events" time="0.038" /><testcase classname="tests.test_webhooks_and_creator_dashboard.TestSendGridWebhook" name="test_sendgrid_webhook_idempotency" time="0.075" /><testcase classname="tests.test_webhooks_and_creator_dashboard.TestInternalSubscriptionLifecycle" name="test_check_expiring_subscriptions" time="0.037" /><testcase classname="tests.test_webhooks_and_creator_dashboard.TestInternalSubscriptionLifecycle" name="test_expire_overdue_subscriptions" time="0.042" /><testcase classname="tests.test_webhooks_and_creator_dashboard.TestInternalSubscriptionLifecycle" name="test_unknown_action" time="0.034" /><testcase classname="tests.test_webhooks_and_creator_dashboard.TestCreatorDashboardRoutes" name="test_get_current_creator_profile_free" time="0.808"><failure message="AssertionError: Get profile failed: {&quot;detail&quot;:&quot;Could not validate credentials&quot;}&#10;assert 401 == 200&#10; +  where 401 = &lt;Response [401]&gt;.status_code">tests/test_webhooks_and_creator_dashboard.py:295: in test_get_current_creator_profile_free
    assert response.status_code == 200, f"Get profile failed: {response.text}"
E   AssertionError: Get profile failed: {"detail":"Could not validate credentials"}
E   assert 401 == 200
E    +  where 401 = &lt;Response [401]&gt;.status_code</failure></testcase><testcase classname="tests.test_webhooks_and_creator_dashboard.TestCreatorDashboardRoutes" name="test_get_current_creator_profile_pro" time="0.802"><failure message="AssertionError: Get profile failed: {&quot;detail&quot;:&quot;Could not validate credentials&quot;}&#10;assert 401 == 200&#10; +  where 401 = &lt;Response [401]&gt;.status_code">tests/test_webhooks_and_creator_dashboard.py:309: in test_get_current_creator_profile_pro
    assert response.status_code == 200, f"Get profile failed: {response.text}"
E   AssertionError: Get profile failed: {"detail":"Could not validate credentials"}
E   assert 401 == 200
E    +  where 401 = &lt;Response [401]&gt;.status_code</failure></testcase><testcase classname="tests.test_webhooks_and_creator_dashboard.TestCreatorDashboardRoutes" name="test_get_current_creator_profile_unauthorized" time="0.814" /><testcase classname="tests.test_webhooks_and_creator_dashboard.TestCreatorDashboardRoutes" name="test_get_my_proposals" time="0.810" /><testcase classname="tests.test_webhooks_and_creator_dashboard.TestCreatorDashboardRoutes" name="test_get_my_proposals_with_status_filter" time="0.824" /><testcase classname="tests.test_webhooks_and_creator_dashboard.TestCreatorDashboardRoutes" name="test_get_creator_dashboard" time="0.848" /><testcase classname="tests.test_webhooks_and_creator_dashboard.TestCreatorDashboardRoutes" name="test_advanced_dashboard_free_tier_blocked" time="0.810" /><testcase classname="tests.test_webhooks_and_creator_dashboard.TestCreatorDashboardRoutes" name="test_advanced_dashboard_pro_tier_allowed" time="0.822" /><testcase classname="tests.test_webhooks_and_creator_dashboard.TestCreatorDashboardRoutes" name="test_advanced_dashboard_elite_tier_allowed" time="0.818" /><testcase classname="tests.test_webhooks_and_creator_dashboard.TestCreatorDashboardRoutes" name="test_premium_analytics_free_tier_blocked" time="0.814" /><testcase classname="tests.test_webhooks_and_creator_dashboard.TestCreatorDashboardRoutes" name="test_premium_analytics_elite_tier_allowed" time="0.820"><failure message="AssertionError: assert ('velocity' in {'analytics_tier': 'premium', 'arris_analytics': {'category_breakdown': [{'category': 'Proposal', 'count': 1}, {'category': 'Automation', 'count': 1}], 'insights_generated': 0, 'processing_times': {'average': 0, 'max': 0, 'min': 0, 'total_saved': 0}, 'success_rate': 100.0, ...}, 'comparative_analytics': {'approval_rate_diff': -31.7, 'avg_proposals_per_creator': 3.4, 'percentile_rank': 25, 'platform_approval_rate': 31.7, ...}, 'date_range': '30d', ...} or 'tier' in {'analytics_tier': 'premium', 'arris_analytics': {'category_breakdown': [{'category': 'Proposal', 'count': 1}, {'category': 'Automation', 'count': 1}], 'insights_generated': 0, 'processing_times': {'average': 0, 'max': 0, 'min': 0, 'total_saved': 0}, 'success_rate': 100.0, ...}, 'comparative_analytics': {'approval_rate_diff': -31.7, 'avg_proposals_per_creator': 3.4, 'percentile_rank': 25, 'platform_approval_rate': 31.7, ...}, 'date_range': '30d', ...})">tests/test_webhooks_and_creator_dashboard.py:421: in test_premium_analytics_elite_tier_allowed
    assert "velocity" in data or "tier" in data
E   AssertionError: assert ('velocity' in {'analytics_tier': 'premium', 'arris_analytics': {'category_breakdown': [{'category': 'Proposal', 'count': 1}, {'category': 'Automation', 'count': 1}], 'insights_generated': 0, 'processing_times': {'average': 0, 'max': 0, 'min': 0, 'total_saved': 0}, 'success_rate': 100.0, ...}, 'comparative_analytics': {'approval_rate_diff': -31.7, 'avg_proposals_per_creator': 3.4, 'percentile_rank': 25, 'platform_approval_rate': 31.7, ...}, 'date_range': '30d', ...} or 'tier' in {'analytics_tier': 'premium', 'arris_analytics': {'category_breakdown': [{'category': 'Proposal', 'count': 1}, {'category': 'Automation', 'count': 1}], 'insights_generated': 0, 'processing_times': {'average': 0, 'max': 0, 'min': 0, 'total_saved': 0}, 'success_rate': 100.0, ...}, 'comparative_analytics': {'approval_rate_diff': -31.7, 'avg_proposals_per_creator': 3.4, 'percentile_rank': 25, 'platform_approval_rate': 31.7, ...}, 'date_range': '30d', ...})</failure></testcase><testcase classname="tests.test_webhooks_and_creator_dashboard.TestCreatorDashboardRoutes" name="test_pattern_trends_free_tier_blocked" time="0.846"><failure message="AssertionError: Expected 403 for free tier, got: 200&#10;assert 200 == 403&#10; +  where 200 = &lt;Response [200]&gt;.status_code">tests/test_webhooks_and_creator_dashboard.py:432: in test_pattern_trends_free_tier_blocked
    assert response.status_code == 403, f"Expected 403 for free tier, got: {response.status_code}"
E   AssertionError: Expected 403 for free tier, got: 200
E   assert 200 == 403
E    +  where 200 = &lt;Response [200]&gt;.status_code</failure></testcase><testcase classname="tests.test_webhooks_and_creator_dashboard.TestCreatorDashboardRoutes" name="test_pattern_trends_pro_tier_allowed" time="0.800"><failure message="AssertionError: assert ('patterns' in {'access_denied': False, 'period_days': 30, 'trends': {}} or 'message' in {'access_denied': False, 'period_days': 30, 'trends': {}})">tests/test_webhooks_and_creator_dashboard.py:444: in test_pattern_trends_pro_tier_allowed
    assert "patterns" in data or "message" in data
E   AssertionError: assert ('patterns' in {'access_denied': False, 'period_days': 30, 'trends': {}} or 'message' in {'access_denied': False, 'period_days': 30, 'trends': {}})</failure></testcase><testcase classname="tests.test_webhooks_and_creator_dashboard.TestCreatorDashboardRoutes" name="test_predictive_alerts" time="0.807" /><testcase classname="tests.test_webhooks_and_creator_dashboard.TestCreatorDashboardRoutes" name="test_health_score" time="0.892"><failure message="AssertionError: assert ('score' in {'access_denied': False, 'achievements': [], 'calculated_at': '2026-01-25T16:11:28.031705+00:00', 'components': {'arris_utilization': {'description': 'How well you leverage ARRIS insights', 'icon': '#x1F9E0', 'label': 'ARRIS Utilization', 'metrics': {'proposals_with_arris': 0, 'total_arris_uses': 0, 'total_proposals': 0, 'utilization_rate': 0}, ...}, 'consistency': {'description': 'Regular activity and proposal submissions', 'icon': '#x1F4C8', 'label': 'Consistency', 'metrics': {'avg_gap_days': None, 'current_streak': 0, 'weeks_active': 0}, ...}, 'engagement': {'description': 'How actively you interact with the platform', 'icon': '#x1F3AF', 'label': 'Engagement', 'metrics': {'arris_interactions': 0, 'days_since_last_activity': 30, 'recent_proposals': 0}, ...}, 'profile_completeness': {'description': 'How complete your creator profile is', 'icon': '✨', 'label': 'Profile Completeness', 'metrics': {'completed_fields': 5, 'completeness_rate': 0.62, 'missing_fields': ['profile_image', 'social_links', 'bio'], 'total_fields': 8}, ...}, ...}, ...} or 'message' in {'access_denied': False, 'achievements': [], 'calculated_at': '2026-01-25T16:11:28.031705+00:00', 'components': {'arris_utilization': {'description': 'How well you leverage ARRIS insights', 'icon': '#x1F9E0', 'label': 'ARRIS Utilization', 'metrics': {'proposals_with_arris': 0, 'total_arris_uses': 0, 'total_proposals': 0, 'utilization_rate': 0}, ...}, 'consistency': {'description': 'Regular activity and proposal submissions', 'icon': '#x1F4C8', 'label': 'Consistency', 'metrics': {'avg_gap_days': None, 'current_streak': 0, 'weeks_active': 0}, ...}, 'engagement': {'description': 'How actively you interact with the platform', 'icon': '#x1F3AF', 'label': 'Engagement', 'metrics': {'arris_interactions': 0, 'days_since_last_activity': 30, 'recent_proposals': 0}, ...}, 'profile_completeness': {'description': 'How complete your creator profile is', 'icon': '✨', 'label': 'Profile Completeness', 'metrics': {'completed_fields': 5, 'completeness_rate': 0.62, 'missing_fields': ['profile_image', 'social_links', 'bio'], 'total_fields': 8}, ...}, ...}, ...})">tests/test_webhooks_and_creator_dashboard.py:470: in test_health_score
    assert "score" in data or "message" in data
E   AssertionError: assert ('score' in {'access_denied': False, 'achievements': [], 'calculated_at': '2026-01-25T16:11:28.031705+00:00', 'components': {'arris_utilization': {'description': 'How well you leverage ARRIS insights', 'icon': '#x1F9E0', 'label': 'ARRIS Utilization', 'metrics': {'proposals_with_arris': 0, 'total_arris_uses': 0, 'total_proposals': 0, 'utilization_rate': 0}, ...}, 'consistency': {'description': 'Regular activity and proposal submissions', 'icon': '#x1F4C8', 'label': 'Consistency', 'metrics': {'avg_gap_days': None, 'current_streak': 0, 'weeks_active': 0}, ...}, 'engagement': {'description': 'How actively you interact with the platform', 'icon': '#x1F3AF', 'label': 'Engagement', 'metrics': {'arris_interactions': 0, 'days_since_last_activity': 30, 'recent_proposals': 0}, ...}, 'profile_completeness': {'description': 'How complete your creator profile is', 'icon': '✨', 'label': 'Profile Completeness', 'metrics': {'completed_fields': 5, 'completeness_rate': 0.62, 'missing_fields': ['profile_image', 'social_links', 'bio'], 'total_fields': 8}, ...}, ...}, ...} or 'message' in {'access_denied': False, 'achievements': [], 'calculated_at': '2026-01-25T16:11:28.031705+00:00', 'components': {'arris_utilization': {'description': 'How well you leverage ARRIS insights', 'icon': '#x1F9E0', 'label': 'ARRIS Utilization', 'metrics': {'proposals_with_arris': 0, 'total_arris_uses': 0, 'total_proposals': 0, 'utilization_rate': 0}, ...}, 'consistency': {'description': 'Regular activity and proposal submissions', 'icon': '#x1F4C8', 'label': 'Consistency', 'metrics': {'avg_gap_days': None, 'current_streak': 0, 'weeks_active': 0}, ...}, 'engagement': {'description': 'How actively you interact with the platform', 'icon': '#x1F3AF', 'label': 'Engagement', 'metrics': {'arris_interactions': 0, 'days_since_last_activity': 30, 'recent_proposals': 0}, ...}, 'profile_completeness': {'description': 'How complete your creator profile is', 'icon': '✨', 'label': 'Profile Completeness', 'metrics': {'completed_fields': 5, 'completeness_rate': 0.62, 'missing_fields': ['profile_image', 'social_links', 'bio'], 'total_fields': 8}, ...}, ...}, ...})</failure></testcase><testcase classname="tests.test_webhooks_and_creator_dashboard.TestCreatorDashboardRoutes" name="test_health_score_history" time="0.806" /><testcase classname="tests.test_webhooks_and_creator_dashboard.TestCreatorDashboardRoutes" name="test_alert_preferences" time="0.803"><failure message="AssertionError: assert ('email_notifications' in {'categories': {'arris': True, 'performance': True, 'platform': False, 'risk': True, ...}, 'creator_id': 'CREATOR-TEST-PRO-001', 'enabled': True, 'priorities': {'high': True, 'low': False, 'medium': True, 'urgent': True}, ...} or 'in_app_notifications' in {'categories': {'arris': True, 'performance': True, 'platform': False, 'risk': True, ...}, 'creator_id': 'CREATOR-TEST-PRO-001', 'enabled': True, 'priorities': {'high': True, 'low': False, 'medium': True, 'urgent': True}, ...})">tests/test_webhooks_and_creator_dashboard.py:496: in test_alert_preferences
    assert "email_notifications" in data or "in_app_notifications" in data
E   AssertionError: assert ('email_notifications' in {'categories': {'arris': True, 'performance': True, 'platform': False, 'risk': True, ...}, 'creator_id': 'CREATOR-TEST-PRO-001', 'enabled': True, 'priorities': {'high': True, 'low': False, 'medium': True, 'urgent': True}, ...} or 'in_app_notifications' in {'categories': {'arris': True, 'performance': True, 'platform': False, 'risk': True, ...}, 'creator_id': 'CREATOR-TEST-PRO-001', 'enabled': True, 'priorities': {'high': True, 'low': False, 'medium': True, 'urgent': True}, ...})</failure></testcase><testcase classname="tests.test_webhooks_and_creator_dashboard.TestCreatorDashboardRoutes" name="test_update_alert_preferences" time="0.830" /><testcase classname="tests.test_webhooks_and_creator_dashboard.TestCreatorDashboardRoutes" name="test_cross_insights_free_tier_blocked" time="0.809"><failure message="AssertionError: Expected 403 for free tier, got: 200&#10;assert 200 == 403&#10; +  where 200 = &lt;Response [200]&gt;.status_code">tests/test_webhooks_and_creator_dashboard.py:528: in test_cross_insights_free_tier_blocked
    assert response.status_code == 403, f"Expected 403 for free tier, got: {response.status_code}"
E   AssertionError: Expected 403 for free tier, got: 200
E   assert 200 == 403
E    +  where 200 = &lt;Response [200]&gt;.status_code</failure></testcase><testcase classname="tests.test_webhooks_and_creator_dashboard.TestCreatorDashboardRoutes" name="test_cross_insights_pro_tier_allowed" time="0.842"><failure message="AssertionError: assert ('niche' in {'insights': [], 'limited': True, 'message': 'Cross-creator insights require Premium plan or higher', 'upgrade_url': '/creator/subscription'} or 'your_proposals' in {'insights': [], 'limited': True, 'message': 'Cross-creator insights require Premium plan or higher', 'upgrade_url': '/creator/subscription'})">tests/test_webhooks_and_creator_dashboard.py:540: in test_cross_insights_pro_tier_allowed
    assert "niche" in data or "your_proposals" in data
E   AssertionError: assert ('niche' in {'insights': [], 'limited': True, 'message': 'Cross-creator insights require Premium plan or higher', 'upgrade_url': '/creator/subscription'} or 'your_proposals' in {'insights': [], 'limited': True, 'message': 'Cross-creator insights require Premium plan or higher', 'upgrade_url': '/creator/subscription'})</failure></testcase><testcase classname="tests.test_webhooks_and_creator_dashboard.TestCreatorDashboardRoutes" name="test_health_leaderboard" time="0.811" /></testsuite></testsuites>