<?xml version="1.0" encoding="utf-8"?><testsuites name="pytest tests"><testsuite name="pytest" errors="0" failures="0" skipped="0" tests="14" time="12.345" timestamp="2026-01-19T22:57:49.723829+00:00" hostname="agent-env-5a5f44fc-da03-41dc-bcf2-86b70a12181e"><testcase classname="tests.test_webhooks.TestWebhookAPIs" name="test_get_webhook_events" time="0.325" /><testcase classname="tests.test_webhooks.TestWebhookAPIs" name="test_get_webhook_events_filter_by_type" time="0.311" /><testcase classname="tests.test_webhooks.TestWebhookAPIs" name="test_get_webhook_events_filter_by_status" time="0.290" /><testcase classname="tests.test_webhooks.TestWebhookAPIs" name="test_get_webhook_events_unauthorized" time="0.300" /><testcase classname="tests.test_webhooks.TestWebhookAPIs" name="test_get_automation_rules" time="0.273" /><testcase classname="tests.test_webhooks.TestWebhookAPIs" name="test_automation_rules_have_correct_event_types" time="0.275" /><testcase classname="tests.test_webhooks.TestWebhookAPIs" name="test_toggle_automation_rule" time="0.351" /><testcase classname="tests.test_webhooks.TestWebhookAPIs" name="test_get_webhook_stats" time="0.286" /><testcase classname="tests.test_webhooks.TestWebhookAPIs" name="test_trigger_test_webhook" time="2.274" /><testcase classname="tests.test_webhooks.TestWebhookAPIs" name="test_creator_registration_triggers_webhook" time="2.330" /><testcase classname="tests.test_webhooks.TestWebhookAPIs" name="test_get_single_webhook_event" time="0.343" /><testcase classname="tests.test_webhooks.TestWebhookAPIs" name="test_get_nonexistent_event_returns_404" time="0.308" /><testcase classname="tests.test_webhooks.TestWebhookActionsExecution" name="test_log_event_action_creates_audit_entry" time="2.281" /><testcase classname="tests.test_webhooks.TestWebhookActionsExecution" name="test_update_arris_memory_action" time="2.282" /></testsuite></testsuites>