<?xml version="1.0" encoding="utf-8"?><testsuites name="pytest tests"><testsuite name="pytest" errors="0" failures="0" skipped="0" tests="34" time="18.761" timestamp="2026-01-25T16:21:43.962631+00:00" hostname="agent-env-9c078b98-840d-47a2-ae72-18e2b45439f1"><testcase classname="tests.test_webhooks_and_creator_dashboard.TestCreatorLogin" name="test_free_tier_login" time="0.326" /><testcase classname="tests.test_webhooks_and_creator_dashboard.TestCreatorLogin" name="test_pro_tier_login" time="0.263" /><testcase classname="tests.test_webhooks_and_creator_dashboard.TestCreatorLogin" name="test_elite_tier_login" time="0.266" /><testcase classname="tests.test_webhooks_and_creator_dashboard.TestStripeWebhook" name="test_stripe_webhook_accepts_post" time="0.037" /><testcase classname="tests.test_webhooks_and_creator_dashboard.TestStripeWebhook" name="test_stripe_webhook_without_signature" time="0.043" /><testcase classname="tests.test_webhooks_and_creator_dashboard.TestSendGridWebhook" name="test_sendgrid_webhook_accepts_post" time="0.041" /><testcase classname="tests.test_webhooks_and_creator_dashboard.TestSendGridWebhook" name="test_sendgrid_webhook_bounce_event" time="0.041" /><testcase classname="tests.test_webhooks_and_creator_dashboard.TestSendGridWebhook" name="test_sendgrid_webhook_open_event" time="0.058" /><testcase classname="tests.test_webhooks_and_creator_dashboard.TestSendGridWebhook" name="test_sendgrid_webhook_multiple_events" time="0.037" /><testcase classname="tests.test_webhooks_and_creator_dashboard.TestSendGridWebhook" name="test_sendgrid_webhook_idempotency" time="0.077" /><testcase classname="tests.test_webhooks_and_creator_dashboard.TestInternalSubscriptionLifecycle" name="test_check_expiring_subscriptions" time="0.036" /><testcase classname="tests.test_webhooks_and_creator_dashboard.TestInternalSubscriptionLifecycle" name="test_expire_overdue_subscriptions" time="0.034" /><testcase classname="tests.test_webhooks_and_creator_dashboard.TestInternalSubscriptionLifecycle" name="test_unknown_action" time="0.038" /><testcase classname="tests.test_webhooks_and_creator_dashboard.TestCreatorDashboardRoutes" name="test_get_current_creator_profile_free" time="0.848" /><testcase classname="tests.test_webhooks_and_creator_dashboard.TestCreatorDashboardRoutes" name="test_get_current_creator_profile_pro" time="0.812" /><testcase classname="tests.test_webhooks_and_creator_dashboard.TestCreatorDashboardRoutes" name="test_get_current_creator_profile_unauthorized" time="0.812" /><testcase classname="tests.test_webhooks_and_creator_dashboard.TestCreatorDashboardRoutes" name="test_get_my_proposals" time="0.803" /><testcase classname="tests.test_webhooks_and_creator_dashboard.TestCreatorDashboardRoutes" name="test_get_my_proposals_with_status_filter" time="0.825" /><testcase classname="tests.test_webhooks_and_creator_dashboard.TestCreatorDashboardRoutes" name="test_get_creator_dashboard" time="0.811" /><testcase classname="tests.test_webhooks_and_creator_dashboard.TestCreatorDashboardRoutes" name="test_advanced_dashboard_free_tier_blocked" time="0.812" /><testcase classname="tests.test_webhooks_and_creator_dashboard.TestCreatorDashboardRoutes" name="test_advanced_dashboard_pro_tier_allowed" time="0.828" /><testcase classname="tests.test_webhooks_and_creator_dashboard.TestCreatorDashboardRoutes" name="test_advanced_dashboard_elite_tier_allowed" time="0.855" /><testcase classname="tests.test_webhooks_and_creator_dashboard.TestCreatorDashboardRoutes" name="test_premium_analytics_free_tier_blocked" time="0.818" /><testcase classname="tests.test_webhooks_and_creator_dashboard.TestCreatorDashboardRoutes" name="test_premium_analytics_elite_tier_allowed" time="0.838" /><testcase classname="tests.test_webhooks_and_creator_dashboard.TestCreatorDashboardRoutes" name="test_pattern_trends_free_tier_blocked" time="0.812" /><testcase classname="tests.test_webhooks_and_creator_dashboard.TestCreatorDashboardRoutes" name="test_pattern_trends_pro_tier_allowed" time="0.805" /><testcase classname="tests.test_webhooks_and_creator_dashboard.TestCreatorDashboardRoutes" name="test_predictive_alerts" time="0.842" /><testcase classname="tests.test_webhooks_and_creator_dashboard.TestCreatorDashboardRoutes" name="test_health_score" time="0.852" /><testcase classname="tests.test_webhooks_and_creator_dashboard.TestCreatorDashboardRoutes" name="test_health_score_history" time="0.811" /><testcase classname="tests.test_webhooks_and_creator_dashboard.TestCreatorDashboardRoutes" name="test_alert_preferences" time="0.800" /><testcase classname="tests.test_webhooks_and_creator_dashboard.TestCreatorDashboardRoutes" name="test_update_alert_preferences" time="0.874" /><testcase classname="tests.test_webhooks_and_creator_dashboard.TestCreatorDashboardRoutes" name="test_cross_insights_free_tier_blocked" time="0.797" /><testcase classname="tests.test_webhooks_and_creator_dashboard.TestCreatorDashboardRoutes" name="test_cross_insights_pro_tier_allowed" time="0.848" /><testcase classname="tests.test_webhooks_and_creator_dashboard.TestCreatorDashboardRoutes" name="test_health_leaderboard" time="0.858" /></testsuite></testsuites>